[0.166s] DEBUG:colcon:Command line arguments: ['/usr/bin/colcon', 'build']
[0.167s] DEBUG:colcon:Parsed command line arguments: Namespace(log_base=None, log_level=None, verb_name='build', build_base='build', install_base='install', merge_install=False, symlink_install=False, test_result_base=None, continue_on_error=False, executor='parallel', parallel_workers=12, event_handlers=None, ignore_user_meta=False, metas=['./colcon.meta'], base_paths=['.'], packages_ignore=None, packages_ignore_regex=None, paths=None, packages_up_to=None, packages_up_to_regex=None, packages_above=None, packages_above_and_dependencies=None, packages_above_depth=None, packages_select_by_dep=None, packages_skip_by_dep=None, packages_skip_up_to=None, packages_select_build_failed=False, packages_skip_build_finished=False, packages_select_test_failures=False, packages_skip_test_passed=False, packages_select=None, packages_skip=None, packages_select_regex=None, packages_skip_regex=None, packages_start=None, packages_end=None, cmake_args=None, cmake_target=None, cmake_target_skip_unavailable=False, cmake_clean_cache=False, cmake_clean_first=False, cmake_force_configure=False, ament_cmake_args=None, catkin_cmake_args=None, catkin_skip_building_tests=False, mixin_files=None, mixin=None, verb_parser=<colcon_mixin.mixin.mixin_argument.MixinArgumentDecorator object at 0x767ace644700>, verb_extension=<colcon_core.verb.build.BuildVerb object at 0x767ace644130>, main=<bound method BuildVerb.main of <colcon_core.verb.build.BuildVerb object at 0x767ace644130>>, mixin_verb=('build',))
[0.376s] Level 1:colcon.colcon_core.package_discovery:discover_packages(colcon_meta) check parameters
[0.376s] Level 1:colcon.colcon_core.package_discovery:discover_packages(recursive) check parameters
[0.376s] Level 1:colcon.colcon_core.package_discovery:discover_packages(ignore) check parameters
[0.376s] Level 1:colcon.colcon_core.package_discovery:discover_packages(path) check parameters
[0.376s] Level 1:colcon.colcon_core.package_discovery:discover_packages(colcon_meta) discover
[0.377s] Level 1:colcon.colcon_core.package_discovery:discover_packages(recursive) discover
[0.377s] INFO:colcon.colcon_core.package_discovery:Crawling recursively for packages in '/home/ws'
[0.377s] Level 1:colcon.colcon_core.package_identification:_identify(.) by extensions ['ignore', 'ignore_ament_install']
[0.378s] Level 1:colcon.colcon_core.package_identification:_identify(.) by extension 'ignore'
[0.378s] Level 1:colcon.colcon_core.package_identification:_identify(.) by extension 'ignore_ament_install'
[0.378s] Level 1:colcon.colcon_core.package_identification:_identify(.) by extensions ['colcon_pkg']
[0.378s] Level 1:colcon.colcon_core.package_identification:_identify(.) by extension 'colcon_pkg'
[0.378s] Level 1:colcon.colcon_core.package_identification:_identify(.) by extensions ['colcon_meta']
[0.378s] Level 1:colcon.colcon_core.package_identification:_identify(.) by extension 'colcon_meta'
[0.378s] Level 1:colcon.colcon_core.package_identification:_identify(.) by extensions ['ros']
[0.378s] Level 1:colcon.colcon_core.package_identification:_identify(.) by extension 'ros'
[0.394s] Level 1:colcon.colcon_core.package_identification:_identify(.) by extensions ['cmake', 'python']
[0.394s] Level 1:colcon.colcon_core.package_identification:_identify(.) by extension 'cmake'
[0.394s] Level 1:colcon.colcon_core.package_identification:_identify(.) by extension 'python'
[0.394s] Level 1:colcon.colcon_core.package_identification:_identify(.) by extensions ['python_setup_py']
[0.394s] Level 1:colcon.colcon_core.package_identification:_identify(.) by extension 'python_setup_py'
[0.395s] Level 1:colcon.colcon_core.package_identification:_identify(_resources) by extensions ['ignore', 'ignore_ament_install']
[0.395s] Level 1:colcon.colcon_core.package_identification:_identify(_resources) by extension 'ignore'
[0.395s] Level 1:colcon.colcon_core.package_identification:_identify(_resources) by extension 'ignore_ament_install'
[0.395s] Level 1:colcon.colcon_core.package_identification:_identify(_resources) by extensions ['colcon_pkg']
[0.395s] Level 1:colcon.colcon_core.package_identification:_identify(_resources) by extension 'colcon_pkg'
[0.395s] Level 1:colcon.colcon_core.package_identification:_identify(_resources) by extensions ['colcon_meta']
[0.395s] Level 1:colcon.colcon_core.package_identification:_identify(_resources) by extension 'colcon_meta'
[0.395s] Level 1:colcon.colcon_core.package_identification:_identify(_resources) by extensions ['ros']
[0.395s] Level 1:colcon.colcon_core.package_identification:_identify(_resources) by extension 'ros'
[0.395s] Level 1:colcon.colcon_core.package_identification:_identify(_resources) by extensions ['cmake', 'python']
[0.395s] Level 1:colcon.colcon_core.package_identification:_identify(_resources) by extension 'cmake'
[0.395s] Level 1:colcon.colcon_core.package_identification:_identify(_resources) by extension 'python'
[0.395s] Level 1:colcon.colcon_core.package_identification:_identify(_resources) by extensions ['python_setup_py']
[0.396s] Level 1:colcon.colcon_core.package_identification:_identify(_resources) by extension 'python_setup_py'
[0.396s] Level 1:colcon.colcon_core.package_identification:_identify(build) by extensions ['ignore', 'ignore_ament_install']
[0.396s] Level 1:colcon.colcon_core.package_identification:_identify(build) by extension 'ignore'
[0.396s] Level 1:colcon.colcon_core.package_identification:_identify(build) ignored
[0.396s] Level 1:colcon.colcon_core.package_identification:_identify(install) by extensions ['ignore', 'ignore_ament_install']
[0.396s] Level 1:colcon.colcon_core.package_identification:_identify(install) by extension 'ignore'
[0.396s] Level 1:colcon.colcon_core.package_identification:_identify(install) ignored
[0.396s] Level 1:colcon.colcon_core.package_identification:_identify(log) by extensions ['ignore', 'ignore_ament_install']
[0.396s] Level 1:colcon.colcon_core.package_identification:_identify(log) by extension 'ignore'
[0.396s] Level 1:colcon.colcon_core.package_identification:_identify(log) ignored
[0.397s] Level 1:colcon.colcon_core.package_identification:_identify(src) by extensions ['ignore', 'ignore_ament_install']
[0.397s] Level 1:colcon.colcon_core.package_identification:_identify(src) by extension 'ignore'
[0.397s] Level 1:colcon.colcon_core.package_identification:_identify(src) by extension 'ignore_ament_install'
[0.397s] Level 1:colcon.colcon_core.package_identification:_identify(src) by extensions ['colcon_pkg']
[0.397s] Level 1:colcon.colcon_core.package_identification:_identify(src) by extension 'colcon_pkg'
[0.397s] Level 1:colcon.colcon_core.package_identification:_identify(src) by extensions ['colcon_meta']
[0.397s] Level 1:colcon.colcon_core.package_identification:_identify(src) by extension 'colcon_meta'
[0.397s] Level 1:colcon.colcon_core.package_identification:_identify(src) by extensions ['ros']
[0.397s] Level 1:colcon.colcon_core.package_identification:_identify(src) by extension 'ros'
[0.397s] Level 1:colcon.colcon_core.package_identification:_identify(src) by extensions ['cmake', 'python']
[0.397s] Level 1:colcon.colcon_core.package_identification:_identify(src) by extension 'cmake'
[0.397s] Level 1:colcon.colcon_core.package_identification:_identify(src) by extension 'python'
[0.397s] Level 1:colcon.colcon_core.package_identification:_identify(src) by extensions ['python_setup_py']
[0.397s] Level 1:colcon.colcon_core.package_identification:_identify(src) by extension 'python_setup_py'
[0.398s] Level 1:colcon.colcon_core.package_identification:_identify(src/kinova_gen3_control_cpp) by extensions ['ignore', 'ignore_ament_install']
[0.398s] Level 1:colcon.colcon_core.package_identification:_identify(src/kinova_gen3_control_cpp) by extension 'ignore'
[0.398s] Level 1:colcon.colcon_core.package_identification:_identify(src/kinova_gen3_control_cpp) by extension 'ignore_ament_install'
[0.398s] Level 1:colcon.colcon_core.package_identification:_identify(src/kinova_gen3_control_cpp) by extensions ['colcon_pkg']
[0.398s] Level 1:colcon.colcon_core.package_identification:_identify(src/kinova_gen3_control_cpp) by extension 'colcon_pkg'
[0.398s] Level 1:colcon.colcon_core.package_identification:_identify(src/kinova_gen3_control_cpp) by extensions ['colcon_meta']
[0.398s] Level 1:colcon.colcon_core.package_identification:_identify(src/kinova_gen3_control_cpp) by extension 'colcon_meta'
[0.398s] Level 1:colcon.colcon_core.package_identification:_identify(src/kinova_gen3_control_cpp) by extensions ['ros']
[0.398s] Level 1:colcon.colcon_core.package_identification:_identify(src/kinova_gen3_control_cpp) by extension 'ros'
[0.402s] DEBUG:colcon.colcon_core.package_identification:Package 'src/kinova_gen3_control_cpp' with type 'ros.ament_cmake' and name 'kinova_gen3_control_cpp'
[0.402s] Level 1:colcon.colcon_core.package_identification:_identify(src/kinova_gen3_control_interfaces) by extensions ['ignore', 'ignore_ament_install']
[0.402s] Level 1:colcon.colcon_core.package_identification:_identify(src/kinova_gen3_control_interfaces) by extension 'ignore'
[0.402s] Level 1:colcon.colcon_core.package_identification:_identify(src/kinova_gen3_control_interfaces) by extension 'ignore_ament_install'
[0.402s] Level 1:colcon.colcon_core.package_identification:_identify(src/kinova_gen3_control_interfaces) by extensions ['colcon_pkg']
[0.402s] Level 1:colcon.colcon_core.package_identification:_identify(src/kinova_gen3_control_interfaces) by extension 'colcon_pkg'
[0.403s] Level 1:colcon.colcon_core.package_identification:_identify(src/kinova_gen3_control_interfaces) by extensions ['colcon_meta']
[0.403s] Level 1:colcon.colcon_core.package_identification:_identify(src/kinova_gen3_control_interfaces) by extension 'colcon_meta'
[0.403s] Level 1:colcon.colcon_core.package_identification:_identify(src/kinova_gen3_control_interfaces) by extensions ['ros']
[0.403s] Level 1:colcon.colcon_core.package_identification:_identify(src/kinova_gen3_control_interfaces) by extension 'ros'
[0.404s] DEBUG:colcon.colcon_core.package_identification:Package 'src/kinova_gen3_control_interfaces' with type 'ros.ament_cmake' and name 'kinova_gen3_control_interfaces'
[0.404s] Level 1:colcon.colcon_core.package_identification:_identify(src/kinova_sim) by extensions ['ignore', 'ignore_ament_install']
[0.404s] Level 1:colcon.colcon_core.package_identification:_identify(src/kinova_sim) by extension 'ignore'
[0.404s] Level 1:colcon.colcon_core.package_identification:_identify(src/kinova_sim) by extension 'ignore_ament_install'
[0.404s] Level 1:colcon.colcon_core.package_identification:_identify(src/kinova_sim) by extensions ['colcon_pkg']
[0.404s] Level 1:colcon.colcon_core.package_identification:_identify(src/kinova_sim) by extension 'colcon_pkg'
[0.404s] Level 1:colcon.colcon_core.package_identification:_identify(src/kinova_sim) by extensions ['colcon_meta']
[0.404s] Level 1:colcon.colcon_core.package_identification:_identify(src/kinova_sim) by extension 'colcon_meta'
[0.404s] Level 1:colcon.colcon_core.package_identification:_identify(src/kinova_sim) by extensions ['ros']
[0.405s] Level 1:colcon.colcon_core.package_identification:_identify(src/kinova_sim) by extension 'ros'
[0.405s] DEBUG:colcon.colcon_core.package_identification:Package 'src/kinova_sim' with type 'ros.ament_cmake' and name 'kinova_sim'
[0.405s] Level 1:colcon.colcon_core.package_discovery:discover_packages(recursive) using defaults
[0.406s] Level 1:colcon.colcon_core.package_discovery:discover_packages(ignore) discover
[0.406s] Level 1:colcon.colcon_core.package_discovery:discover_packages(ignore) using defaults
[0.406s] Level 1:colcon.colcon_core.package_discovery:discover_packages(path) discover
[0.406s] Level 1:colcon.colcon_core.package_discovery:discover_packages(path) using defaults
[0.435s] Level 5:colcon.colcon_core.verb:set package 'kinova_gen3_control_interfaces' build argument 'cmake_args' from command line to 'None'
[0.435s] Level 5:colcon.colcon_core.verb:set package 'kinova_gen3_control_interfaces' build argument 'cmake_target' from command line to 'None'
[0.435s] Level 5:colcon.colcon_core.verb:set package 'kinova_gen3_control_interfaces' build argument 'cmake_target_skip_unavailable' from command line to 'False'
[0.436s] Level 5:colcon.colcon_core.verb:set package 'kinova_gen3_control_interfaces' build argument 'cmake_clean_cache' from command line to 'False'
[0.436s] Level 5:colcon.colcon_core.verb:set package 'kinova_gen3_control_interfaces' build argument 'cmake_clean_first' from command line to 'False'
[0.436s] Level 5:colcon.colcon_core.verb:set package 'kinova_gen3_control_interfaces' build argument 'cmake_force_configure' from command line to 'False'
[0.436s] Level 5:colcon.colcon_core.verb:set package 'kinova_gen3_control_interfaces' build argument 'ament_cmake_args' from command line to 'None'
[0.436s] Level 5:colcon.colcon_core.verb:set package 'kinova_gen3_control_interfaces' build argument 'catkin_cmake_args' from command line to 'None'
[0.436s] Level 5:colcon.colcon_core.verb:set package 'kinova_gen3_control_interfaces' build argument 'catkin_skip_building_tests' from command line to 'False'
[0.436s] DEBUG:colcon.colcon_core.verb:Building package 'kinova_gen3_control_interfaces' with the following arguments: {'ament_cmake_args': None, 'build_base': '/home/ws/build/kinova_gen3_control_interfaces', 'catkin_cmake_args': None, 'catkin_skip_building_tests': False, 'cmake_args': None, 'cmake_clean_cache': False, 'cmake_clean_first': False, 'cmake_force_configure': False, 'cmake_target': None, 'cmake_target_skip_unavailable': False, 'install_base': '/home/ws/install/kinova_gen3_control_interfaces', 'merge_install': False, 'path': '/home/ws/src/kinova_gen3_control_interfaces', 'symlink_install': False, 'test_result_base': None}
[0.436s] Level 5:colcon.colcon_core.verb:set package 'kinova_sim' build argument 'cmake_args' from command line to 'None'
[0.436s] Level 5:colcon.colcon_core.verb:set package 'kinova_sim' build argument 'cmake_target' from command line to 'None'
[0.436s] Level 5:colcon.colcon_core.verb:set package 'kinova_sim' build argument 'cmake_target_skip_unavailable' from command line to 'False'
[0.436s] Level 5:colcon.colcon_core.verb:set package 'kinova_sim' build argument 'cmake_clean_cache' from command line to 'False'
[0.436s] Level 5:colcon.colcon_core.verb:set package 'kinova_sim' build argument 'cmake_clean_first' from command line to 'False'
[0.436s] Level 5:colcon.colcon_core.verb:set package 'kinova_sim' build argument 'cmake_force_configure' from command line to 'False'
[0.436s] Level 5:colcon.colcon_core.verb:set package 'kinova_sim' build argument 'ament_cmake_args' from command line to 'None'
[0.436s] Level 5:colcon.colcon_core.verb:set package 'kinova_sim' build argument 'catkin_cmake_args' from command line to 'None'
[0.436s] Level 5:colcon.colcon_core.verb:set package 'kinova_sim' build argument 'catkin_skip_building_tests' from command line to 'False'
[0.437s] DEBUG:colcon.colcon_core.verb:Building package 'kinova_sim' with the following arguments: {'ament_cmake_args': None, 'build_base': '/home/ws/build/kinova_sim', 'catkin_cmake_args': None, 'catkin_skip_building_tests': False, 'cmake_args': None, 'cmake_clean_cache': False, 'cmake_clean_first': False, 'cmake_force_configure': False, 'cmake_target': None, 'cmake_target_skip_unavailable': False, 'install_base': '/home/ws/install/kinova_sim', 'merge_install': False, 'path': '/home/ws/src/kinova_sim', 'symlink_install': False, 'test_result_base': None}
[0.437s] Level 5:colcon.colcon_core.verb:set package 'kinova_gen3_control_cpp' build argument 'cmake_args' from command line to 'None'
[0.437s] Level 5:colcon.colcon_core.verb:set package 'kinova_gen3_control_cpp' build argument 'cmake_target' from command line to 'None'
[0.437s] Level 5:colcon.colcon_core.verb:set package 'kinova_gen3_control_cpp' build argument 'cmake_target_skip_unavailable' from command line to 'False'
[0.437s] Level 5:colcon.colcon_core.verb:set package 'kinova_gen3_control_cpp' build argument 'cmake_clean_cache' from command line to 'False'
[0.437s] Level 5:colcon.colcon_core.verb:set package 'kinova_gen3_control_cpp' build argument 'cmake_clean_first' from command line to 'False'
[0.437s] Level 5:colcon.colcon_core.verb:set package 'kinova_gen3_control_cpp' build argument 'cmake_force_configure' from command line to 'False'
[0.437s] Level 5:colcon.colcon_core.verb:set package 'kinova_gen3_control_cpp' build argument 'ament_cmake_args' from command line to 'None'
[0.437s] Level 5:colcon.colcon_core.verb:set package 'kinova_gen3_control_cpp' build argument 'catkin_cmake_args' from command line to 'None'
[0.437s] Level 5:colcon.colcon_core.verb:set package 'kinova_gen3_control_cpp' build argument 'catkin_skip_building_tests' from command line to 'False'
[0.437s] DEBUG:colcon.colcon_core.verb:Building package 'kinova_gen3_control_cpp' with the following arguments: {'ament_cmake_args': None, 'build_base': '/home/ws/build/kinova_gen3_control_cpp', 'catkin_cmake_args': None, 'catkin_skip_building_tests': False, 'cmake_args': None, 'cmake_clean_cache': False, 'cmake_clean_first': False, 'cmake_force_configure': False, 'cmake_target': None, 'cmake_target_skip_unavailable': False, 'install_base': '/home/ws/install/kinova_gen3_control_cpp', 'merge_install': False, 'path': '/home/ws/src/kinova_gen3_control_cpp', 'symlink_install': False, 'test_result_base': None}
[0.437s] INFO:colcon.colcon_core.executor:Executing jobs using 'parallel' executor
[0.439s] DEBUG:colcon.colcon_parallel_executor.executor.parallel:run_until_complete
[0.440s] INFO:colcon.colcon_ros.task.ament_cmake.build:Building ROS package in '/home/ws/src/kinova_gen3_control_interfaces' with build type 'ament_cmake'
[0.440s] INFO:colcon.colcon_cmake.task.cmake.build:Building CMake package in '/home/ws/src/kinova_gen3_control_interfaces'
[0.443s] INFO:colcon.colcon_core.plugin_system:Skipping extension 'colcon_core.shell.bat': Not used on non-Windows systems
[0.444s] INFO:colcon.colcon_core.shell:Skip shell extension 'powershell' for command environment: Not usable outside of PowerShell
[0.444s] DEBUG:colcon.colcon_core.shell:Skip shell extension 'dsv' for command environment
[0.452s] INFO:colcon.colcon_ros.task.ament_cmake.build:Building ROS package in '/home/ws/src/kinova_sim' with build type 'ament_cmake'
[0.453s] INFO:colcon.colcon_cmake.task.cmake.build:Building CMake package in '/home/ws/src/kinova_sim'
[0.453s] INFO:colcon.colcon_core.shell:Skip shell extension 'powershell' for command environment: Not usable outside of PowerShell
[0.453s] DEBUG:colcon.colcon_core.shell:Skip shell extension 'dsv' for command environment
[0.471s] DEBUG:colcon.colcon_core.event_handler.log_command:Invoking command in '/home/ws/build/kinova_gen3_control_interfaces': CMAKE_PREFIX_PATH=${CMAKE_PREFIX_PATH}:/opt/ros/humble /usr/bin/cmake --build /home/ws/build/kinova_gen3_control_interfaces -- -j12 -l12
[0.480s] DEBUG:colcon.colcon_core.event_handler.log_command:Invoking command in '/home/ws/build/kinova_sim': CMAKE_PREFIX_PATH=${CMAKE_PREFIX_PATH}:/opt/ros/humble /usr/bin/cmake --build /home/ws/build/kinova_sim -- -j12 -l12
[0.559s] DEBUG:colcon.colcon_core.event_handler.log_command:Invoked command in '/home/ws/build/kinova_sim' returned '0': CMAKE_PREFIX_PATH=${CMAKE_PREFIX_PATH}:/opt/ros/humble /usr/bin/cmake --build /home/ws/build/kinova_sim -- -j12 -l12
[0.639s] DEBUG:colcon.colcon_core.event_handler.log_command:Invoking command in '/home/ws/build/kinova_sim': CMAKE_PREFIX_PATH=${CMAKE_PREFIX_PATH}:/opt/ros/humble /usr/bin/cmake --install /home/ws/build/kinova_sim
[0.661s] Level 1:colcon.colcon_core.environment:create_environment_scripts_only(kinova_sim)
[0.662s] DEBUG:colcon.colcon_core.event_handler.log_command:Invoked command in '/home/ws/build/kinova_sim' returned '0': CMAKE_PREFIX_PATH=${CMAKE_PREFIX_PATH}:/opt/ros/humble /usr/bin/cmake --install /home/ws/build/kinova_sim
[0.666s] Level 1:colcon.colcon_core.environment:checking '/home/ws/install/kinova_sim' for CMake module files
[0.667s] Level 1:colcon.colcon_core.environment:checking '/home/ws/install/kinova_sim' for CMake config files
[0.667s] Level 1:colcon.colcon_core.shell:create_environment_hook('kinova_sim', 'cmake_prefix_path')
[0.668s] INFO:colcon.colcon_core.shell:Creating environment hook '/home/ws/install/kinova_sim/share/kinova_sim/hook/cmake_prefix_path.ps1'
[0.669s] INFO:colcon.colcon_core.shell:Creating environment descriptor '/home/ws/install/kinova_sim/share/kinova_sim/hook/cmake_prefix_path.dsv'
[0.669s] INFO:colcon.colcon_core.shell:Creating environment hook '/home/ws/install/kinova_sim/share/kinova_sim/hook/cmake_prefix_path.sh'
[0.671s] Level 1:colcon.colcon_core.environment:checking '/home/ws/install/kinova_sim/bin'
[0.671s] Level 1:colcon.colcon_core.environment:checking '/home/ws/install/kinova_sim/lib/pkgconfig/kinova_sim.pc'
[0.674s] Level 1:colcon.colcon_core.environment:checking '/home/ws/install/kinova_sim/lib/python3.10/site-packages'
[0.674s] Level 1:colcon.colcon_core.environment:checking '/home/ws/install/kinova_sim/bin'
[0.674s] INFO:colcon.colcon_core.shell:Creating package script '/home/ws/install/kinova_sim/share/kinova_sim/package.ps1'
[0.676s] INFO:colcon.colcon_core.shell:Creating package descriptor '/home/ws/install/kinova_sim/share/kinova_sim/package.dsv'
[0.677s] INFO:colcon.colcon_core.shell:Creating package script '/home/ws/install/kinova_sim/share/kinova_sim/package.sh'
[0.678s] INFO:colcon.colcon_core.shell:Creating package script '/home/ws/install/kinova_sim/share/kinova_sim/package.bash'
[0.679s] INFO:colcon.colcon_core.shell:Creating package script '/home/ws/install/kinova_sim/share/kinova_sim/package.zsh'
[0.679s] Level 1:colcon.colcon_core.environment:create_file_with_runtime_dependencies(/home/ws/install/kinova_sim/share/colcon-core/packages/kinova_sim)
[0.726s] Level 1:colcon.colcon_core.environment:create_environment_scripts_only(kinova_sim)
[0.727s] Level 1:colcon.colcon_core.environment:checking '/home/ws/install/kinova_sim' for CMake module files
[0.727s] Level 1:colcon.colcon_core.environment:checking '/home/ws/install/kinova_sim' for CMake config files
[0.728s] Level 1:colcon.colcon_core.shell:create_environment_hook('kinova_sim', 'cmake_prefix_path')
[0.728s] INFO:colcon.colcon_core.shell:Creating environment hook '/home/ws/install/kinova_sim/share/kinova_sim/hook/cmake_prefix_path.ps1'
[0.729s] INFO:colcon.colcon_core.shell:Creating environment descriptor '/home/ws/install/kinova_sim/share/kinova_sim/hook/cmake_prefix_path.dsv'
[0.729s] INFO:colcon.colcon_core.shell:Creating environment hook '/home/ws/install/kinova_sim/share/kinova_sim/hook/cmake_prefix_path.sh'
[0.730s] Level 1:colcon.colcon_core.environment:checking '/home/ws/install/kinova_sim/bin'
[0.730s] Level 1:colcon.colcon_core.environment:checking '/home/ws/install/kinova_sim/lib/pkgconfig/kinova_sim.pc'
[0.730s] Level 1:colcon.colcon_core.environment:checking '/home/ws/install/kinova_sim/lib/python3.10/site-packages'
[0.730s] Level 1:colcon.colcon_core.environment:checking '/home/ws/install/kinova_sim/bin'
[0.731s] INFO:colcon.colcon_core.shell:Creating package script '/home/ws/install/kinova_sim/share/kinova_sim/package.ps1'
[0.731s] INFO:colcon.colcon_core.shell:Creating package descriptor '/home/ws/install/kinova_sim/share/kinova_sim/package.dsv'
[0.732s] INFO:colcon.colcon_core.shell:Creating package script '/home/ws/install/kinova_sim/share/kinova_sim/package.sh'
[0.732s] INFO:colcon.colcon_core.shell:Creating package script '/home/ws/install/kinova_sim/share/kinova_sim/package.bash'
[0.733s] INFO:colcon.colcon_core.shell:Creating package script '/home/ws/install/kinova_sim/share/kinova_sim/package.zsh'
[0.734s] Level 1:colcon.colcon_core.environment:create_file_with_runtime_dependencies(/home/ws/install/kinova_sim/share/colcon-core/packages/kinova_sim)
[1.093s] DEBUG:colcon.colcon_core.event_handler.log_command:Invoked command in '/home/ws/build/kinova_gen3_control_interfaces' returned '0': CMAKE_PREFIX_PATH=${CMAKE_PREFIX_PATH}:/opt/ros/humble /usr/bin/cmake --build /home/ws/build/kinova_gen3_control_interfaces -- -j12 -l12
[1.242s] DEBUG:colcon.colcon_core.event_handler.log_command:Invoking command in '/home/ws/build/kinova_gen3_control_interfaces': CMAKE_PREFIX_PATH=${CMAKE_PREFIX_PATH}:/opt/ros/humble /usr/bin/cmake --install /home/ws/build/kinova_gen3_control_interfaces
[1.331s] Level 1:colcon.colcon_core.environment:create_environment_scripts_only(kinova_gen3_control_interfaces)
[1.332s] Level 1:colcon.colcon_core.environment:checking '/home/ws/install/kinova_gen3_control_interfaces' for CMake module files
[1.333s] DEBUG:colcon.colcon_core.event_handler.log_command:Invoked command in '/home/ws/build/kinova_gen3_control_interfaces' returned '0': CMAKE_PREFIX_PATH=${CMAKE_PREFIX_PATH}:/opt/ros/humble /usr/bin/cmake --install /home/ws/build/kinova_gen3_control_interfaces
[1.334s] Level 1:colcon.colcon_core.environment:checking '/home/ws/install/kinova_gen3_control_interfaces' for CMake config files
[1.335s] Level 1:colcon.colcon_core.shell:create_environment_hook('kinova_gen3_control_interfaces', 'cmake_prefix_path')
[1.335s] INFO:colcon.colcon_core.shell:Creating environment hook '/home/ws/install/kinova_gen3_control_interfaces/share/kinova_gen3_control_interfaces/hook/cmake_prefix_path.ps1'
[1.336s] INFO:colcon.colcon_core.shell:Creating environment descriptor '/home/ws/install/kinova_gen3_control_interfaces/share/kinova_gen3_control_interfaces/hook/cmake_prefix_path.dsv'
[1.336s] INFO:colcon.colcon_core.shell:Creating environment hook '/home/ws/install/kinova_gen3_control_interfaces/share/kinova_gen3_control_interfaces/hook/cmake_prefix_path.sh'
[1.337s] Level 1:colcon.colcon_core.environment:checking '/home/ws/install/kinova_gen3_control_interfaces/lib'
[1.337s] Level 1:colcon.colcon_core.shell:create_environment_hook('kinova_gen3_control_interfaces', 'ld_library_path_lib')
[1.338s] INFO:colcon.colcon_core.shell:Creating environment hook '/home/ws/install/kinova_gen3_control_interfaces/share/kinova_gen3_control_interfaces/hook/ld_library_path_lib.ps1'
[1.338s] INFO:colcon.colcon_core.shell:Creating environment descriptor '/home/ws/install/kinova_gen3_control_interfaces/share/kinova_gen3_control_interfaces/hook/ld_library_path_lib.dsv'
[1.339s] INFO:colcon.colcon_core.shell:Creating environment hook '/home/ws/install/kinova_gen3_control_interfaces/share/kinova_gen3_control_interfaces/hook/ld_library_path_lib.sh'
[1.340s] Level 1:colcon.colcon_core.environment:checking '/home/ws/install/kinova_gen3_control_interfaces/bin'
[1.340s] Level 1:colcon.colcon_core.environment:checking '/home/ws/install/kinova_gen3_control_interfaces/lib/pkgconfig/kinova_gen3_control_interfaces.pc'
[1.340s] Level 1:colcon.colcon_core.environment:checking '/home/ws/install/kinova_gen3_control_interfaces/lib/python3.10/site-packages'
[1.341s] Level 1:colcon.colcon_core.environment:checking '/home/ws/install/kinova_gen3_control_interfaces/bin'
[1.341s] INFO:colcon.colcon_core.shell:Creating package script '/home/ws/install/kinova_gen3_control_interfaces/share/kinova_gen3_control_interfaces/package.ps1'
[1.342s] INFO:colcon.colcon_core.shell:Creating package descriptor '/home/ws/install/kinova_gen3_control_interfaces/share/kinova_gen3_control_interfaces/package.dsv'
[1.344s] INFO:colcon.colcon_core.shell:Creating package script '/home/ws/install/kinova_gen3_control_interfaces/share/kinova_gen3_control_interfaces/package.sh'
[1.345s] INFO:colcon.colcon_core.shell:Creating package script '/home/ws/install/kinova_gen3_control_interfaces/share/kinova_gen3_control_interfaces/package.bash'
[1.345s] INFO:colcon.colcon_core.shell:Creating package script '/home/ws/install/kinova_gen3_control_interfaces/share/kinova_gen3_control_interfaces/package.zsh'
[1.346s] Level 1:colcon.colcon_core.environment:create_file_with_runtime_dependencies(/home/ws/install/kinova_gen3_control_interfaces/share/colcon-core/packages/kinova_gen3_control_interfaces)
[1.520s] Level 1:colcon.colcon_core.environment:create_environment_scripts_only(kinova_gen3_control_interfaces)
[1.521s] Level 1:colcon.colcon_core.environment:checking '/home/ws/install/kinova_gen3_control_interfaces' for CMake module files
[1.522s] Level 1:colcon.colcon_core.environment:checking '/home/ws/install/kinova_gen3_control_interfaces' for CMake config files
[1.523s] Level 1:colcon.colcon_core.shell:create_environment_hook('kinova_gen3_control_interfaces', 'cmake_prefix_path')
[1.524s] INFO:colcon.colcon_core.shell:Creating environment hook '/home/ws/install/kinova_gen3_control_interfaces/share/kinova_gen3_control_interfaces/hook/cmake_prefix_path.ps1'
[1.524s] INFO:colcon.colcon_core.shell:Creating environment descriptor '/home/ws/install/kinova_gen3_control_interfaces/share/kinova_gen3_control_interfaces/hook/cmake_prefix_path.dsv'
[1.525s] INFO:colcon.colcon_core.shell:Creating environment hook '/home/ws/install/kinova_gen3_control_interfaces/share/kinova_gen3_control_interfaces/hook/cmake_prefix_path.sh'
[1.526s] Level 1:colcon.colcon_core.environment:checking '/home/ws/install/kinova_gen3_control_interfaces/lib'
[1.526s] Level 1:colcon.colcon_core.shell:create_environment_hook('kinova_gen3_control_interfaces', 'ld_library_path_lib')
[1.527s] INFO:colcon.colcon_core.shell:Creating environment hook '/home/ws/install/kinova_gen3_control_interfaces/share/kinova_gen3_control_interfaces/hook/ld_library_path_lib.ps1'
[1.528s] INFO:colcon.colcon_core.shell:Creating environment descriptor '/home/ws/install/kinova_gen3_control_interfaces/share/kinova_gen3_control_interfaces/hook/ld_library_path_lib.dsv'
[1.528s] INFO:colcon.colcon_core.shell:Creating environment hook '/home/ws/install/kinova_gen3_control_interfaces/share/kinova_gen3_control_interfaces/hook/ld_library_path_lib.sh'
[1.529s] Level 1:colcon.colcon_core.environment:checking '/home/ws/install/kinova_gen3_control_interfaces/bin'
[1.529s] Level 1:colcon.colcon_core.environment:checking '/home/ws/install/kinova_gen3_control_interfaces/lib/pkgconfig/kinova_gen3_control_interfaces.pc'
[1.529s] Level 1:colcon.colcon_core.environment:checking '/home/ws/install/kinova_gen3_control_interfaces/lib/python3.10/site-packages'
[1.530s] Level 1:colcon.colcon_core.environment:checking '/home/ws/install/kinova_gen3_control_interfaces/bin'
[1.530s] INFO:colcon.colcon_core.shell:Creating package script '/home/ws/install/kinova_gen3_control_interfaces/share/kinova_gen3_control_interfaces/package.ps1'
[1.531s] INFO:colcon.colcon_core.shell:Creating package descriptor '/home/ws/install/kinova_gen3_control_interfaces/share/kinova_gen3_control_interfaces/package.dsv'
[1.532s] INFO:colcon.colcon_core.shell:Creating package script '/home/ws/install/kinova_gen3_control_interfaces/share/kinova_gen3_control_interfaces/package.sh'
[1.533s] INFO:colcon.colcon_core.shell:Creating package script '/home/ws/install/kinova_gen3_control_interfaces/share/kinova_gen3_control_interfaces/package.bash'
[1.534s] INFO:colcon.colcon_core.shell:Creating package script '/home/ws/install/kinova_gen3_control_interfaces/share/kinova_gen3_control_interfaces/package.zsh'
[1.535s] Level 1:colcon.colcon_core.environment:create_file_with_runtime_dependencies(/home/ws/install/kinova_gen3_control_interfaces/share/colcon-core/packages/kinova_gen3_control_interfaces)
[1.536s] INFO:colcon.colcon_ros.task.ament_cmake.build:Building ROS package in '/home/ws/src/kinova_gen3_control_cpp' with build type 'ament_cmake'
[1.536s] INFO:colcon.colcon_cmake.task.cmake.build:Building CMake package in '/home/ws/src/kinova_gen3_control_cpp'
[1.537s] INFO:colcon.colcon_core.shell:Skip shell extension 'powershell' for command environment: Not usable outside of PowerShell
[1.537s] DEBUG:colcon.colcon_core.shell:Skip shell extension 'dsv' for command environment
[1.567s] DEBUG:colcon.colcon_core.event_handler.log_command:Invoking command in '/home/ws/build/kinova_gen3_control_cpp': CMAKE_PREFIX_PATH=/home/ws/install/kinova_gen3_control_interfaces:/home/ws/install/kinova_gen3_control_cpp:/home/ws/install/kinova_sim:/opt/ros/humble LD_LIBRARY_PATH=/home/ws/install/kinova_gen3_control_interfaces/lib:/home/ws/install/kinova_gen3_control_cpp/lib:/opt/ros/humble/opt/rviz_ogre_vendor/lib:/opt/ros/humble/lib/x86_64-linux-gnu:/opt/ros/humble/lib /usr/bin/cmake --build /home/ws/build/kinova_gen3_control_cpp -- -j12 -l12
[1.730s] DEBUG:colcon.colcon_core.event_handler.log_command:Invoked command in '/home/ws/build/kinova_gen3_control_cpp' returned '0': CMAKE_PREFIX_PATH=/home/ws/install/kinova_gen3_control_interfaces:/home/ws/install/kinova_gen3_control_cpp:/home/ws/install/kinova_sim:/opt/ros/humble LD_LIBRARY_PATH=/home/ws/install/kinova_gen3_control_interfaces/lib:/home/ws/install/kinova_gen3_control_cpp/lib:/opt/ros/humble/opt/rviz_ogre_vendor/lib:/opt/ros/humble/lib/x86_64-linux-gnu:/opt/ros/humble/lib /usr/bin/cmake --build /home/ws/build/kinova_gen3_control_cpp -- -j12 -l12
[1.786s] DEBUG:colcon.colcon_core.event_handler.log_command:Invoking command in '/home/ws/build/kinova_gen3_control_cpp': CMAKE_PREFIX_PATH=/home/ws/install/kinova_gen3_control_interfaces:/home/ws/install/kinova_gen3_control_cpp:/home/ws/install/kinova_sim:/opt/ros/humble LD_LIBRARY_PATH=/home/ws/install/kinova_gen3_control_interfaces/lib:/home/ws/install/kinova_gen3_control_cpp/lib:/opt/ros/humble/opt/rviz_ogre_vendor/lib:/opt/ros/humble/lib/x86_64-linux-gnu:/opt/ros/humble/lib /usr/bin/cmake --install /home/ws/build/kinova_gen3_control_cpp
[1.803s] Level 1:colcon.colcon_core.environment:create_environment_scripts_only(kinova_gen3_control_cpp)
[1.804s] Level 1:colcon.colcon_core.environment:checking '/home/ws/install/kinova_gen3_control_cpp' for CMake module files
[1.805s] DEBUG:colcon.colcon_core.event_handler.log_command:Invoked command in '/home/ws/build/kinova_gen3_control_cpp' returned '0': CMAKE_PREFIX_PATH=/home/ws/install/kinova_gen3_control_interfaces:/home/ws/install/kinova_gen3_control_cpp:/home/ws/install/kinova_sim:/opt/ros/humble LD_LIBRARY_PATH=/home/ws/install/kinova_gen3_control_interfaces/lib:/home/ws/install/kinova_gen3_control_cpp/lib:/opt/ros/humble/opt/rviz_ogre_vendor/lib:/opt/ros/humble/lib/x86_64-linux-gnu:/opt/ros/humble/lib /usr/bin/cmake --install /home/ws/build/kinova_gen3_control_cpp
[1.805s] Level 1:colcon.colcon_core.environment:checking '/home/ws/install/kinova_gen3_control_cpp' for CMake config files
[1.806s] Level 1:colcon.colcon_core.shell:create_environment_hook('kinova_gen3_control_cpp', 'cmake_prefix_path')
[1.806s] INFO:colcon.colcon_core.shell:Creating environment hook '/home/ws/install/kinova_gen3_control_cpp/share/kinova_gen3_control_cpp/hook/cmake_prefix_path.ps1'
[1.807s] INFO:colcon.colcon_core.shell:Creating environment descriptor '/home/ws/install/kinova_gen3_control_cpp/share/kinova_gen3_control_cpp/hook/cmake_prefix_path.dsv'
[1.807s] INFO:colcon.colcon_core.shell:Creating environment hook '/home/ws/install/kinova_gen3_control_cpp/share/kinova_gen3_control_cpp/hook/cmake_prefix_path.sh'
[1.808s] Level 1:colcon.colcon_core.environment:checking '/home/ws/install/kinova_gen3_control_cpp/lib'
[1.808s] Level 1:colcon.colcon_core.shell:create_environment_hook('kinova_gen3_control_cpp', 'ld_library_path_lib')
[1.808s] INFO:colcon.colcon_core.shell:Creating environment hook '/home/ws/install/kinova_gen3_control_cpp/share/kinova_gen3_control_cpp/hook/ld_library_path_lib.ps1'
[1.808s] INFO:colcon.colcon_core.shell:Creating environment descriptor '/home/ws/install/kinova_gen3_control_cpp/share/kinova_gen3_control_cpp/hook/ld_library_path_lib.dsv'
[1.809s] INFO:colcon.colcon_core.shell:Creating environment hook '/home/ws/install/kinova_gen3_control_cpp/share/kinova_gen3_control_cpp/hook/ld_library_path_lib.sh'
[1.809s] Level 1:colcon.colcon_core.environment:checking '/home/ws/install/kinova_gen3_control_cpp/bin'
[1.809s] Level 1:colcon.colcon_core.environment:checking '/home/ws/install/kinova_gen3_control_cpp/lib/pkgconfig/kinova_gen3_control_cpp.pc'
[1.810s] Level 1:colcon.colcon_core.environment:checking '/home/ws/install/kinova_gen3_control_cpp/lib/python3.10/site-packages'
[1.810s] Level 1:colcon.colcon_core.environment:checking '/home/ws/install/kinova_gen3_control_cpp/bin'
[1.810s] INFO:colcon.colcon_core.shell:Creating package script '/home/ws/install/kinova_gen3_control_cpp/share/kinova_gen3_control_cpp/package.ps1'
[1.811s] INFO:colcon.colcon_core.shell:Creating package descriptor '/home/ws/install/kinova_gen3_control_cpp/share/kinova_gen3_control_cpp/package.dsv'
[1.812s] INFO:colcon.colcon_core.shell:Creating package script '/home/ws/install/kinova_gen3_control_cpp/share/kinova_gen3_control_cpp/package.sh'
[1.812s] INFO:colcon.colcon_core.shell:Creating package script '/home/ws/install/kinova_gen3_control_cpp/share/kinova_gen3_control_cpp/package.bash'
[1.812s] INFO:colcon.colcon_core.shell:Creating package script '/home/ws/install/kinova_gen3_control_cpp/share/kinova_gen3_control_cpp/package.zsh'
[1.813s] Level 1:colcon.colcon_core.environment:create_file_with_runtime_dependencies(/home/ws/install/kinova_gen3_control_cpp/share/colcon-core/packages/kinova_gen3_control_cpp)
[1.882s] Level 1:colcon.colcon_core.environment:create_environment_scripts_only(kinova_gen3_control_cpp)
[1.882s] Level 1:colcon.colcon_core.environment:checking '/home/ws/install/kinova_gen3_control_cpp' for CMake module files
[1.883s] Level 1:colcon.colcon_core.environment:checking '/home/ws/install/kinova_gen3_control_cpp' for CMake config files
[1.884s] Level 1:colcon.colcon_core.shell:create_environment_hook('kinova_gen3_control_cpp', 'cmake_prefix_path')
[1.885s] INFO:colcon.colcon_core.shell:Creating environment hook '/home/ws/install/kinova_gen3_control_cpp/share/kinova_gen3_control_cpp/hook/cmake_prefix_path.ps1'
[1.885s] INFO:colcon.colcon_core.shell:Creating environment descriptor '/home/ws/install/kinova_gen3_control_cpp/share/kinova_gen3_control_cpp/hook/cmake_prefix_path.dsv'
[1.886s] INFO:colcon.colcon_core.shell:Creating environment hook '/home/ws/install/kinova_gen3_control_cpp/share/kinova_gen3_control_cpp/hook/cmake_prefix_path.sh'
[1.887s] Level 1:colcon.colcon_core.environment:checking '/home/ws/install/kinova_gen3_control_cpp/lib'
[1.887s] Level 1:colcon.colcon_core.shell:create_environment_hook('kinova_gen3_control_cpp', 'ld_library_path_lib')
[1.888s] INFO:colcon.colcon_core.shell:Creating environment hook '/home/ws/install/kinova_gen3_control_cpp/share/kinova_gen3_control_cpp/hook/ld_library_path_lib.ps1'
[1.889s] INFO:colcon.colcon_core.shell:Creating environment descriptor '/home/ws/install/kinova_gen3_control_cpp/share/kinova_gen3_control_cpp/hook/ld_library_path_lib.dsv'
[1.889s] INFO:colcon.colcon_core.shell:Creating environment hook '/home/ws/install/kinova_gen3_control_cpp/share/kinova_gen3_control_cpp/hook/ld_library_path_lib.sh'
[1.890s] Level 1:colcon.colcon_core.environment:checking '/home/ws/install/kinova_gen3_control_cpp/bin'
[1.890s] Level 1:colcon.colcon_core.environment:checking '/home/ws/install/kinova_gen3_control_cpp/lib/pkgconfig/kinova_gen3_control_cpp.pc'
[1.891s] Level 1:colcon.colcon_core.environment:checking '/home/ws/install/kinova_gen3_control_cpp/lib/python3.10/site-packages'
[1.891s] Level 1:colcon.colcon_core.environment:checking '/home/ws/install/kinova_gen3_control_cpp/bin'
[1.892s] INFO:colcon.colcon_core.shell:Creating package script '/home/ws/install/kinova_gen3_control_cpp/share/kinova_gen3_control_cpp/package.ps1'
[1.893s] INFO:colcon.colcon_core.shell:Creating package descriptor '/home/ws/install/kinova_gen3_control_cpp/share/kinova_gen3_control_cpp/package.dsv'
[1.894s] INFO:colcon.colcon_core.shell:Creating package script '/home/ws/install/kinova_gen3_control_cpp/share/kinova_gen3_control_cpp/package.sh'
[1.895s] INFO:colcon.colcon_core.shell:Creating package script '/home/ws/install/kinova_gen3_control_cpp/share/kinova_gen3_control_cpp/package.bash'
[1.896s] INFO:colcon.colcon_core.shell:Creating package script '/home/ws/install/kinova_gen3_control_cpp/share/kinova_gen3_control_cpp/package.zsh'
[1.897s] Level 1:colcon.colcon_core.environment:create_file_with_runtime_dependencies(/home/ws/install/kinova_gen3_control_cpp/share/colcon-core/packages/kinova_gen3_control_cpp)
[1.897s] DEBUG:colcon.colcon_parallel_executor.executor.parallel:closing loop
[1.898s] DEBUG:colcon.colcon_parallel_executor.executor.parallel:loop closed
[1.898s] DEBUG:colcon.colcon_parallel_executor.executor.parallel:run_until_complete finished with '0'
[1.898s] DEBUG:colcon.colcon_core.event_reactor:joining thread
[1.911s] INFO:colcon.colcon_core.plugin_system:Skipping extension 'colcon_notification.desktop_notification.notify_send': Could not find 'notify-send'
[1.911s] INFO:colcon.colcon_core.plugin_system:Skipping extension 'colcon_notification.desktop_notification.terminal_notifier': Not used on non-Darwin systems
[1.912s] INFO:colcon.colcon_core.plugin_system:Skipping extension 'colcon_notification.desktop_notification.win32': Not used on non-Windows systems
[1.912s] INFO:colcon.colcon_notification.desktop_notification:Sending desktop notification using 'notify2'
[1.919s] DEBUG:colcon.colcon_notification.desktop_notification.notify2:Failed to initialize notify2: org.freedesktop.DBus.Error.Spawn.ExecFailed: /usr/bin/dbus-launch terminated abnormally without any error message
[1.920s] DEBUG:colcon.colcon_core.event_reactor:joined thread
[1.921s] INFO:colcon.colcon_core.shell:Creating prefix script '/home/ws/install/local_setup.ps1'
[1.924s] INFO:colcon.colcon_core.shell:Creating prefix util module '/home/ws/install/_local_setup_util_ps1.py'
[1.927s] INFO:colcon.colcon_core.shell:Creating prefix chain script '/home/ws/install/setup.ps1'
[1.930s] INFO:colcon.colcon_core.shell:Creating prefix script '/home/ws/install/local_setup.sh'
[1.931s] INFO:colcon.colcon_core.shell:Creating prefix util module '/home/ws/install/_local_setup_util_sh.py'
[1.933s] INFO:colcon.colcon_core.shell:Creating prefix chain script '/home/ws/install/setup.sh'
[1.937s] INFO:colcon.colcon_core.shell:Creating prefix script '/home/ws/install/local_setup.bash'
[1.938s] INFO:colcon.colcon_core.shell:Creating prefix chain script '/home/ws/install/setup.bash'
[1.941s] INFO:colcon.colcon_core.shell:Creating prefix script '/home/ws/install/local_setup.zsh'
[1.943s] INFO:colcon.colcon_core.shell:Creating prefix chain script '/home/ws/install/setup.zsh'
