[0.101s] DEBUG:colcon:Command line arguments: ['/usr/bin/colcon', 'build']
[0.102s] DEBUG:colcon:Parsed command line arguments: Namespace(log_base=None, log_level=None, verb_name='build', build_base='build', install_base='install', merge_install=False, symlink_install=False, test_result_base=None, continue_on_error=False, executor='parallel', parallel_workers=12, event_handlers=None, ignore_user_meta=False, metas=['./colcon.meta'], base_paths=['.'], packages_ignore=None, packages_ignore_regex=None, paths=None, packages_up_to=None, packages_up_to_regex=None, packages_above=None, packages_above_and_dependencies=None, packages_above_depth=None, packages_select_by_dep=None, packages_skip_by_dep=None, packages_skip_up_to=None, packages_select_build_failed=False, packages_skip_build_finished=False, packages_select_test_failures=False, packages_skip_test_passed=False, packages_select=None, packages_skip=None, packages_select_regex=None, packages_skip_regex=None, packages_start=None, packages_end=None, cmake_args=None, cmake_target=None, cmake_target_skip_unavailable=False, cmake_clean_cache=False, cmake_clean_first=False, cmake_force_configure=False, ament_cmake_args=None, catkin_cmake_args=None, catkin_skip_building_tests=False, mixin_files=None, mixin=None, verb_parser=<colcon_mixin.mixin.mixin_argument.MixinArgumentDecorator object at 0x7b81e278c400>, verb_extension=<colcon_core.verb.build.BuildVerb object at 0x7b81e275bbb0>, main=<bound method BuildVerb.main of <colcon_core.verb.build.BuildVerb object at 0x7b81e275bbb0>>, mixin_verb=('build',))
[0.230s] Level 1:colcon.colcon_core.package_discovery:discover_packages(colcon_meta) check parameters
[0.230s] Level 1:colcon.colcon_core.package_discovery:discover_packages(recursive) check parameters
[0.230s] Level 1:colcon.colcon_core.package_discovery:discover_packages(ignore) check parameters
[0.230s] Level 1:colcon.colcon_core.package_discovery:discover_packages(path) check parameters
[0.230s] Level 1:colcon.colcon_core.package_discovery:discover_packages(colcon_meta) discover
[0.230s] Level 1:colcon.colcon_core.package_discovery:discover_packages(recursive) discover
[0.231s] INFO:colcon.colcon_core.package_discovery:Crawling recursively for packages in '/home/ws'
[0.231s] Level 1:colcon.colcon_core.package_identification:_identify(.) by extensions ['ignore', 'ignore_ament_install']
[0.231s] Level 1:colcon.colcon_core.package_identification:_identify(.) by extension 'ignore'
[0.231s] Level 1:colcon.colcon_core.package_identification:_identify(.) by extension 'ignore_ament_install'
[0.231s] Level 1:colcon.colcon_core.package_identification:_identify(.) by extensions ['colcon_pkg']
[0.231s] Level 1:colcon.colcon_core.package_identification:_identify(.) by extension 'colcon_pkg'
[0.231s] Level 1:colcon.colcon_core.package_identification:_identify(.) by extensions ['colcon_meta']
[0.231s] Level 1:colcon.colcon_core.package_identification:_identify(.) by extension 'colcon_meta'
[0.231s] Level 1:colcon.colcon_core.package_identification:_identify(.) by extensions ['ros']
[0.231s] Level 1:colcon.colcon_core.package_identification:_identify(.) by extension 'ros'
[0.241s] Level 1:colcon.colcon_core.package_identification:_identify(.) by extensions ['cmake', 'python']
[0.241s] Level 1:colcon.colcon_core.package_identification:_identify(.) by extension 'cmake'
[0.241s] Level 1:colcon.colcon_core.package_identification:_identify(.) by extension 'python'
[0.241s] Level 1:colcon.colcon_core.package_identification:_identify(.) by extensions ['python_setup_py']
[0.241s] Level 1:colcon.colcon_core.package_identification:_identify(.) by extension 'python_setup_py'
[0.241s] Level 1:colcon.colcon_core.package_identification:_identify(_resources) by extensions ['ignore', 'ignore_ament_install']
[0.241s] Level 1:colcon.colcon_core.package_identification:_identify(_resources) by extension 'ignore'
[0.241s] Level 1:colcon.colcon_core.package_identification:_identify(_resources) by extension 'ignore_ament_install'
[0.241s] Level 1:colcon.colcon_core.package_identification:_identify(_resources) by extensions ['colcon_pkg']
[0.242s] Level 1:colcon.colcon_core.package_identification:_identify(_resources) by extension 'colcon_pkg'
[0.242s] Level 1:colcon.colcon_core.package_identification:_identify(_resources) by extensions ['colcon_meta']
[0.242s] Level 1:colcon.colcon_core.package_identification:_identify(_resources) by extension 'colcon_meta'
[0.242s] Level 1:colcon.colcon_core.package_identification:_identify(_resources) by extensions ['ros']
[0.242s] Level 1:colcon.colcon_core.package_identification:_identify(_resources) by extension 'ros'
[0.242s] Level 1:colcon.colcon_core.package_identification:_identify(_resources) by extensions ['cmake', 'python']
[0.242s] Level 1:colcon.colcon_core.package_identification:_identify(_resources) by extension 'cmake'
[0.242s] Level 1:colcon.colcon_core.package_identification:_identify(_resources) by extension 'python'
[0.242s] Level 1:colcon.colcon_core.package_identification:_identify(_resources) by extensions ['python_setup_py']
[0.242s] Level 1:colcon.colcon_core.package_identification:_identify(_resources) by extension 'python_setup_py'
[0.242s] Level 1:colcon.colcon_core.package_identification:_identify(build) by extensions ['ignore', 'ignore_ament_install']
[0.242s] Level 1:colcon.colcon_core.package_identification:_identify(build) by extension 'ignore'
[0.242s] Level 1:colcon.colcon_core.package_identification:_identify(build) ignored
[0.242s] Level 1:colcon.colcon_core.package_identification:_identify(install) by extensions ['ignore', 'ignore_ament_install']
[0.242s] Level 1:colcon.colcon_core.package_identification:_identify(install) by extension 'ignore'
[0.242s] Level 1:colcon.colcon_core.package_identification:_identify(install) ignored
[0.242s] Level 1:colcon.colcon_core.package_identification:_identify(log) by extensions ['ignore', 'ignore_ament_install']
[0.242s] Level 1:colcon.colcon_core.package_identification:_identify(log) by extension 'ignore'
[0.242s] Level 1:colcon.colcon_core.package_identification:_identify(log) ignored
[0.243s] Level 1:colcon.colcon_core.package_identification:_identify(src) by extensions ['ignore', 'ignore_ament_install']
[0.243s] Level 1:colcon.colcon_core.package_identification:_identify(src) by extension 'ignore'
[0.243s] Level 1:colcon.colcon_core.package_identification:_identify(src) by extension 'ignore_ament_install'
[0.243s] Level 1:colcon.colcon_core.package_identification:_identify(src) by extensions ['colcon_pkg']
[0.243s] Level 1:colcon.colcon_core.package_identification:_identify(src) by extension 'colcon_pkg'
[0.243s] Level 1:colcon.colcon_core.package_identification:_identify(src) by extensions ['colcon_meta']
[0.243s] Level 1:colcon.colcon_core.package_identification:_identify(src) by extension 'colcon_meta'
[0.243s] Level 1:colcon.colcon_core.package_identification:_identify(src) by extensions ['ros']
[0.243s] Level 1:colcon.colcon_core.package_identification:_identify(src) by extension 'ros'
[0.243s] Level 1:colcon.colcon_core.package_identification:_identify(src) by extensions ['cmake', 'python']
[0.243s] Level 1:colcon.colcon_core.package_identification:_identify(src) by extension 'cmake'
[0.243s] Level 1:colcon.colcon_core.package_identification:_identify(src) by extension 'python'
[0.243s] Level 1:colcon.colcon_core.package_identification:_identify(src) by extensions ['python_setup_py']
[0.243s] Level 1:colcon.colcon_core.package_identification:_identify(src) by extension 'python_setup_py'
[0.243s] Level 1:colcon.colcon_core.package_identification:_identify(src/kinova_gen3_control_cpp) by extensions ['ignore', 'ignore_ament_install']
[0.243s] Level 1:colcon.colcon_core.package_identification:_identify(src/kinova_gen3_control_cpp) by extension 'ignore'
[0.243s] Level 1:colcon.colcon_core.package_identification:_identify(src/kinova_gen3_control_cpp) by extension 'ignore_ament_install'
[0.243s] Level 1:colcon.colcon_core.package_identification:_identify(src/kinova_gen3_control_cpp) by extensions ['colcon_pkg']
[0.243s] Level 1:colcon.colcon_core.package_identification:_identify(src/kinova_gen3_control_cpp) by extension 'colcon_pkg'
[0.243s] Level 1:colcon.colcon_core.package_identification:_identify(src/kinova_gen3_control_cpp) by extensions ['colcon_meta']
[0.243s] Level 1:colcon.colcon_core.package_identification:_identify(src/kinova_gen3_control_cpp) by extension 'colcon_meta'
[0.243s] Level 1:colcon.colcon_core.package_identification:_identify(src/kinova_gen3_control_cpp) by extensions ['ros']
[0.244s] Level 1:colcon.colcon_core.package_identification:_identify(src/kinova_gen3_control_cpp) by extension 'ros'
[0.246s] DEBUG:colcon.colcon_core.package_identification:Package 'src/kinova_gen3_control_cpp' with type 'ros.ament_cmake' and name 'kinova_gen3_control_cpp'
[0.246s] Level 1:colcon.colcon_core.package_identification:_identify(src/kinova_gen3_control_interfaces) by extensions ['ignore', 'ignore_ament_install']
[0.246s] Level 1:colcon.colcon_core.package_identification:_identify(src/kinova_gen3_control_interfaces) by extension 'ignore'
[0.246s] Level 1:colcon.colcon_core.package_identification:_identify(src/kinova_gen3_control_interfaces) by extension 'ignore_ament_install'
[0.246s] Level 1:colcon.colcon_core.package_identification:_identify(src/kinova_gen3_control_interfaces) by extensions ['colcon_pkg']
[0.246s] Level 1:colcon.colcon_core.package_identification:_identify(src/kinova_gen3_control_interfaces) by extension 'colcon_pkg'
[0.246s] Level 1:colcon.colcon_core.package_identification:_identify(src/kinova_gen3_control_interfaces) by extensions ['colcon_meta']
[0.246s] Level 1:colcon.colcon_core.package_identification:_identify(src/kinova_gen3_control_interfaces) by extension 'colcon_meta'
[0.247s] Level 1:colcon.colcon_core.package_identification:_identify(src/kinova_gen3_control_interfaces) by extensions ['ros']
[0.247s] Level 1:colcon.colcon_core.package_identification:_identify(src/kinova_gen3_control_interfaces) by extension 'ros'
[0.247s] DEBUG:colcon.colcon_core.package_identification:Package 'src/kinova_gen3_control_interfaces' with type 'ros.ament_cmake' and name 'kinova_gen3_control_interfaces'
[0.247s] Level 1:colcon.colcon_core.package_discovery:discover_packages(recursive) using defaults
[0.247s] Level 1:colcon.colcon_core.package_discovery:discover_packages(ignore) discover
[0.248s] Level 1:colcon.colcon_core.package_discovery:discover_packages(ignore) using defaults
[0.248s] Level 1:colcon.colcon_core.package_discovery:discover_packages(path) discover
[0.248s] Level 1:colcon.colcon_core.package_discovery:discover_packages(path) using defaults
[0.267s] Level 5:colcon.colcon_core.verb:set package 'kinova_gen3_control_interfaces' build argument 'cmake_args' from command line to 'None'
[0.267s] Level 5:colcon.colcon_core.verb:set package 'kinova_gen3_control_interfaces' build argument 'cmake_target' from command line to 'None'
[0.267s] Level 5:colcon.colcon_core.verb:set package 'kinova_gen3_control_interfaces' build argument 'cmake_target_skip_unavailable' from command line to 'False'
[0.267s] Level 5:colcon.colcon_core.verb:set package 'kinova_gen3_control_interfaces' build argument 'cmake_clean_cache' from command line to 'False'
[0.267s] Level 5:colcon.colcon_core.verb:set package 'kinova_gen3_control_interfaces' build argument 'cmake_clean_first' from command line to 'False'
[0.267s] Level 5:colcon.colcon_core.verb:set package 'kinova_gen3_control_interfaces' build argument 'cmake_force_configure' from command line to 'False'
[0.267s] Level 5:colcon.colcon_core.verb:set package 'kinova_gen3_control_interfaces' build argument 'ament_cmake_args' from command line to 'None'
[0.267s] Level 5:colcon.colcon_core.verb:set package 'kinova_gen3_control_interfaces' build argument 'catkin_cmake_args' from command line to 'None'
[0.267s] Level 5:colcon.colcon_core.verb:set package 'kinova_gen3_control_interfaces' build argument 'catkin_skip_building_tests' from command line to 'False'
[0.267s] DEBUG:colcon.colcon_core.verb:Building package 'kinova_gen3_control_interfaces' with the following arguments: {'ament_cmake_args': None, 'build_base': '/home/ws/build/kinova_gen3_control_interfaces', 'catkin_cmake_args': None, 'catkin_skip_building_tests': False, 'cmake_args': None, 'cmake_clean_cache': False, 'cmake_clean_first': False, 'cmake_force_configure': False, 'cmake_target': None, 'cmake_target_skip_unavailable': False, 'install_base': '/home/ws/install/kinova_gen3_control_interfaces', 'merge_install': False, 'path': '/home/ws/src/kinova_gen3_control_interfaces', 'symlink_install': False, 'test_result_base': None}
[0.267s] Level 5:colcon.colcon_core.verb:set package 'kinova_gen3_control_cpp' build argument 'cmake_args' from command line to 'None'
[0.267s] Level 5:colcon.colcon_core.verb:set package 'kinova_gen3_control_cpp' build argument 'cmake_target' from command line to 'None'
[0.267s] Level 5:colcon.colcon_core.verb:set package 'kinova_gen3_control_cpp' build argument 'cmake_target_skip_unavailable' from command line to 'False'
[0.267s] Level 5:colcon.colcon_core.verb:set package 'kinova_gen3_control_cpp' build argument 'cmake_clean_cache' from command line to 'False'
[0.268s] Level 5:colcon.colcon_core.verb:set package 'kinova_gen3_control_cpp' build argument 'cmake_clean_first' from command line to 'False'
[0.268s] Level 5:colcon.colcon_core.verb:set package 'kinova_gen3_control_cpp' build argument 'cmake_force_configure' from command line to 'False'
[0.268s] Level 5:colcon.colcon_core.verb:set package 'kinova_gen3_control_cpp' build argument 'ament_cmake_args' from command line to 'None'
[0.268s] Level 5:colcon.colcon_core.verb:set package 'kinova_gen3_control_cpp' build argument 'catkin_cmake_args' from command line to 'None'
[0.268s] Level 5:colcon.colcon_core.verb:set package 'kinova_gen3_control_cpp' build argument 'catkin_skip_building_tests' from command line to 'False'
[0.268s] DEBUG:colcon.colcon_core.verb:Building package 'kinova_gen3_control_cpp' with the following arguments: {'ament_cmake_args': None, 'build_base': '/home/ws/build/kinova_gen3_control_cpp', 'catkin_cmake_args': None, 'catkin_skip_building_tests': False, 'cmake_args': None, 'cmake_clean_cache': False, 'cmake_clean_first': False, 'cmake_force_configure': False, 'cmake_target': None, 'cmake_target_skip_unavailable': False, 'install_base': '/home/ws/install/kinova_gen3_control_cpp', 'merge_install': False, 'path': '/home/ws/src/kinova_gen3_control_cpp', 'symlink_install': False, 'test_result_base': None}
[0.268s] INFO:colcon.colcon_core.executor:Executing jobs using 'parallel' executor
[0.269s] DEBUG:colcon.colcon_parallel_executor.executor.parallel:run_until_complete
[0.269s] INFO:colcon.colcon_ros.task.ament_cmake.build:Building ROS package in '/home/ws/src/kinova_gen3_control_interfaces' with build type 'ament_cmake'
[0.269s] INFO:colcon.colcon_cmake.task.cmake.build:Building CMake package in '/home/ws/src/kinova_gen3_control_interfaces'
[0.272s] INFO:colcon.colcon_core.plugin_system:Skipping extension 'colcon_core.shell.bat': Not used on non-Windows systems
[0.272s] INFO:colcon.colcon_core.shell:Skip shell extension 'powershell' for command environment: Not usable outside of PowerShell
[0.272s] DEBUG:colcon.colcon_core.shell:Skip shell extension 'dsv' for command environment
[0.284s] DEBUG:colcon.colcon_core.event_handler.log_command:Invoking command in '/home/ws/build/kinova_gen3_control_interfaces': CMAKE_PREFIX_PATH=${CMAKE_PREFIX_PATH}:/opt/ros/humble /usr/bin/cmake --build /home/ws/build/kinova_gen3_control_interfaces -- -j12 -l12
[0.628s] DEBUG:colcon.colcon_core.event_handler.log_command:Invoked command in '/home/ws/build/kinova_gen3_control_interfaces' returned '0': CMAKE_PREFIX_PATH=${CMAKE_PREFIX_PATH}:/opt/ros/humble /usr/bin/cmake --build /home/ws/build/kinova_gen3_control_interfaces -- -j12 -l12
[0.742s] DEBUG:colcon.colcon_core.event_handler.log_command:Invoking command in '/home/ws/build/kinova_gen3_control_interfaces': CMAKE_PREFIX_PATH=${CMAKE_PREFIX_PATH}:/opt/ros/humble /usr/bin/cmake --install /home/ws/build/kinova_gen3_control_interfaces
[0.806s] Level 1:colcon.colcon_core.environment:create_environment_scripts_only(kinova_gen3_control_interfaces)
[0.806s] DEBUG:colcon.colcon_core.event_handler.log_command:Invoked command in '/home/ws/build/kinova_gen3_control_interfaces' returned '0': CMAKE_PREFIX_PATH=${CMAKE_PREFIX_PATH}:/opt/ros/humble /usr/bin/cmake --install /home/ws/build/kinova_gen3_control_interfaces
[0.809s] Level 1:colcon.colcon_core.environment:checking '/home/ws/install/kinova_gen3_control_interfaces' for CMake module files
[0.810s] Level 1:colcon.colcon_core.environment:checking '/home/ws/install/kinova_gen3_control_interfaces' for CMake config files
[0.811s] Level 1:colcon.colcon_core.shell:create_environment_hook('kinova_gen3_control_interfaces', 'cmake_prefix_path')
[0.811s] INFO:colcon.colcon_core.shell:Creating environment hook '/home/ws/install/kinova_gen3_control_interfaces/share/kinova_gen3_control_interfaces/hook/cmake_prefix_path.ps1'
[0.812s] INFO:colcon.colcon_core.shell:Creating environment descriptor '/home/ws/install/kinova_gen3_control_interfaces/share/kinova_gen3_control_interfaces/hook/cmake_prefix_path.dsv'
[0.812s] INFO:colcon.colcon_core.shell:Creating environment hook '/home/ws/install/kinova_gen3_control_interfaces/share/kinova_gen3_control_interfaces/hook/cmake_prefix_path.sh'
[0.813s] Level 1:colcon.colcon_core.environment:checking '/home/ws/install/kinova_gen3_control_interfaces/lib'
[0.813s] Level 1:colcon.colcon_core.shell:create_environment_hook('kinova_gen3_control_interfaces', 'ld_library_path_lib')
[0.813s] INFO:colcon.colcon_core.shell:Creating environment hook '/home/ws/install/kinova_gen3_control_interfaces/share/kinova_gen3_control_interfaces/hook/ld_library_path_lib.ps1'
[0.814s] INFO:colcon.colcon_core.shell:Creating environment descriptor '/home/ws/install/kinova_gen3_control_interfaces/share/kinova_gen3_control_interfaces/hook/ld_library_path_lib.dsv'
[0.815s] INFO:colcon.colcon_core.shell:Creating environment hook '/home/ws/install/kinova_gen3_control_interfaces/share/kinova_gen3_control_interfaces/hook/ld_library_path_lib.sh'
[0.815s] Level 1:colcon.colcon_core.environment:checking '/home/ws/install/kinova_gen3_control_interfaces/bin'
[0.815s] Level 1:colcon.colcon_core.environment:checking '/home/ws/install/kinova_gen3_control_interfaces/lib/pkgconfig/kinova_gen3_control_interfaces.pc'
[0.817s] Level 1:colcon.colcon_core.environment:checking '/home/ws/install/kinova_gen3_control_interfaces/lib/python3.10/site-packages'
[0.817s] Level 1:colcon.colcon_core.environment:checking '/home/ws/install/kinova_gen3_control_interfaces/bin'
[0.818s] INFO:colcon.colcon_core.shell:Creating package script '/home/ws/install/kinova_gen3_control_interfaces/share/kinova_gen3_control_interfaces/package.ps1'
[0.819s] INFO:colcon.colcon_core.shell:Creating package descriptor '/home/ws/install/kinova_gen3_control_interfaces/share/kinova_gen3_control_interfaces/package.dsv'
[0.819s] INFO:colcon.colcon_core.shell:Creating package script '/home/ws/install/kinova_gen3_control_interfaces/share/kinova_gen3_control_interfaces/package.sh'
[0.820s] INFO:colcon.colcon_core.shell:Creating package script '/home/ws/install/kinova_gen3_control_interfaces/share/kinova_gen3_control_interfaces/package.bash'
[0.821s] INFO:colcon.colcon_core.shell:Creating package script '/home/ws/install/kinova_gen3_control_interfaces/share/kinova_gen3_control_interfaces/package.zsh'
[0.822s] Level 1:colcon.colcon_core.environment:create_file_with_runtime_dependencies(/home/ws/install/kinova_gen3_control_interfaces/share/colcon-core/packages/kinova_gen3_control_interfaces)
[0.903s] Level 1:colcon.colcon_core.environment:create_environment_scripts_only(kinova_gen3_control_interfaces)
[0.904s] Level 1:colcon.colcon_core.environment:checking '/home/ws/install/kinova_gen3_control_interfaces' for CMake module files
[0.904s] Level 1:colcon.colcon_core.environment:checking '/home/ws/install/kinova_gen3_control_interfaces' for CMake config files
[0.905s] Level 1:colcon.colcon_core.shell:create_environment_hook('kinova_gen3_control_interfaces', 'cmake_prefix_path')
[0.905s] INFO:colcon.colcon_core.shell:Creating environment hook '/home/ws/install/kinova_gen3_control_interfaces/share/kinova_gen3_control_interfaces/hook/cmake_prefix_path.ps1'
[0.905s] INFO:colcon.colcon_core.shell:Creating environment descriptor '/home/ws/install/kinova_gen3_control_interfaces/share/kinova_gen3_control_interfaces/hook/cmake_prefix_path.dsv'
[0.905s] INFO:colcon.colcon_core.shell:Creating environment hook '/home/ws/install/kinova_gen3_control_interfaces/share/kinova_gen3_control_interfaces/hook/cmake_prefix_path.sh'
[0.906s] Level 1:colcon.colcon_core.environment:checking '/home/ws/install/kinova_gen3_control_interfaces/lib'
[0.906s] Level 1:colcon.colcon_core.shell:create_environment_hook('kinova_gen3_control_interfaces', 'ld_library_path_lib')
[0.906s] INFO:colcon.colcon_core.shell:Creating environment hook '/home/ws/install/kinova_gen3_control_interfaces/share/kinova_gen3_control_interfaces/hook/ld_library_path_lib.ps1'
[0.907s] INFO:colcon.colcon_core.shell:Creating environment descriptor '/home/ws/install/kinova_gen3_control_interfaces/share/kinova_gen3_control_interfaces/hook/ld_library_path_lib.dsv'
[0.907s] INFO:colcon.colcon_core.shell:Creating environment hook '/home/ws/install/kinova_gen3_control_interfaces/share/kinova_gen3_control_interfaces/hook/ld_library_path_lib.sh'
[0.907s] Level 1:colcon.colcon_core.environment:checking '/home/ws/install/kinova_gen3_control_interfaces/bin'
[0.907s] Level 1:colcon.colcon_core.environment:checking '/home/ws/install/kinova_gen3_control_interfaces/lib/pkgconfig/kinova_gen3_control_interfaces.pc'
[0.908s] Level 1:colcon.colcon_core.environment:checking '/home/ws/install/kinova_gen3_control_interfaces/lib/python3.10/site-packages'
[0.908s] Level 1:colcon.colcon_core.environment:checking '/home/ws/install/kinova_gen3_control_interfaces/bin'
[0.908s] INFO:colcon.colcon_core.shell:Creating package script '/home/ws/install/kinova_gen3_control_interfaces/share/kinova_gen3_control_interfaces/package.ps1'
[0.909s] INFO:colcon.colcon_core.shell:Creating package descriptor '/home/ws/install/kinova_gen3_control_interfaces/share/kinova_gen3_control_interfaces/package.dsv'
[0.909s] INFO:colcon.colcon_core.shell:Creating package script '/home/ws/install/kinova_gen3_control_interfaces/share/kinova_gen3_control_interfaces/package.sh'
[0.909s] INFO:colcon.colcon_core.shell:Creating package script '/home/ws/install/kinova_gen3_control_interfaces/share/kinova_gen3_control_interfaces/package.bash'
[0.910s] INFO:colcon.colcon_core.shell:Creating package script '/home/ws/install/kinova_gen3_control_interfaces/share/kinova_gen3_control_interfaces/package.zsh'
[0.910s] Level 1:colcon.colcon_core.environment:create_file_with_runtime_dependencies(/home/ws/install/kinova_gen3_control_interfaces/share/colcon-core/packages/kinova_gen3_control_interfaces)
[0.910s] INFO:colcon.colcon_ros.task.ament_cmake.build:Building ROS package in '/home/ws/src/kinova_gen3_control_cpp' with build type 'ament_cmake'
[0.911s] INFO:colcon.colcon_cmake.task.cmake.build:Building CMake package in '/home/ws/src/kinova_gen3_control_cpp'
[0.911s] INFO:colcon.colcon_core.shell:Skip shell extension 'powershell' for command environment: Not usable outside of PowerShell
[0.911s] DEBUG:colcon.colcon_core.shell:Skip shell extension 'dsv' for command environment
[0.923s] DEBUG:colcon.colcon_core.event_handler.log_command:Invoking command in '/home/ws/build/kinova_gen3_control_cpp': CMAKE_PREFIX_PATH=/home/ws/install/kinova_gen3_control_interfaces:/home/ws/install/kinova_sim:/home/ws/install/kinova_gen3_control_cpp:/opt/ros/humble LD_LIBRARY_PATH=/home/ws/install/kinova_gen3_control_interfaces/lib:/home/ws/install/kinova_gen3_control_cpp/lib:/opt/ros/humble/opt/rviz_ogre_vendor/lib:/opt/ros/humble/lib/x86_64-linux-gnu:/opt/ros/humble/lib /usr/bin/cmake --build /home/ws/build/kinova_gen3_control_cpp -- -j12 -l12
[1.947s] DEBUG:colcon.colcon_core.event_handler.log_command:Invoked command in '/home/ws/build/kinova_gen3_control_cpp' returned '2': CMAKE_PREFIX_PATH=/home/ws/install/kinova_gen3_control_interfaces:/home/ws/install/kinova_sim:/home/ws/install/kinova_gen3_control_cpp:/opt/ros/humble LD_LIBRARY_PATH=/home/ws/install/kinova_gen3_control_interfaces/lib:/home/ws/install/kinova_gen3_control_cpp/lib:/opt/ros/humble/opt/rviz_ogre_vendor/lib:/opt/ros/humble/lib/x86_64-linux-gnu:/opt/ros/humble/lib /usr/bin/cmake --build /home/ws/build/kinova_gen3_control_cpp -- -j12 -l12
[1.993s] Level 1:colcon.colcon_core.environment:create_environment_scripts_only(kinova_gen3_control_cpp)
[1.993s] Level 1:colcon.colcon_core.environment:checking '/home/ws/install/kinova_gen3_control_cpp' for CMake module files
[1.994s] Level 1:colcon.colcon_core.environment:checking '/home/ws/install/kinova_gen3_control_cpp' for CMake config files
[1.994s] Level 1:colcon.colcon_core.shell:create_environment_hook('kinova_gen3_control_cpp', 'cmake_prefix_path')
[1.994s] INFO:colcon.colcon_core.shell:Creating environment hook '/home/ws/install/kinova_gen3_control_cpp/share/kinova_gen3_control_cpp/hook/cmake_prefix_path.ps1'
[1.995s] INFO:colcon.colcon_core.shell:Creating environment descriptor '/home/ws/install/kinova_gen3_control_cpp/share/kinova_gen3_control_cpp/hook/cmake_prefix_path.dsv'
[1.995s] INFO:colcon.colcon_core.shell:Creating environment hook '/home/ws/install/kinova_gen3_control_cpp/share/kinova_gen3_control_cpp/hook/cmake_prefix_path.sh'
[1.996s] Level 1:colcon.colcon_core.environment:checking '/home/ws/install/kinova_gen3_control_cpp/lib'
[1.996s] Level 1:colcon.colcon_core.shell:create_environment_hook('kinova_gen3_control_cpp', 'ld_library_path_lib')
[1.997s] INFO:colcon.colcon_core.shell:Creating environment hook '/home/ws/install/kinova_gen3_control_cpp/share/kinova_gen3_control_cpp/hook/ld_library_path_lib.ps1'
[1.997s] INFO:colcon.colcon_core.shell:Creating environment descriptor '/home/ws/install/kinova_gen3_control_cpp/share/kinova_gen3_control_cpp/hook/ld_library_path_lib.dsv'
[1.998s] INFO:colcon.colcon_core.shell:Creating environment hook '/home/ws/install/kinova_gen3_control_cpp/share/kinova_gen3_control_cpp/hook/ld_library_path_lib.sh'
[1.998s] Level 1:colcon.colcon_core.environment:checking '/home/ws/install/kinova_gen3_control_cpp/bin'
[1.998s] Level 1:colcon.colcon_core.environment:checking '/home/ws/install/kinova_gen3_control_cpp/lib/pkgconfig/kinova_gen3_control_cpp.pc'
[1.998s] Level 1:colcon.colcon_core.environment:checking '/home/ws/install/kinova_gen3_control_cpp/lib/python3.10/site-packages'
[1.999s] Level 1:colcon.colcon_core.environment:checking '/home/ws/install/kinova_gen3_control_cpp/bin'
[1.999s] INFO:colcon.colcon_core.shell:Creating package script '/home/ws/install/kinova_gen3_control_cpp/share/kinova_gen3_control_cpp/package.ps1'
[2.000s] INFO:colcon.colcon_core.shell:Creating package descriptor '/home/ws/install/kinova_gen3_control_cpp/share/kinova_gen3_control_cpp/package.dsv'
[2.001s] INFO:colcon.colcon_core.shell:Creating package script '/home/ws/install/kinova_gen3_control_cpp/share/kinova_gen3_control_cpp/package.sh'
[2.001s] INFO:colcon.colcon_core.shell:Creating package script '/home/ws/install/kinova_gen3_control_cpp/share/kinova_gen3_control_cpp/package.bash'
[2.002s] INFO:colcon.colcon_core.shell:Creating package script '/home/ws/install/kinova_gen3_control_cpp/share/kinova_gen3_control_cpp/package.zsh'
[2.002s] Level 1:colcon.colcon_core.environment:create_file_with_runtime_dependencies(/home/ws/install/kinova_gen3_control_cpp/share/colcon-core/packages/kinova_gen3_control_cpp)
[2.013s] DEBUG:colcon.colcon_parallel_executor.executor.parallel:closing loop
[2.013s] DEBUG:colcon.colcon_parallel_executor.executor.parallel:loop closed
[2.013s] DEBUG:colcon.colcon_parallel_executor.executor.parallel:run_until_complete finished with '2'
[2.013s] DEBUG:colcon.colcon_core.event_reactor:joining thread
[2.018s] INFO:colcon.colcon_core.plugin_system:Skipping extension 'colcon_notification.desktop_notification.notify_send': Could not find 'notify-send'
[2.018s] INFO:colcon.colcon_core.plugin_system:Skipping extension 'colcon_notification.desktop_notification.terminal_notifier': Not used on non-Darwin systems
[2.018s] INFO:colcon.colcon_core.plugin_system:Skipping extension 'colcon_notification.desktop_notification.win32': Not used on non-Windows systems
[2.018s] INFO:colcon.colcon_notification.desktop_notification:Sending desktop notification using 'notify2'
[2.022s] DEBUG:colcon.colcon_notification.desktop_notification.notify2:Failed to initialize notify2: org.freedesktop.DBus.Error.Spawn.ExecFailed: /usr/bin/dbus-launch terminated abnormally without any error message
[2.022s] DEBUG:colcon.colcon_core.event_reactor:joined thread
[2.023s] INFO:colcon.colcon_core.shell:Creating prefix script '/home/ws/install/local_setup.ps1'
[2.024s] INFO:colcon.colcon_core.shell:Creating prefix util module '/home/ws/install/_local_setup_util_ps1.py'
[2.025s] INFO:colcon.colcon_core.shell:Creating prefix chain script '/home/ws/install/setup.ps1'
[2.027s] INFO:colcon.colcon_core.shell:Creating prefix script '/home/ws/install/local_setup.sh'
[2.027s] INFO:colcon.colcon_core.shell:Creating prefix util module '/home/ws/install/_local_setup_util_sh.py'
[2.028s] INFO:colcon.colcon_core.shell:Creating prefix chain script '/home/ws/install/setup.sh'
[2.029s] INFO:colcon.colcon_core.shell:Creating prefix script '/home/ws/install/local_setup.bash'
[2.030s] INFO:colcon.colcon_core.shell:Creating prefix chain script '/home/ws/install/setup.bash'
[2.031s] INFO:colcon.colcon_core.shell:Creating prefix script '/home/ws/install/local_setup.zsh'
[2.031s] INFO:colcon.colcon_core.shell:Creating prefix chain script '/home/ws/install/setup.zsh'
