[0.028s] Invoking command in '/home/ws/build/kinova_gen3_control_interfaces': CMAKE_PREFIX_PATH=${CMAKE_PREFIX_PATH}:/opt/ros/humble /usr/bin/cmake --build /home/ws/build/kinova_gen3_control_interfaces -- -j12 -l12
[0.123s] [  3%] Built target kinova_gen3_control_interfaces__cpp
[0.126s] [ 12%] Built target kinova_gen3_control_interfaces__rosidl_generator_c
[0.141s] [ 12%] Built target ament_cmake_python_copy_kinova_gen3_control_interfaces
[0.172s] [ 22%] Built target kinova_gen3_control_interfaces__rosidl_typesupport_cpp
[0.172s] [ 32%] Built target kinova_gen3_control_interfaces__rosidl_typesupport_introspection_c
[0.173s] [ 51%] Built target kinova_gen3_control_interfaces__rosidl_typesupport_introspection_cpp
[0.173s] [ 51%] Built target kinova_gen3_control_interfaces__rosidl_typesupport_fastrtps_c
[0.174s] [ 61%] Built target kinova_gen3_control_interfaces__rosidl_typesupport_c
[0.175s] [ 70%] Built target kinova_gen3_control_interfaces__rosidl_typesupport_fastrtps_cpp
[0.219s] [ 70%] Built target kinova_gen3_control_interfaces
[0.265s] [ 74%] Built target kinova_gen3_control_interfaces__py
[0.314s] [ 80%] Built target kinova_gen3_control_interfaces__rosidl_generator_py
[0.357s] [ 87%] Built target kinova_gen3_control_interfaces__rosidl_typesupport_fastrtps_c__pyext
[0.358s] [100%] Built target kinova_gen3_control_interfaces__rosidl_typesupport_c__pyext
[0.359s] [100%] Built target kinova_gen3_control_interfaces__rosidl_typesupport_introspection_c__pyext
[0.504s] running egg_info
[0.505s] writing kinova_gen3_control_interfaces.egg-info/PKG-INFO
[0.505s] writing dependency_links to kinova_gen3_control_interfaces.egg-info/dependency_links.txt
[0.506s] writing top-level names to kinova_gen3_control_interfaces.egg-info/top_level.txt
[0.509s] reading manifest file 'kinova_gen3_control_interfaces.egg-info/SOURCES.txt'
[0.510s] writing manifest file 'kinova_gen3_control_interfaces.egg-info/SOURCES.txt'
[0.553s] [100%] Built target ament_cmake_python_build_kinova_gen3_control_interfaces_egg
[0.574s] Invoked command in '/home/ws/build/kinova_gen3_control_interfaces' returned '0': CMAKE_PREFIX_PATH=${CMAKE_PREFIX_PATH}:/opt/ros/humble /usr/bin/cmake --build /home/ws/build/kinova_gen3_control_interfaces -- -j12 -l12
[0.699s] Invoking command in '/home/ws/build/kinova_gen3_control_interfaces': CMAKE_PREFIX_PATH=${CMAKE_PREFIX_PATH}:/opt/ros/humble /usr/bin/cmake --install /home/ws/build/kinova_gen3_control_interfaces
[0.713s] -- Install configuration: ""
[0.714s] -- Up-to-date: /home/ws/install/kinova_gen3_control_interfaces/share/ament_index/resource_index/rosidl_interfaces/kinova_gen3_control_interfaces
[0.714s] -- Up-to-date: /home/ws/install/kinova_gen3_control_interfaces/include/kinova_gen3_control_interfaces/kinova_gen3_control_interfaces
[0.714s] -- Up-to-date: /home/ws/install/kinova_gen3_control_interfaces/include/kinova_gen3_control_interfaces/kinova_gen3_control_interfaces/msg
[0.714s] -- Up-to-date: /home/ws/install/kinova_gen3_control_interfaces/include/kinova_gen3_control_interfaces/kinova_gen3_control_interfaces/msg/rosidl_generator_c__visibility_control.h
[0.715s] -- Up-to-date: /home/ws/install/kinova_gen3_control_interfaces/include/kinova_gen3_control_interfaces/kinova_gen3_control_interfaces/action
[0.715s] -- Up-to-date: /home/ws/install/kinova_gen3_control_interfaces/include/kinova_gen3_control_interfaces/kinova_gen3_control_interfaces/action/move_arm_effector.h
[0.715s] -- Up-to-date: /home/ws/install/kinova_gen3_control_interfaces/include/kinova_gen3_control_interfaces/kinova_gen3_control_interfaces/action/detail
[0.715s] -- Up-to-date: /home/ws/install/kinova_gen3_control_interfaces/include/kinova_gen3_control_interfaces/kinova_gen3_control_interfaces/action/detail/move_arm_effector__functions.c
[0.715s] -- Up-to-date: /home/ws/install/kinova_gen3_control_interfaces/include/kinova_gen3_control_interfaces/kinova_gen3_control_interfaces/action/detail/move_arm_effector__functions.h
[0.715s] -- Up-to-date: /home/ws/install/kinova_gen3_control_interfaces/include/kinova_gen3_control_interfaces/kinova_gen3_control_interfaces/action/detail/move_arm_effector__struct.h
[0.715s] -- Up-to-date: /home/ws/install/kinova_gen3_control_interfaces/include/kinova_gen3_control_interfaces/kinova_gen3_control_interfaces/action/detail/move_arm_effector__type_support.h
[0.715s] -- Up-to-date: /home/ws/install/kinova_gen3_control_interfaces/share/kinova_gen3_control_interfaces/environment/library_path.sh
[0.716s] -- Up-to-date: /home/ws/install/kinova_gen3_control_interfaces/share/kinova_gen3_control_interfaces/environment/library_path.dsv
[0.716s] -- Up-to-date: /home/ws/install/kinova_gen3_control_interfaces/lib/libkinova_gen3_control_interfaces__rosidl_generator_c.so
[0.716s] -- Up-to-date: /home/ws/install/kinova_gen3_control_interfaces/include/kinova_gen3_control_interfaces/kinova_gen3_control_interfaces
[0.716s] -- Up-to-date: /home/ws/install/kinova_gen3_control_interfaces/include/kinova_gen3_control_interfaces/kinova_gen3_control_interfaces/msg
[0.716s] -- Up-to-date: /home/ws/install/kinova_gen3_control_interfaces/include/kinova_gen3_control_interfaces/kinova_gen3_control_interfaces/msg/rosidl_typesupport_fastrtps_c__visibility_control.h
[0.716s] -- Up-to-date: /home/ws/install/kinova_gen3_control_interfaces/include/kinova_gen3_control_interfaces/kinova_gen3_control_interfaces/action
[0.716s] -- Up-to-date: /home/ws/install/kinova_gen3_control_interfaces/include/kinova_gen3_control_interfaces/kinova_gen3_control_interfaces/action/detail
[0.716s] -- Up-to-date: /home/ws/install/kinova_gen3_control_interfaces/include/kinova_gen3_control_interfaces/kinova_gen3_control_interfaces/action/detail/move_arm_effector__rosidl_typesupport_fastrtps_c.h
[0.717s] -- Up-to-date: /home/ws/install/kinova_gen3_control_interfaces/lib/libkinova_gen3_control_interfaces__rosidl_typesupport_fastrtps_c.so
[0.717s] -- Up-to-date: /home/ws/install/kinova_gen3_control_interfaces/include/kinova_gen3_control_interfaces/kinova_gen3_control_interfaces
[0.717s] -- Up-to-date: /home/ws/install/kinova_gen3_control_interfaces/include/kinova_gen3_control_interfaces/kinova_gen3_control_interfaces/action
[0.717s] -- Up-to-date: /home/ws/install/kinova_gen3_control_interfaces/include/kinova_gen3_control_interfaces/kinova_gen3_control_interfaces/action/detail
[0.717s] -- Up-to-date: /home/ws/install/kinova_gen3_control_interfaces/include/kinova_gen3_control_interfaces/kinova_gen3_control_interfaces/action/detail/move_arm_effector__builder.hpp
[0.717s] -- Up-to-date: /home/ws/install/kinova_gen3_control_interfaces/include/kinova_gen3_control_interfaces/kinova_gen3_control_interfaces/action/detail/move_arm_effector__traits.hpp
[0.717s] -- Up-to-date: /home/ws/install/kinova_gen3_control_interfaces/include/kinova_gen3_control_interfaces/kinova_gen3_control_interfaces/action/detail/move_arm_effector__struct.hpp
[0.717s] -- Up-to-date: /home/ws/install/kinova_gen3_control_interfaces/include/kinova_gen3_control_interfaces/kinova_gen3_control_interfaces/action/move_arm_effector.hpp
[0.717s] -- Up-to-date: /home/ws/install/kinova_gen3_control_interfaces/include/kinova_gen3_control_interfaces/kinova_gen3_control_interfaces
[0.718s] -- Up-to-date: /home/ws/install/kinova_gen3_control_interfaces/include/kinova_gen3_control_interfaces/kinova_gen3_control_interfaces/msg
[0.718s] -- Up-to-date: /home/ws/install/kinova_gen3_control_interfaces/include/kinova_gen3_control_interfaces/kinova_gen3_control_interfaces/msg/rosidl_typesupport_fastrtps_cpp__visibility_control.h
[0.718s] -- Up-to-date: /home/ws/install/kinova_gen3_control_interfaces/include/kinova_gen3_control_interfaces/kinova_gen3_control_interfaces/action
[0.718s] -- Up-to-date: /home/ws/install/kinova_gen3_control_interfaces/include/kinova_gen3_control_interfaces/kinova_gen3_control_interfaces/action/detail
[0.718s] -- Up-to-date: /home/ws/install/kinova_gen3_control_interfaces/include/kinova_gen3_control_interfaces/kinova_gen3_control_interfaces/action/detail/move_arm_effector__rosidl_typesupport_fastrtps_cpp.hpp
[0.718s] -- Up-to-date: /home/ws/install/kinova_gen3_control_interfaces/include/kinova_gen3_control_interfaces/kinova_gen3_control_interfaces/action/detail/dds_fastrtps
[0.718s] -- Up-to-date: /home/ws/install/kinova_gen3_control_interfaces/lib/libkinova_gen3_control_interfaces__rosidl_typesupport_fastrtps_cpp.so
[0.718s] -- Up-to-date: /home/ws/install/kinova_gen3_control_interfaces/include/kinova_gen3_control_interfaces/kinova_gen3_control_interfaces
[0.719s] -- Up-to-date: /home/ws/install/kinova_gen3_control_interfaces/include/kinova_gen3_control_interfaces/kinova_gen3_control_interfaces/msg
[0.719s] -- Up-to-date: /home/ws/install/kinova_gen3_control_interfaces/include/kinova_gen3_control_interfaces/kinova_gen3_control_interfaces/msg/rosidl_typesupport_introspection_c__visibility_control.h
[0.719s] -- Up-to-date: /home/ws/install/kinova_gen3_control_interfaces/include/kinova_gen3_control_interfaces/kinova_gen3_control_interfaces/action
[0.719s] -- Up-to-date: /home/ws/install/kinova_gen3_control_interfaces/include/kinova_gen3_control_interfaces/kinova_gen3_control_interfaces/action/detail
[0.719s] -- Up-to-date: /home/ws/install/kinova_gen3_control_interfaces/include/kinova_gen3_control_interfaces/kinova_gen3_control_interfaces/action/detail/move_arm_effector__rosidl_typesupport_introspection_c.h
[0.719s] -- Up-to-date: /home/ws/install/kinova_gen3_control_interfaces/include/kinova_gen3_control_interfaces/kinova_gen3_control_interfaces/action/detail/move_arm_effector__type_support.c
[0.719s] -- Up-to-date: /home/ws/install/kinova_gen3_control_interfaces/lib/libkinova_gen3_control_interfaces__rosidl_typesupport_introspection_c.so
[0.719s] -- Up-to-date: /home/ws/install/kinova_gen3_control_interfaces/lib/libkinova_gen3_control_interfaces__rosidl_typesupport_c.so
[0.719s] -- Up-to-date: /home/ws/install/kinova_gen3_control_interfaces/include/kinova_gen3_control_interfaces/kinova_gen3_control_interfaces
[0.720s] -- Up-to-date: /home/ws/install/kinova_gen3_control_interfaces/include/kinova_gen3_control_interfaces/kinova_gen3_control_interfaces/action
[0.720s] -- Up-to-date: /home/ws/install/kinova_gen3_control_interfaces/include/kinova_gen3_control_interfaces/kinova_gen3_control_interfaces/action/detail
[0.720s] -- Up-to-date: /home/ws/install/kinova_gen3_control_interfaces/include/kinova_gen3_control_interfaces/kinova_gen3_control_interfaces/action/detail/move_arm_effector__rosidl_typesupport_introspection_cpp.hpp
[0.720s] -- Up-to-date: /home/ws/install/kinova_gen3_control_interfaces/include/kinova_gen3_control_interfaces/kinova_gen3_control_interfaces/action/detail/move_arm_effector__type_support.cpp
[0.720s] -- Up-to-date: /home/ws/install/kinova_gen3_control_interfaces/lib/libkinova_gen3_control_interfaces__rosidl_typesupport_introspection_cpp.so
[0.720s] -- Up-to-date: /home/ws/install/kinova_gen3_control_interfaces/lib/libkinova_gen3_control_interfaces__rosidl_typesupport_cpp.so
[0.721s] -- Up-to-date: /home/ws/install/kinova_gen3_control_interfaces/share/kinova_gen3_control_interfaces/environment/pythonpath.sh
[0.721s] -- Up-to-date: /home/ws/install/kinova_gen3_control_interfaces/share/kinova_gen3_control_interfaces/environment/pythonpath.dsv
[0.721s] -- Up-to-date: /home/ws/install/kinova_gen3_control_interfaces/local/lib/python3.10/dist-packages/kinova_gen3_control_interfaces-0.0.0-py3.10.egg-info
[0.721s] -- Installing: /home/ws/install/kinova_gen3_control_interfaces/local/lib/python3.10/dist-packages/kinova_gen3_control_interfaces-0.0.0-py3.10.egg-info/PKG-INFO
[0.721s] -- Installing: /home/ws/install/kinova_gen3_control_interfaces/local/lib/python3.10/dist-packages/kinova_gen3_control_interfaces-0.0.0-py3.10.egg-info/SOURCES.txt
[0.722s] -- Installing: /home/ws/install/kinova_gen3_control_interfaces/local/lib/python3.10/dist-packages/kinova_gen3_control_interfaces-0.0.0-py3.10.egg-info/top_level.txt
[0.722s] -- Installing: /home/ws/install/kinova_gen3_control_interfaces/local/lib/python3.10/dist-packages/kinova_gen3_control_interfaces-0.0.0-py3.10.egg-info/dependency_links.txt
[0.722s] -- Up-to-date: /home/ws/install/kinova_gen3_control_interfaces/local/lib/python3.10/dist-packages/kinova_gen3_control_interfaces
[0.722s] -- Up-to-date: /home/ws/install/kinova_gen3_control_interfaces/local/lib/python3.10/dist-packages/kinova_gen3_control_interfaces/_kinova_gen3_control_interfaces_s.ep.rosidl_typesupport_introspection_c.c
[0.722s] -- Up-to-date: /home/ws/install/kinova_gen3_control_interfaces/local/lib/python3.10/dist-packages/kinova_gen3_control_interfaces/libkinova_gen3_control_interfaces__rosidl_generator_py.so
[0.723s] -- Up-to-date: /home/ws/install/kinova_gen3_control_interfaces/local/lib/python3.10/dist-packages/kinova_gen3_control_interfaces/_kinova_gen3_control_interfaces_s.ep.rosidl_typesupport_fastrtps_c.c
[0.723s] -- Up-to-date: /home/ws/install/kinova_gen3_control_interfaces/local/lib/python3.10/dist-packages/kinova_gen3_control_interfaces/kinova_gen3_control_interfaces_s__rosidl_typesupport_c.cpython-310-x86_64-linux-gnu.so
[0.723s] -- Up-to-date: /home/ws/install/kinova_gen3_control_interfaces/local/lib/python3.10/dist-packages/kinova_gen3_control_interfaces/__init__.py
[0.723s] -- Up-to-date: /home/ws/install/kinova_gen3_control_interfaces/local/lib/python3.10/dist-packages/kinova_gen3_control_interfaces/kinova_gen3_control_interfaces_s__rosidl_typesupport_introspection_c.cpython-310-x86_64-linux-gnu.so
[0.723s] -- Up-to-date: /home/ws/install/kinova_gen3_control_interfaces/local/lib/python3.10/dist-packages/kinova_gen3_control_interfaces/kinova_gen3_control_interfaces_s__rosidl_typesupport_fastrtps_c.cpython-310-x86_64-linux-gnu.so
[0.723s] -- Up-to-date: /home/ws/install/kinova_gen3_control_interfaces/local/lib/python3.10/dist-packages/kinova_gen3_control_interfaces/action
[0.723s] -- Up-to-date: /home/ws/install/kinova_gen3_control_interfaces/local/lib/python3.10/dist-packages/kinova_gen3_control_interfaces/action/__init__.py
[0.723s] -- Up-to-date: /home/ws/install/kinova_gen3_control_interfaces/local/lib/python3.10/dist-packages/kinova_gen3_control_interfaces/action/_move_arm_effector_s.c
[0.724s] -- Up-to-date: /home/ws/install/kinova_gen3_control_interfaces/local/lib/python3.10/dist-packages/kinova_gen3_control_interfaces/action/_move_arm_effector.py
[0.724s] -- Up-to-date: /home/ws/install/kinova_gen3_control_interfaces/local/lib/python3.10/dist-packages/kinova_gen3_control_interfaces/_kinova_gen3_control_interfaces_s.ep.rosidl_typesupport_c.c
[0.770s] Listing '/home/ws/install/kinova_gen3_control_interfaces/local/lib/python3.10/dist-packages/kinova_gen3_control_interfaces'...
[0.770s] Listing '/home/ws/install/kinova_gen3_control_interfaces/local/lib/python3.10/dist-packages/kinova_gen3_control_interfaces/action'...
[0.777s] -- Up-to-date: /home/ws/install/kinova_gen3_control_interfaces/local/lib/python3.10/dist-packages/kinova_gen3_control_interfaces/kinova_gen3_control_interfaces_s__rosidl_typesupport_fastrtps_c.cpython-310-x86_64-linux-gnu.so
[0.778s] -- Up-to-date: /home/ws/install/kinova_gen3_control_interfaces/local/lib/python3.10/dist-packages/kinova_gen3_control_interfaces/kinova_gen3_control_interfaces_s__rosidl_typesupport_introspection_c.cpython-310-x86_64-linux-gnu.so
[0.779s] -- Up-to-date: /home/ws/install/kinova_gen3_control_interfaces/local/lib/python3.10/dist-packages/kinova_gen3_control_interfaces/kinova_gen3_control_interfaces_s__rosidl_typesupport_c.cpython-310-x86_64-linux-gnu.so
[0.780s] -- Up-to-date: /home/ws/install/kinova_gen3_control_interfaces/lib/libkinova_gen3_control_interfaces__rosidl_generator_py.so
[0.781s] -- Up-to-date: /home/ws/install/kinova_gen3_control_interfaces/share/kinova_gen3_control_interfaces/action/MoveArmEffector.idl
[0.781s] -- Up-to-date: /home/ws/install/kinova_gen3_control_interfaces/share/kinova_gen3_control_interfaces/action/MoveArmEffector.action
[0.781s] -- Up-to-date: /home/ws/install/kinova_gen3_control_interfaces/share/ament_index/resource_index/package_run_dependencies/kinova_gen3_control_interfaces
[0.782s] -- Up-to-date: /home/ws/install/kinova_gen3_control_interfaces/share/ament_index/resource_index/parent_prefix_path/kinova_gen3_control_interfaces
[0.782s] -- Up-to-date: /home/ws/install/kinova_gen3_control_interfaces/share/kinova_gen3_control_interfaces/environment/ament_prefix_path.sh
[0.782s] -- Up-to-date: /home/ws/install/kinova_gen3_control_interfaces/share/kinova_gen3_control_interfaces/environment/ament_prefix_path.dsv
[0.782s] -- Up-to-date: /home/ws/install/kinova_gen3_control_interfaces/share/kinova_gen3_control_interfaces/environment/path.sh
[0.783s] -- Up-to-date: /home/ws/install/kinova_gen3_control_interfaces/share/kinova_gen3_control_interfaces/environment/path.dsv
[0.783s] -- Up-to-date: /home/ws/install/kinova_gen3_control_interfaces/share/kinova_gen3_control_interfaces/local_setup.bash
[0.783s] -- Up-to-date: /home/ws/install/kinova_gen3_control_interfaces/share/kinova_gen3_control_interfaces/local_setup.sh
[0.783s] -- Up-to-date: /home/ws/install/kinova_gen3_control_interfaces/share/kinova_gen3_control_interfaces/local_setup.zsh
[0.784s] -- Up-to-date: /home/ws/install/kinova_gen3_control_interfaces/share/kinova_gen3_control_interfaces/local_setup.dsv
[0.784s] -- Installing: /home/ws/install/kinova_gen3_control_interfaces/share/kinova_gen3_control_interfaces/package.dsv
[0.784s] -- Up-to-date: /home/ws/install/kinova_gen3_control_interfaces/share/ament_index/resource_index/packages/kinova_gen3_control_interfaces
[0.785s] -- Up-to-date: /home/ws/install/kinova_gen3_control_interfaces/share/kinova_gen3_control_interfaces/cmake/export_kinova_gen3_control_interfaces__rosidl_generator_cExport.cmake
[0.785s] -- Up-to-date: /home/ws/install/kinova_gen3_control_interfaces/share/kinova_gen3_control_interfaces/cmake/export_kinova_gen3_control_interfaces__rosidl_generator_cExport-noconfig.cmake
[0.785s] -- Up-to-date: /home/ws/install/kinova_gen3_control_interfaces/share/kinova_gen3_control_interfaces/cmake/export_kinova_gen3_control_interfaces__rosidl_typesupport_fastrtps_cExport.cmake
[0.785s] -- Up-to-date: /home/ws/install/kinova_gen3_control_interfaces/share/kinova_gen3_control_interfaces/cmake/export_kinova_gen3_control_interfaces__rosidl_typesupport_fastrtps_cExport-noconfig.cmake
[0.786s] -- Up-to-date: /home/ws/install/kinova_gen3_control_interfaces/share/kinova_gen3_control_interfaces/cmake/export_kinova_gen3_control_interfaces__rosidl_generator_cppExport.cmake
[0.786s] -- Up-to-date: /home/ws/install/kinova_gen3_control_interfaces/share/kinova_gen3_control_interfaces/cmake/export_kinova_gen3_control_interfaces__rosidl_typesupport_fastrtps_cppExport.cmake
[0.786s] -- Up-to-date: /home/ws/install/kinova_gen3_control_interfaces/share/kinova_gen3_control_interfaces/cmake/export_kinova_gen3_control_interfaces__rosidl_typesupport_fastrtps_cppExport-noconfig.cmake
[0.787s] -- Up-to-date: /home/ws/install/kinova_gen3_control_interfaces/share/kinova_gen3_control_interfaces/cmake/kinova_gen3_control_interfaces__rosidl_typesupport_introspection_cExport.cmake
[0.787s] -- Up-to-date: /home/ws/install/kinova_gen3_control_interfaces/share/kinova_gen3_control_interfaces/cmake/kinova_gen3_control_interfaces__rosidl_typesupport_introspection_cExport-noconfig.cmake
[0.787s] -- Up-to-date: /home/ws/install/kinova_gen3_control_interfaces/share/kinova_gen3_control_interfaces/cmake/kinova_gen3_control_interfaces__rosidl_typesupport_cExport.cmake
[0.787s] -- Up-to-date: /home/ws/install/kinova_gen3_control_interfaces/share/kinova_gen3_control_interfaces/cmake/kinova_gen3_control_interfaces__rosidl_typesupport_cExport-noconfig.cmake
[0.788s] -- Up-to-date: /home/ws/install/kinova_gen3_control_interfaces/share/kinova_gen3_control_interfaces/cmake/kinova_gen3_control_interfaces__rosidl_typesupport_introspection_cppExport.cmake
[0.788s] -- Up-to-date: /home/ws/install/kinova_gen3_control_interfaces/share/kinova_gen3_control_interfaces/cmake/kinova_gen3_control_interfaces__rosidl_typesupport_introspection_cppExport-noconfig.cmake
[0.789s] -- Up-to-date: /home/ws/install/kinova_gen3_control_interfaces/share/kinova_gen3_control_interfaces/cmake/kinova_gen3_control_interfaces__rosidl_typesupport_cppExport.cmake
[0.789s] -- Up-to-date: /home/ws/install/kinova_gen3_control_interfaces/share/kinova_gen3_control_interfaces/cmake/kinova_gen3_control_interfaces__rosidl_typesupport_cppExport-noconfig.cmake
[0.789s] -- Up-to-date: /home/ws/install/kinova_gen3_control_interfaces/share/kinova_gen3_control_interfaces/cmake/export_kinova_gen3_control_interfaces__rosidl_generator_pyExport.cmake
[0.789s] -- Up-to-date: /home/ws/install/kinova_gen3_control_interfaces/share/kinova_gen3_control_interfaces/cmake/export_kinova_gen3_control_interfaces__rosidl_generator_pyExport-noconfig.cmake
[0.790s] -- Up-to-date: /home/ws/install/kinova_gen3_control_interfaces/share/kinova_gen3_control_interfaces/cmake/rosidl_cmake-extras.cmake
[0.790s] -- Up-to-date: /home/ws/install/kinova_gen3_control_interfaces/share/kinova_gen3_control_interfaces/cmake/ament_cmake_export_dependencies-extras.cmake
[0.790s] -- Up-to-date: /home/ws/install/kinova_gen3_control_interfaces/share/kinova_gen3_control_interfaces/cmake/ament_cmake_export_include_directories-extras.cmake
[0.790s] -- Up-to-date: /home/ws/install/kinova_gen3_control_interfaces/share/kinova_gen3_control_interfaces/cmake/ament_cmake_export_libraries-extras.cmake
[0.791s] -- Up-to-date: /home/ws/install/kinova_gen3_control_interfaces/share/kinova_gen3_control_interfaces/cmake/ament_cmake_export_targets-extras.cmake
[0.791s] -- Up-to-date: /home/ws/install/kinova_gen3_control_interfaces/share/kinova_gen3_control_interfaces/cmake/rosidl_cmake_export_typesupport_targets-extras.cmake
[0.791s] -- Up-to-date: /home/ws/install/kinova_gen3_control_interfaces/share/kinova_gen3_control_interfaces/cmake/rosidl_cmake_export_typesupport_libraries-extras.cmake
[0.791s] -- Up-to-date: /home/ws/install/kinova_gen3_control_interfaces/share/kinova_gen3_control_interfaces/cmake/kinova_gen3_control_interfacesConfig.cmake
[0.792s] -- Up-to-date: /home/ws/install/kinova_gen3_control_interfaces/share/kinova_gen3_control_interfaces/cmake/kinova_gen3_control_interfacesConfig-version.cmake
[0.792s] -- Up-to-date: /home/ws/install/kinova_gen3_control_interfaces/share/kinova_gen3_control_interfaces/package.xml
[0.798s] Invoked command in '/home/ws/build/kinova_gen3_control_interfaces' returned '0': CMAKE_PREFIX_PATH=${CMAKE_PREFIX_PATH}:/opt/ros/humble /usr/bin/cmake --install /home/ws/build/kinova_gen3_control_interfaces
