[0.106s] DEBUG:colcon:Command line arguments: ['/usr/bin/colcon', 'build']
[0.107s] DEBUG:colcon:Parsed command line arguments: Namespace(log_base=None, log_level=None, verb_name='build', build_base='build', install_base='install', merge_install=False, symlink_install=False, test_result_base=None, continue_on_error=False, executor='parallel', parallel_workers=12, event_handlers=None, ignore_user_meta=False, metas=['./colcon.meta'], base_paths=['.'], packages_ignore=None, packages_ignore_regex=None, paths=None, packages_up_to=None, packages_up_to_regex=None, packages_above=None, packages_above_and_dependencies=None, packages_above_depth=None, packages_select_by_dep=None, packages_skip_by_dep=None, packages_skip_up_to=None, packages_select_build_failed=False, packages_skip_build_finished=False, packages_select_test_failures=False, packages_skip_test_passed=False, packages_select=None, packages_skip=None, packages_select_regex=None, packages_skip_regex=None, packages_start=None, packages_end=None, cmake_args=None, cmake_target=None, cmake_target_skip_unavailable=False, cmake_clean_cache=False, cmake_clean_first=False, cmake_force_configure=False, ament_cmake_args=None, catkin_cmake_args=None, catkin_skip_building_tests=False, mixin_files=None, mixin=None, verb_parser=<colcon_mixin.mixin.mixin_argument.MixinArgumentDecorator object at 0x74827c4f8400>, verb_extension=<colcon_core.verb.build.BuildVerb object at 0x74827c4c3bb0>, main=<bound method BuildVerb.main of <colcon_core.verb.build.BuildVerb object at 0x74827c4c3bb0>>, mixin_verb=('build',))
[0.258s] Level 1:colcon.colcon_core.package_discovery:discover_packages(colcon_meta) check parameters
[0.259s] Level 1:colcon.colcon_core.package_discovery:discover_packages(recursive) check parameters
[0.259s] Level 1:colcon.colcon_core.package_discovery:discover_packages(ignore) check parameters
[0.259s] Level 1:colcon.colcon_core.package_discovery:discover_packages(path) check parameters
[0.259s] Level 1:colcon.colcon_core.package_discovery:discover_packages(colcon_meta) discover
[0.259s] Level 1:colcon.colcon_core.package_discovery:discover_packages(recursive) discover
[0.259s] INFO:colcon.colcon_core.package_discovery:Crawling recursively for packages in '/home/ws'
[0.259s] Level 1:colcon.colcon_core.package_identification:_identify(.) by extensions ['ignore', 'ignore_ament_install']
[0.259s] Level 1:colcon.colcon_core.package_identification:_identify(.) by extension 'ignore'
[0.259s] Level 1:colcon.colcon_core.package_identification:_identify(.) by extension 'ignore_ament_install'
[0.259s] Level 1:colcon.colcon_core.package_identification:_identify(.) by extensions ['colcon_pkg']
[0.259s] Level 1:colcon.colcon_core.package_identification:_identify(.) by extension 'colcon_pkg'
[0.259s] Level 1:colcon.colcon_core.package_identification:_identify(.) by extensions ['colcon_meta']
[0.259s] Level 1:colcon.colcon_core.package_identification:_identify(.) by extension 'colcon_meta'
[0.259s] Level 1:colcon.colcon_core.package_identification:_identify(.) by extensions ['ros']
[0.259s] Level 1:colcon.colcon_core.package_identification:_identify(.) by extension 'ros'
[0.269s] Level 1:colcon.colcon_core.package_identification:_identify(.) by extensions ['cmake', 'python']
[0.269s] Level 1:colcon.colcon_core.package_identification:_identify(.) by extension 'cmake'
[0.269s] Level 1:colcon.colcon_core.package_identification:_identify(.) by extension 'python'
[0.269s] Level 1:colcon.colcon_core.package_identification:_identify(.) by extensions ['python_setup_py']
[0.269s] Level 1:colcon.colcon_core.package_identification:_identify(.) by extension 'python_setup_py'
[0.269s] Level 1:colcon.colcon_core.package_identification:_identify(_resources) by extensions ['ignore', 'ignore_ament_install']
[0.269s] Level 1:colcon.colcon_core.package_identification:_identify(_resources) by extension 'ignore'
[0.269s] Level 1:colcon.colcon_core.package_identification:_identify(_resources) by extension 'ignore_ament_install'
[0.269s] Level 1:colcon.colcon_core.package_identification:_identify(_resources) by extensions ['colcon_pkg']
[0.269s] Level 1:colcon.colcon_core.package_identification:_identify(_resources) by extension 'colcon_pkg'
[0.269s] Level 1:colcon.colcon_core.package_identification:_identify(_resources) by extensions ['colcon_meta']
[0.269s] Level 1:colcon.colcon_core.package_identification:_identify(_resources) by extension 'colcon_meta'
[0.269s] Level 1:colcon.colcon_core.package_identification:_identify(_resources) by extensions ['ros']
[0.269s] Level 1:colcon.colcon_core.package_identification:_identify(_resources) by extension 'ros'
[0.269s] Level 1:colcon.colcon_core.package_identification:_identify(_resources) by extensions ['cmake', 'python']
[0.269s] Level 1:colcon.colcon_core.package_identification:_identify(_resources) by extension 'cmake'
[0.269s] Level 1:colcon.colcon_core.package_identification:_identify(_resources) by extension 'python'
[0.269s] Level 1:colcon.colcon_core.package_identification:_identify(_resources) by extensions ['python_setup_py']
[0.269s] Level 1:colcon.colcon_core.package_identification:_identify(_resources) by extension 'python_setup_py'
[0.269s] Level 1:colcon.colcon_core.package_identification:_identify(build) by extensions ['ignore', 'ignore_ament_install']
[0.269s] Level 1:colcon.colcon_core.package_identification:_identify(build) by extension 'ignore'
[0.270s] Level 1:colcon.colcon_core.package_identification:_identify(build) ignored
[0.270s] Level 1:colcon.colcon_core.package_identification:_identify(install) by extensions ['ignore', 'ignore_ament_install']
[0.270s] Level 1:colcon.colcon_core.package_identification:_identify(install) by extension 'ignore'
[0.270s] Level 1:colcon.colcon_core.package_identification:_identify(install) ignored
[0.270s] Level 1:colcon.colcon_core.package_identification:_identify(log) by extensions ['ignore', 'ignore_ament_install']
[0.270s] Level 1:colcon.colcon_core.package_identification:_identify(log) by extension 'ignore'
[0.270s] Level 1:colcon.colcon_core.package_identification:_identify(log) ignored
[0.270s] Level 1:colcon.colcon_core.package_identification:_identify(src) by extensions ['ignore', 'ignore_ament_install']
[0.270s] Level 1:colcon.colcon_core.package_identification:_identify(src) by extension 'ignore'
[0.270s] Level 1:colcon.colcon_core.package_identification:_identify(src) by extension 'ignore_ament_install'
[0.270s] Level 1:colcon.colcon_core.package_identification:_identify(src) by extensions ['colcon_pkg']
[0.270s] Level 1:colcon.colcon_core.package_identification:_identify(src) by extension 'colcon_pkg'
[0.270s] Level 1:colcon.colcon_core.package_identification:_identify(src) by extensions ['colcon_meta']
[0.270s] Level 1:colcon.colcon_core.package_identification:_identify(src) by extension 'colcon_meta'
[0.270s] Level 1:colcon.colcon_core.package_identification:_identify(src) by extensions ['ros']
[0.270s] Level 1:colcon.colcon_core.package_identification:_identify(src) by extension 'ros'
[0.270s] Level 1:colcon.colcon_core.package_identification:_identify(src) by extensions ['cmake', 'python']
[0.270s] Level 1:colcon.colcon_core.package_identification:_identify(src) by extension 'cmake'
[0.270s] Level 1:colcon.colcon_core.package_identification:_identify(src) by extension 'python'
[0.270s] Level 1:colcon.colcon_core.package_identification:_identify(src) by extensions ['python_setup_py']
[0.270s] Level 1:colcon.colcon_core.package_identification:_identify(src) by extension 'python_setup_py'
[0.270s] Level 1:colcon.colcon_core.package_identification:_identify(src/kinova_gen3_control_cpp) by extensions ['ignore', 'ignore_ament_install']
[0.271s] Level 1:colcon.colcon_core.package_identification:_identify(src/kinova_gen3_control_cpp) by extension 'ignore'
[0.271s] Level 1:colcon.colcon_core.package_identification:_identify(src/kinova_gen3_control_cpp) by extension 'ignore_ament_install'
[0.271s] Level 1:colcon.colcon_core.package_identification:_identify(src/kinova_gen3_control_cpp) by extensions ['colcon_pkg']
[0.271s] Level 1:colcon.colcon_core.package_identification:_identify(src/kinova_gen3_control_cpp) by extension 'colcon_pkg'
[0.271s] Level 1:colcon.colcon_core.package_identification:_identify(src/kinova_gen3_control_cpp) by extensions ['colcon_meta']
[0.271s] Level 1:colcon.colcon_core.package_identification:_identify(src/kinova_gen3_control_cpp) by extension 'colcon_meta'
[0.271s] Level 1:colcon.colcon_core.package_identification:_identify(src/kinova_gen3_control_cpp) by extensions ['ros']
[0.271s] Level 1:colcon.colcon_core.package_identification:_identify(src/kinova_gen3_control_cpp) by extension 'ros'
[0.273s] DEBUG:colcon.colcon_core.package_identification:Package 'src/kinova_gen3_control_cpp' with type 'ros.ament_cmake' and name 'kinova_gen3_control_cpp'
[0.273s] Level 1:colcon.colcon_core.package_identification:_identify(src/kinova_gen3_control_interfaces) by extensions ['ignore', 'ignore_ament_install']
[0.273s] Level 1:colcon.colcon_core.package_identification:_identify(src/kinova_gen3_control_interfaces) by extension 'ignore'
[0.273s] Level 1:colcon.colcon_core.package_identification:_identify(src/kinova_gen3_control_interfaces) by extension 'ignore_ament_install'
[0.273s] Level 1:colcon.colcon_core.package_identification:_identify(src/kinova_gen3_control_interfaces) by extensions ['colcon_pkg']
[0.273s] Level 1:colcon.colcon_core.package_identification:_identify(src/kinova_gen3_control_interfaces) by extension 'colcon_pkg'
[0.273s] Level 1:colcon.colcon_core.package_identification:_identify(src/kinova_gen3_control_interfaces) by extensions ['colcon_meta']
[0.273s] Level 1:colcon.colcon_core.package_identification:_identify(src/kinova_gen3_control_interfaces) by extension 'colcon_meta'
[0.273s] Level 1:colcon.colcon_core.package_identification:_identify(src/kinova_gen3_control_interfaces) by extensions ['ros']
[0.274s] Level 1:colcon.colcon_core.package_identification:_identify(src/kinova_gen3_control_interfaces) by extension 'ros'
[0.274s] DEBUG:colcon.colcon_core.package_identification:Package 'src/kinova_gen3_control_interfaces' with type 'ros.ament_cmake' and name 'kinova_gen3_control_interfaces'
[0.274s] Level 1:colcon.colcon_core.package_discovery:discover_packages(recursive) using defaults
[0.274s] Level 1:colcon.colcon_core.package_discovery:discover_packages(ignore) discover
[0.274s] Level 1:colcon.colcon_core.package_discovery:discover_packages(ignore) using defaults
[0.274s] Level 1:colcon.colcon_core.package_discovery:discover_packages(path) discover
[0.274s] Level 1:colcon.colcon_core.package_discovery:discover_packages(path) using defaults
[0.293s] Level 5:colcon.colcon_core.verb:set package 'kinova_gen3_control_interfaces' build argument 'cmake_args' from command line to 'None'
[0.293s] Level 5:colcon.colcon_core.verb:set package 'kinova_gen3_control_interfaces' build argument 'cmake_target' from command line to 'None'
[0.293s] Level 5:colcon.colcon_core.verb:set package 'kinova_gen3_control_interfaces' build argument 'cmake_target_skip_unavailable' from command line to 'False'
[0.293s] Level 5:colcon.colcon_core.verb:set package 'kinova_gen3_control_interfaces' build argument 'cmake_clean_cache' from command line to 'False'
[0.293s] Level 5:colcon.colcon_core.verb:set package 'kinova_gen3_control_interfaces' build argument 'cmake_clean_first' from command line to 'False'
[0.293s] Level 5:colcon.colcon_core.verb:set package 'kinova_gen3_control_interfaces' build argument 'cmake_force_configure' from command line to 'False'
[0.293s] Level 5:colcon.colcon_core.verb:set package 'kinova_gen3_control_interfaces' build argument 'ament_cmake_args' from command line to 'None'
[0.294s] Level 5:colcon.colcon_core.verb:set package 'kinova_gen3_control_interfaces' build argument 'catkin_cmake_args' from command line to 'None'
[0.294s] Level 5:colcon.colcon_core.verb:set package 'kinova_gen3_control_interfaces' build argument 'catkin_skip_building_tests' from command line to 'False'
[0.294s] DEBUG:colcon.colcon_core.verb:Building package 'kinova_gen3_control_interfaces' with the following arguments: {'ament_cmake_args': None, 'build_base': '/home/ws/build/kinova_gen3_control_interfaces', 'catkin_cmake_args': None, 'catkin_skip_building_tests': False, 'cmake_args': None, 'cmake_clean_cache': False, 'cmake_clean_first': False, 'cmake_force_configure': False, 'cmake_target': None, 'cmake_target_skip_unavailable': False, 'install_base': '/home/ws/install/kinova_gen3_control_interfaces', 'merge_install': False, 'path': '/home/ws/src/kinova_gen3_control_interfaces', 'symlink_install': False, 'test_result_base': None}
[0.294s] Level 5:colcon.colcon_core.verb:set package 'kinova_gen3_control_cpp' build argument 'cmake_args' from command line to 'None'
[0.294s] Level 5:colcon.colcon_core.verb:set package 'kinova_gen3_control_cpp' build argument 'cmake_target' from command line to 'None'
[0.294s] Level 5:colcon.colcon_core.verb:set package 'kinova_gen3_control_cpp' build argument 'cmake_target_skip_unavailable' from command line to 'False'
[0.294s] Level 5:colcon.colcon_core.verb:set package 'kinova_gen3_control_cpp' build argument 'cmake_clean_cache' from command line to 'False'
[0.294s] Level 5:colcon.colcon_core.verb:set package 'kinova_gen3_control_cpp' build argument 'cmake_clean_first' from command line to 'False'
[0.294s] Level 5:colcon.colcon_core.verb:set package 'kinova_gen3_control_cpp' build argument 'cmake_force_configure' from command line to 'False'
[0.294s] Level 5:colcon.colcon_core.verb:set package 'kinova_gen3_control_cpp' build argument 'ament_cmake_args' from command line to 'None'
[0.294s] Level 5:colcon.colcon_core.verb:set package 'kinova_gen3_control_cpp' build argument 'catkin_cmake_args' from command line to 'None'
[0.294s] Level 5:colcon.colcon_core.verb:set package 'kinova_gen3_control_cpp' build argument 'catkin_skip_building_tests' from command line to 'False'
[0.294s] DEBUG:colcon.colcon_core.verb:Building package 'kinova_gen3_control_cpp' with the following arguments: {'ament_cmake_args': None, 'build_base': '/home/ws/build/kinova_gen3_control_cpp', 'catkin_cmake_args': None, 'catkin_skip_building_tests': False, 'cmake_args': None, 'cmake_clean_cache': False, 'cmake_clean_first': False, 'cmake_force_configure': False, 'cmake_target': None, 'cmake_target_skip_unavailable': False, 'install_base': '/home/ws/install/kinova_gen3_control_cpp', 'merge_install': False, 'path': '/home/ws/src/kinova_gen3_control_cpp', 'symlink_install': False, 'test_result_base': None}
[0.294s] INFO:colcon.colcon_core.executor:Executing jobs using 'parallel' executor
[0.295s] DEBUG:colcon.colcon_parallel_executor.executor.parallel:run_until_complete
[0.295s] INFO:colcon.colcon_ros.task.ament_cmake.build:Building ROS package in '/home/ws/src/kinova_gen3_control_interfaces' with build type 'ament_cmake'
[0.295s] INFO:colcon.colcon_cmake.task.cmake.build:Building CMake package in '/home/ws/src/kinova_gen3_control_interfaces'
[0.298s] INFO:colcon.colcon_core.plugin_system:Skipping extension 'colcon_core.shell.bat': Not used on non-Windows systems
[0.298s] INFO:colcon.colcon_core.shell:Skip shell extension 'powershell' for command environment: Not usable outside of PowerShell
[0.298s] DEBUG:colcon.colcon_core.shell:Skip shell extension 'dsv' for command environment
[0.313s] DEBUG:colcon.colcon_core.event_handler.log_command:Invoking command in '/home/ws/build/kinova_gen3_control_interfaces': CMAKE_PREFIX_PATH=${CMAKE_PREFIX_PATH}:/opt/ros/humble /usr/bin/cmake --build /home/ws/build/kinova_gen3_control_interfaces -- -j12 -l12
[2.230s] DEBUG:colcon.colcon_core.event_handler.log_command:Invoked command in '/home/ws/build/kinova_gen3_control_interfaces' returned '0': CMAKE_PREFIX_PATH=${CMAKE_PREFIX_PATH}:/opt/ros/humble /usr/bin/cmake --build /home/ws/build/kinova_gen3_control_interfaces -- -j12 -l12
[2.315s] DEBUG:colcon.colcon_core.event_handler.log_command:Invoking command in '/home/ws/build/kinova_gen3_control_interfaces': CMAKE_PREFIX_PATH=${CMAKE_PREFIX_PATH}:/opt/ros/humble /usr/bin/cmake --install /home/ws/build/kinova_gen3_control_interfaces
[2.393s] Level 1:colcon.colcon_core.environment:create_environment_scripts_only(kinova_gen3_control_interfaces)
[2.394s] DEBUG:colcon.colcon_core.event_handler.log_command:Invoked command in '/home/ws/build/kinova_gen3_control_interfaces' returned '0': CMAKE_PREFIX_PATH=${CMAKE_PREFIX_PATH}:/opt/ros/humble /usr/bin/cmake --install /home/ws/build/kinova_gen3_control_interfaces
[2.397s] Level 1:colcon.colcon_core.environment:checking '/home/ws/install/kinova_gen3_control_interfaces' for CMake module files
[2.398s] Level 1:colcon.colcon_core.environment:checking '/home/ws/install/kinova_gen3_control_interfaces' for CMake config files
[2.399s] Level 1:colcon.colcon_core.shell:create_environment_hook('kinova_gen3_control_interfaces', 'cmake_prefix_path')
[2.399s] INFO:colcon.colcon_core.shell:Creating environment hook '/home/ws/install/kinova_gen3_control_interfaces/share/kinova_gen3_control_interfaces/hook/cmake_prefix_path.ps1'
[2.400s] INFO:colcon.colcon_core.shell:Creating environment descriptor '/home/ws/install/kinova_gen3_control_interfaces/share/kinova_gen3_control_interfaces/hook/cmake_prefix_path.dsv'
[2.401s] INFO:colcon.colcon_core.shell:Creating environment hook '/home/ws/install/kinova_gen3_control_interfaces/share/kinova_gen3_control_interfaces/hook/cmake_prefix_path.sh'
[2.402s] Level 1:colcon.colcon_core.environment:checking '/home/ws/install/kinova_gen3_control_interfaces/lib'
[2.402s] Level 1:colcon.colcon_core.shell:create_environment_hook('kinova_gen3_control_interfaces', 'ld_library_path_lib')
[2.402s] INFO:colcon.colcon_core.shell:Creating environment hook '/home/ws/install/kinova_gen3_control_interfaces/share/kinova_gen3_control_interfaces/hook/ld_library_path_lib.ps1'
[2.403s] INFO:colcon.colcon_core.shell:Creating environment descriptor '/home/ws/install/kinova_gen3_control_interfaces/share/kinova_gen3_control_interfaces/hook/ld_library_path_lib.dsv'
[2.403s] INFO:colcon.colcon_core.shell:Creating environment hook '/home/ws/install/kinova_gen3_control_interfaces/share/kinova_gen3_control_interfaces/hook/ld_library_path_lib.sh'
[2.403s] Level 1:colcon.colcon_core.environment:checking '/home/ws/install/kinova_gen3_control_interfaces/bin'
[2.404s] Level 1:colcon.colcon_core.environment:checking '/home/ws/install/kinova_gen3_control_interfaces/lib/pkgconfig/kinova_gen3_control_interfaces.pc'
[2.406s] Level 1:colcon.colcon_core.environment:checking '/home/ws/install/kinova_gen3_control_interfaces/lib/python3.10/site-packages'
[2.406s] Level 1:colcon.colcon_core.environment:checking '/home/ws/install/kinova_gen3_control_interfaces/bin'
[2.406s] INFO:colcon.colcon_core.shell:Creating package script '/home/ws/install/kinova_gen3_control_interfaces/share/kinova_gen3_control_interfaces/package.ps1'
[2.408s] INFO:colcon.colcon_core.shell:Creating package descriptor '/home/ws/install/kinova_gen3_control_interfaces/share/kinova_gen3_control_interfaces/package.dsv'
[2.408s] INFO:colcon.colcon_core.shell:Creating package script '/home/ws/install/kinova_gen3_control_interfaces/share/kinova_gen3_control_interfaces/package.sh'
[2.409s] INFO:colcon.colcon_core.shell:Creating package script '/home/ws/install/kinova_gen3_control_interfaces/share/kinova_gen3_control_interfaces/package.bash'
[2.410s] INFO:colcon.colcon_core.shell:Creating package script '/home/ws/install/kinova_gen3_control_interfaces/share/kinova_gen3_control_interfaces/package.zsh'
[2.411s] Level 1:colcon.colcon_core.environment:create_file_with_runtime_dependencies(/home/ws/install/kinova_gen3_control_interfaces/share/colcon-core/packages/kinova_gen3_control_interfaces)
[2.493s] Level 1:colcon.colcon_core.environment:create_environment_scripts_only(kinova_gen3_control_interfaces)
[2.493s] Level 1:colcon.colcon_core.environment:checking '/home/ws/install/kinova_gen3_control_interfaces' for CMake module files
[2.494s] Level 1:colcon.colcon_core.environment:checking '/home/ws/install/kinova_gen3_control_interfaces' for CMake config files
[2.495s] Level 1:colcon.colcon_core.shell:create_environment_hook('kinova_gen3_control_interfaces', 'cmake_prefix_path')
[2.495s] INFO:colcon.colcon_core.shell:Creating environment hook '/home/ws/install/kinova_gen3_control_interfaces/share/kinova_gen3_control_interfaces/hook/cmake_prefix_path.ps1'
[2.495s] INFO:colcon.colcon_core.shell:Creating environment descriptor '/home/ws/install/kinova_gen3_control_interfaces/share/kinova_gen3_control_interfaces/hook/cmake_prefix_path.dsv'
[2.496s] INFO:colcon.colcon_core.shell:Creating environment hook '/home/ws/install/kinova_gen3_control_interfaces/share/kinova_gen3_control_interfaces/hook/cmake_prefix_path.sh'
[2.496s] Level 1:colcon.colcon_core.environment:checking '/home/ws/install/kinova_gen3_control_interfaces/lib'
[2.496s] Level 1:colcon.colcon_core.shell:create_environment_hook('kinova_gen3_control_interfaces', 'ld_library_path_lib')
[2.497s] INFO:colcon.colcon_core.shell:Creating environment hook '/home/ws/install/kinova_gen3_control_interfaces/share/kinova_gen3_control_interfaces/hook/ld_library_path_lib.ps1'
[2.497s] INFO:colcon.colcon_core.shell:Creating environment descriptor '/home/ws/install/kinova_gen3_control_interfaces/share/kinova_gen3_control_interfaces/hook/ld_library_path_lib.dsv'
[2.497s] INFO:colcon.colcon_core.shell:Creating environment hook '/home/ws/install/kinova_gen3_control_interfaces/share/kinova_gen3_control_interfaces/hook/ld_library_path_lib.sh'
[2.497s] Level 1:colcon.colcon_core.environment:checking '/home/ws/install/kinova_gen3_control_interfaces/bin'
[2.498s] Level 1:colcon.colcon_core.environment:checking '/home/ws/install/kinova_gen3_control_interfaces/lib/pkgconfig/kinova_gen3_control_interfaces.pc'
[2.498s] Level 1:colcon.colcon_core.environment:checking '/home/ws/install/kinova_gen3_control_interfaces/lib/python3.10/site-packages'
[2.498s] Level 1:colcon.colcon_core.environment:checking '/home/ws/install/kinova_gen3_control_interfaces/bin'
[2.498s] INFO:colcon.colcon_core.shell:Creating package script '/home/ws/install/kinova_gen3_control_interfaces/share/kinova_gen3_control_interfaces/package.ps1'
[2.499s] INFO:colcon.colcon_core.shell:Creating package descriptor '/home/ws/install/kinova_gen3_control_interfaces/share/kinova_gen3_control_interfaces/package.dsv'
[2.499s] INFO:colcon.colcon_core.shell:Creating package script '/home/ws/install/kinova_gen3_control_interfaces/share/kinova_gen3_control_interfaces/package.sh'
[2.500s] INFO:colcon.colcon_core.shell:Creating package script '/home/ws/install/kinova_gen3_control_interfaces/share/kinova_gen3_control_interfaces/package.bash'
[2.500s] INFO:colcon.colcon_core.shell:Creating package script '/home/ws/install/kinova_gen3_control_interfaces/share/kinova_gen3_control_interfaces/package.zsh'
[2.500s] Level 1:colcon.colcon_core.environment:create_file_with_runtime_dependencies(/home/ws/install/kinova_gen3_control_interfaces/share/colcon-core/packages/kinova_gen3_control_interfaces)
[2.501s] INFO:colcon.colcon_ros.task.ament_cmake.build:Building ROS package in '/home/ws/src/kinova_gen3_control_cpp' with build type 'ament_cmake'
[2.501s] INFO:colcon.colcon_cmake.task.cmake.build:Building CMake package in '/home/ws/src/kinova_gen3_control_cpp'
[2.501s] INFO:colcon.colcon_core.shell:Skip shell extension 'powershell' for command environment: Not usable outside of PowerShell
[2.501s] DEBUG:colcon.colcon_core.shell:Skip shell extension 'dsv' for command environment
[2.515s] DEBUG:colcon.colcon_core.event_handler.log_command:Invoking command in '/home/ws/build/kinova_gen3_control_cpp': CMAKE_PREFIX_PATH=/home/ws/install/kinova_gen3_control_interfaces:/home/ws/install/kinova_sim:/home/ws/install/kinova_gen3_control_cpp:/opt/ros/humble LD_LIBRARY_PATH=/home/ws/install/kinova_gen3_control_interfaces/lib:/home/ws/install/kinova_gen3_control_cpp/lib:/opt/ros/humble/opt/rviz_ogre_vendor/lib:/opt/ros/humble/lib/x86_64-linux-gnu:/opt/ros/humble/lib /usr/bin/cmake --build /home/ws/build/kinova_gen3_control_cpp -- -j12 -l12
[13.412s] DEBUG:colcon.colcon_core.event_handler.log_command:Invoked command in '/home/ws/build/kinova_gen3_control_cpp' returned '0': CMAKE_PREFIX_PATH=/home/ws/install/kinova_gen3_control_interfaces:/home/ws/install/kinova_sim:/home/ws/install/kinova_gen3_control_cpp:/opt/ros/humble LD_LIBRARY_PATH=/home/ws/install/kinova_gen3_control_interfaces/lib:/home/ws/install/kinova_gen3_control_cpp/lib:/opt/ros/humble/opt/rviz_ogre_vendor/lib:/opt/ros/humble/lib/x86_64-linux-gnu:/opt/ros/humble/lib /usr/bin/cmake --build /home/ws/build/kinova_gen3_control_cpp -- -j12 -l12
[13.451s] DEBUG:colcon.colcon_core.event_handler.log_command:Invoking command in '/home/ws/build/kinova_gen3_control_cpp': CMAKE_PREFIX_PATH=/home/ws/install/kinova_gen3_control_interfaces:/home/ws/install/kinova_sim:/home/ws/install/kinova_gen3_control_cpp:/opt/ros/humble LD_LIBRARY_PATH=/home/ws/install/kinova_gen3_control_interfaces/lib:/home/ws/install/kinova_gen3_control_cpp/lib:/opt/ros/humble/opt/rviz_ogre_vendor/lib:/opt/ros/humble/lib/x86_64-linux-gnu:/opt/ros/humble/lib /usr/bin/cmake --install /home/ws/build/kinova_gen3_control_cpp
[13.469s] Level 1:colcon.colcon_core.environment:create_environment_scripts_only(kinova_gen3_control_cpp)
[13.469s] Level 1:colcon.colcon_core.environment:checking '/home/ws/install/kinova_gen3_control_cpp' for CMake module files
[13.470s] DEBUG:colcon.colcon_core.event_handler.log_command:Invoked command in '/home/ws/build/kinova_gen3_control_cpp' returned '0': CMAKE_PREFIX_PATH=/home/ws/install/kinova_gen3_control_interfaces:/home/ws/install/kinova_sim:/home/ws/install/kinova_gen3_control_cpp:/opt/ros/humble LD_LIBRARY_PATH=/home/ws/install/kinova_gen3_control_interfaces/lib:/home/ws/install/kinova_gen3_control_cpp/lib:/opt/ros/humble/opt/rviz_ogre_vendor/lib:/opt/ros/humble/lib/x86_64-linux-gnu:/opt/ros/humble/lib /usr/bin/cmake --install /home/ws/build/kinova_gen3_control_cpp
[13.470s] Level 1:colcon.colcon_core.environment:checking '/home/ws/install/kinova_gen3_control_cpp' for CMake config files
[13.471s] Level 1:colcon.colcon_core.shell:create_environment_hook('kinova_gen3_control_cpp', 'cmake_prefix_path')
[13.471s] INFO:colcon.colcon_core.shell:Creating environment hook '/home/ws/install/kinova_gen3_control_cpp/share/kinova_gen3_control_cpp/hook/cmake_prefix_path.ps1'
[13.471s] INFO:colcon.colcon_core.shell:Creating environment descriptor '/home/ws/install/kinova_gen3_control_cpp/share/kinova_gen3_control_cpp/hook/cmake_prefix_path.dsv'
[13.472s] INFO:colcon.colcon_core.shell:Creating environment hook '/home/ws/install/kinova_gen3_control_cpp/share/kinova_gen3_control_cpp/hook/cmake_prefix_path.sh'
[13.473s] Level 1:colcon.colcon_core.environment:checking '/home/ws/install/kinova_gen3_control_cpp/lib'
[13.473s] Level 1:colcon.colcon_core.shell:create_environment_hook('kinova_gen3_control_cpp', 'ld_library_path_lib')
[13.473s] INFO:colcon.colcon_core.shell:Creating environment hook '/home/ws/install/kinova_gen3_control_cpp/share/kinova_gen3_control_cpp/hook/ld_library_path_lib.ps1'
[13.474s] INFO:colcon.colcon_core.shell:Creating environment descriptor '/home/ws/install/kinova_gen3_control_cpp/share/kinova_gen3_control_cpp/hook/ld_library_path_lib.dsv'
[13.474s] INFO:colcon.colcon_core.shell:Creating environment hook '/home/ws/install/kinova_gen3_control_cpp/share/kinova_gen3_control_cpp/hook/ld_library_path_lib.sh'
[13.475s] Level 1:colcon.colcon_core.environment:checking '/home/ws/install/kinova_gen3_control_cpp/bin'
[13.475s] Level 1:colcon.colcon_core.environment:checking '/home/ws/install/kinova_gen3_control_cpp/lib/pkgconfig/kinova_gen3_control_cpp.pc'
[13.475s] Level 1:colcon.colcon_core.environment:checking '/home/ws/install/kinova_gen3_control_cpp/lib/python3.10/site-packages'
[13.475s] Level 1:colcon.colcon_core.environment:checking '/home/ws/install/kinova_gen3_control_cpp/bin'
[13.475s] INFO:colcon.colcon_core.shell:Creating package script '/home/ws/install/kinova_gen3_control_cpp/share/kinova_gen3_control_cpp/package.ps1'
[13.476s] INFO:colcon.colcon_core.shell:Creating package descriptor '/home/ws/install/kinova_gen3_control_cpp/share/kinova_gen3_control_cpp/package.dsv'
[13.476s] INFO:colcon.colcon_core.shell:Creating package script '/home/ws/install/kinova_gen3_control_cpp/share/kinova_gen3_control_cpp/package.sh'
[13.477s] INFO:colcon.colcon_core.shell:Creating package script '/home/ws/install/kinova_gen3_control_cpp/share/kinova_gen3_control_cpp/package.bash'
[13.477s] INFO:colcon.colcon_core.shell:Creating package script '/home/ws/install/kinova_gen3_control_cpp/share/kinova_gen3_control_cpp/package.zsh'
[13.477s] Level 1:colcon.colcon_core.environment:create_file_with_runtime_dependencies(/home/ws/install/kinova_gen3_control_cpp/share/colcon-core/packages/kinova_gen3_control_cpp)
[13.522s] Level 1:colcon.colcon_core.environment:create_environment_scripts_only(kinova_gen3_control_cpp)
[13.523s] Level 1:colcon.colcon_core.environment:checking '/home/ws/install/kinova_gen3_control_cpp' for CMake module files
[13.524s] Level 1:colcon.colcon_core.environment:checking '/home/ws/install/kinova_gen3_control_cpp' for CMake config files
[13.524s] Level 1:colcon.colcon_core.shell:create_environment_hook('kinova_gen3_control_cpp', 'cmake_prefix_path')
[13.525s] INFO:colcon.colcon_core.shell:Creating environment hook '/home/ws/install/kinova_gen3_control_cpp/share/kinova_gen3_control_cpp/hook/cmake_prefix_path.ps1'
[13.525s] INFO:colcon.colcon_core.shell:Creating environment descriptor '/home/ws/install/kinova_gen3_control_cpp/share/kinova_gen3_control_cpp/hook/cmake_prefix_path.dsv'
[13.526s] INFO:colcon.colcon_core.shell:Creating environment hook '/home/ws/install/kinova_gen3_control_cpp/share/kinova_gen3_control_cpp/hook/cmake_prefix_path.sh'
[13.527s] Level 1:colcon.colcon_core.environment:checking '/home/ws/install/kinova_gen3_control_cpp/lib'
[13.527s] Level 1:colcon.colcon_core.shell:create_environment_hook('kinova_gen3_control_cpp', 'ld_library_path_lib')
[13.528s] INFO:colcon.colcon_core.shell:Creating environment hook '/home/ws/install/kinova_gen3_control_cpp/share/kinova_gen3_control_cpp/hook/ld_library_path_lib.ps1'
[13.528s] INFO:colcon.colcon_core.shell:Creating environment descriptor '/home/ws/install/kinova_gen3_control_cpp/share/kinova_gen3_control_cpp/hook/ld_library_path_lib.dsv'
[13.529s] INFO:colcon.colcon_core.shell:Creating environment hook '/home/ws/install/kinova_gen3_control_cpp/share/kinova_gen3_control_cpp/hook/ld_library_path_lib.sh'
[13.530s] Level 1:colcon.colcon_core.environment:checking '/home/ws/install/kinova_gen3_control_cpp/bin'
[13.530s] Level 1:colcon.colcon_core.environment:checking '/home/ws/install/kinova_gen3_control_cpp/lib/pkgconfig/kinova_gen3_control_cpp.pc'
[13.531s] Level 1:colcon.colcon_core.environment:checking '/home/ws/install/kinova_gen3_control_cpp/lib/python3.10/site-packages'
[13.531s] Level 1:colcon.colcon_core.environment:checking '/home/ws/install/kinova_gen3_control_cpp/bin'
[13.532s] INFO:colcon.colcon_core.shell:Creating package script '/home/ws/install/kinova_gen3_control_cpp/share/kinova_gen3_control_cpp/package.ps1'
[13.532s] INFO:colcon.colcon_core.shell:Creating package descriptor '/home/ws/install/kinova_gen3_control_cpp/share/kinova_gen3_control_cpp/package.dsv'
[13.534s] INFO:colcon.colcon_core.shell:Creating package script '/home/ws/install/kinova_gen3_control_cpp/share/kinova_gen3_control_cpp/package.sh'
[13.535s] INFO:colcon.colcon_core.shell:Creating package script '/home/ws/install/kinova_gen3_control_cpp/share/kinova_gen3_control_cpp/package.bash'
[13.536s] INFO:colcon.colcon_core.shell:Creating package script '/home/ws/install/kinova_gen3_control_cpp/share/kinova_gen3_control_cpp/package.zsh'
[13.536s] Level 1:colcon.colcon_core.environment:create_file_with_runtime_dependencies(/home/ws/install/kinova_gen3_control_cpp/share/colcon-core/packages/kinova_gen3_control_cpp)
[13.537s] DEBUG:colcon.colcon_parallel_executor.executor.parallel:closing loop
[13.537s] DEBUG:colcon.colcon_parallel_executor.executor.parallel:loop closed
[13.538s] DEBUG:colcon.colcon_parallel_executor.executor.parallel:run_until_complete finished with '0'
[13.538s] DEBUG:colcon.colcon_core.event_reactor:joining thread
[13.545s] INFO:colcon.colcon_core.plugin_system:Skipping extension 'colcon_notification.desktop_notification.notify_send': Could not find 'notify-send'
[13.545s] INFO:colcon.colcon_core.plugin_system:Skipping extension 'colcon_notification.desktop_notification.terminal_notifier': Not used on non-Darwin systems
[13.545s] INFO:colcon.colcon_core.plugin_system:Skipping extension 'colcon_notification.desktop_notification.win32': Not used on non-Windows systems
[13.545s] INFO:colcon.colcon_notification.desktop_notification:Sending desktop notification using 'notify2'
[13.549s] DEBUG:colcon.colcon_notification.desktop_notification.notify2:Failed to initialize notify2: org.freedesktop.DBus.Error.Spawn.ExecFailed: /usr/bin/dbus-launch terminated abnormally without any error message
[13.550s] DEBUG:colcon.colcon_core.event_reactor:joined thread
[13.551s] INFO:colcon.colcon_core.shell:Creating prefix script '/home/ws/install/local_setup.ps1'
[13.555s] INFO:colcon.colcon_core.shell:Creating prefix util module '/home/ws/install/_local_setup_util_ps1.py'
[13.559s] INFO:colcon.colcon_core.shell:Creating prefix chain script '/home/ws/install/setup.ps1'
[13.562s] INFO:colcon.colcon_core.shell:Creating prefix script '/home/ws/install/local_setup.sh'
[13.564s] INFO:colcon.colcon_core.shell:Creating prefix util module '/home/ws/install/_local_setup_util_sh.py'
[13.565s] INFO:colcon.colcon_core.shell:Creating prefix chain script '/home/ws/install/setup.sh'
[13.568s] INFO:colcon.colcon_core.shell:Creating prefix script '/home/ws/install/local_setup.bash'
[13.569s] INFO:colcon.colcon_core.shell:Creating prefix chain script '/home/ws/install/setup.bash'
[13.572s] INFO:colcon.colcon_core.shell:Creating prefix script '/home/ws/install/local_setup.zsh'
[13.573s] INFO:colcon.colcon_core.shell:Creating prefix chain script '/home/ws/install/setup.zsh'
