[0.150s] DEBUG:colcon:Command line arguments: ['/usr/bin/colcon', 'build']
[0.150s] DEBUG:colcon:Parsed command line arguments: Namespace(log_base=None, log_level=None, verb_name='build', build_base='build', install_base='install', merge_install=False, symlink_install=False, test_result_base=None, continue_on_error=False, executor='parallel', parallel_workers=12, event_handlers=None, ignore_user_meta=False, metas=['./colcon.meta'], base_paths=['.'], packages_ignore=None, packages_ignore_regex=None, paths=None, packages_up_to=None, packages_up_to_regex=None, packages_above=None, packages_above_and_dependencies=None, packages_above_depth=None, packages_select_by_dep=None, packages_skip_by_dep=None, packages_skip_up_to=None, packages_select_build_failed=False, packages_skip_build_finished=False, packages_select_test_failures=False, packages_skip_test_passed=False, packages_select=None, packages_skip=None, packages_select_regex=None, packages_skip_regex=None, packages_start=None, packages_end=None, cmake_args=None, cmake_target=None, cmake_target_skip_unavailable=False, cmake_clean_cache=False, cmake_clean_first=False, cmake_force_configure=False, ament_cmake_args=None, catkin_cmake_args=None, catkin_skip_building_tests=False, mixin_files=None, mixin=None, verb_parser=<colcon_mixin.mixin.mixin_argument.MixinArgumentDecorator object at 0x77b7021f0490>, verb_extension=<colcon_core.verb.build.BuildVerb object at 0x77b7021bbc40>, main=<bound method BuildVerb.main of <colcon_core.verb.build.BuildVerb object at 0x77b7021bbc40>>, mixin_verb=('build',))
[0.354s] Level 1:colcon.colcon_core.package_discovery:discover_packages(colcon_meta) check parameters
[0.354s] Level 1:colcon.colcon_core.package_discovery:discover_packages(recursive) check parameters
[0.354s] Level 1:colcon.colcon_core.package_discovery:discover_packages(ignore) check parameters
[0.354s] Level 1:colcon.colcon_core.package_discovery:discover_packages(path) check parameters
[0.354s] Level 1:colcon.colcon_core.package_discovery:discover_packages(colcon_meta) discover
[0.354s] Level 1:colcon.colcon_core.package_discovery:discover_packages(recursive) discover
[0.354s] INFO:colcon.colcon_core.package_discovery:Crawling recursively for packages in '/home/ws'
[0.355s] Level 1:colcon.colcon_core.package_identification:_identify(.) by extensions ['ignore', 'ignore_ament_install']
[0.355s] Level 1:colcon.colcon_core.package_identification:_identify(.) by extension 'ignore'
[0.355s] Level 1:colcon.colcon_core.package_identification:_identify(.) by extension 'ignore_ament_install'
[0.355s] Level 1:colcon.colcon_core.package_identification:_identify(.) by extensions ['colcon_pkg']
[0.355s] Level 1:colcon.colcon_core.package_identification:_identify(.) by extension 'colcon_pkg'
[0.355s] Level 1:colcon.colcon_core.package_identification:_identify(.) by extensions ['colcon_meta']
[0.355s] Level 1:colcon.colcon_core.package_identification:_identify(.) by extension 'colcon_meta'
[0.355s] Level 1:colcon.colcon_core.package_identification:_identify(.) by extensions ['ros']
[0.355s] Level 1:colcon.colcon_core.package_identification:_identify(.) by extension 'ros'
[0.370s] Level 1:colcon.colcon_core.package_identification:_identify(.) by extensions ['cmake', 'python']
[0.370s] Level 1:colcon.colcon_core.package_identification:_identify(.) by extension 'cmake'
[0.371s] Level 1:colcon.colcon_core.package_identification:_identify(.) by extension 'python'
[0.371s] Level 1:colcon.colcon_core.package_identification:_identify(.) by extensions ['python_setup_py']
[0.371s] Level 1:colcon.colcon_core.package_identification:_identify(.) by extension 'python_setup_py'
[0.371s] Level 1:colcon.colcon_core.package_identification:_identify(_resources) by extensions ['ignore', 'ignore_ament_install']
[0.371s] Level 1:colcon.colcon_core.package_identification:_identify(_resources) by extension 'ignore'
[0.371s] Level 1:colcon.colcon_core.package_identification:_identify(_resources) by extension 'ignore_ament_install'
[0.371s] Level 1:colcon.colcon_core.package_identification:_identify(_resources) by extensions ['colcon_pkg']
[0.371s] Level 1:colcon.colcon_core.package_identification:_identify(_resources) by extension 'colcon_pkg'
[0.371s] Level 1:colcon.colcon_core.package_identification:_identify(_resources) by extensions ['colcon_meta']
[0.372s] Level 1:colcon.colcon_core.package_identification:_identify(_resources) by extension 'colcon_meta'
[0.372s] Level 1:colcon.colcon_core.package_identification:_identify(_resources) by extensions ['ros']
[0.372s] Level 1:colcon.colcon_core.package_identification:_identify(_resources) by extension 'ros'
[0.372s] Level 1:colcon.colcon_core.package_identification:_identify(_resources) by extensions ['cmake', 'python']
[0.372s] Level 1:colcon.colcon_core.package_identification:_identify(_resources) by extension 'cmake'
[0.372s] Level 1:colcon.colcon_core.package_identification:_identify(_resources) by extension 'python'
[0.372s] Level 1:colcon.colcon_core.package_identification:_identify(_resources) by extensions ['python_setup_py']
[0.372s] Level 1:colcon.colcon_core.package_identification:_identify(_resources) by extension 'python_setup_py'
[0.372s] Level 1:colcon.colcon_core.package_identification:_identify(build) by extensions ['ignore', 'ignore_ament_install']
[0.372s] Level 1:colcon.colcon_core.package_identification:_identify(build) by extension 'ignore'
[0.373s] Level 1:colcon.colcon_core.package_identification:_identify(build) ignored
[0.373s] Level 1:colcon.colcon_core.package_identification:_identify(install) by extensions ['ignore', 'ignore_ament_install']
[0.373s] Level 1:colcon.colcon_core.package_identification:_identify(install) by extension 'ignore'
[0.373s] Level 1:colcon.colcon_core.package_identification:_identify(install) ignored
[0.373s] Level 1:colcon.colcon_core.package_identification:_identify(log) by extensions ['ignore', 'ignore_ament_install']
[0.373s] Level 1:colcon.colcon_core.package_identification:_identify(log) by extension 'ignore'
[0.373s] Level 1:colcon.colcon_core.package_identification:_identify(log) ignored
[0.374s] Level 1:colcon.colcon_core.package_identification:_identify(src) by extensions ['ignore', 'ignore_ament_install']
[0.374s] Level 1:colcon.colcon_core.package_identification:_identify(src) by extension 'ignore'
[0.374s] Level 1:colcon.colcon_core.package_identification:_identify(src) by extension 'ignore_ament_install'
[0.374s] Level 1:colcon.colcon_core.package_identification:_identify(src) by extensions ['colcon_pkg']
[0.374s] Level 1:colcon.colcon_core.package_identification:_identify(src) by extension 'colcon_pkg'
[0.374s] Level 1:colcon.colcon_core.package_identification:_identify(src) by extensions ['colcon_meta']
[0.374s] Level 1:colcon.colcon_core.package_identification:_identify(src) by extension 'colcon_meta'
[0.374s] Level 1:colcon.colcon_core.package_identification:_identify(src) by extensions ['ros']
[0.374s] Level 1:colcon.colcon_core.package_identification:_identify(src) by extension 'ros'
[0.374s] Level 1:colcon.colcon_core.package_identification:_identify(src) by extensions ['cmake', 'python']
[0.374s] Level 1:colcon.colcon_core.package_identification:_identify(src) by extension 'cmake'
[0.375s] Level 1:colcon.colcon_core.package_identification:_identify(src) by extension 'python'
[0.375s] Level 1:colcon.colcon_core.package_identification:_identify(src) by extensions ['python_setup_py']
[0.375s] Level 1:colcon.colcon_core.package_identification:_identify(src) by extension 'python_setup_py'
[0.375s] Level 1:colcon.colcon_core.package_identification:_identify(src/kinova_gen3_control_cpp) by extensions ['ignore', 'ignore_ament_install']
[0.375s] Level 1:colcon.colcon_core.package_identification:_identify(src/kinova_gen3_control_cpp) by extension 'ignore'
[0.375s] Level 1:colcon.colcon_core.package_identification:_identify(src/kinova_gen3_control_cpp) by extension 'ignore_ament_install'
[0.375s] Level 1:colcon.colcon_core.package_identification:_identify(src/kinova_gen3_control_cpp) by extensions ['colcon_pkg']
[0.375s] Level 1:colcon.colcon_core.package_identification:_identify(src/kinova_gen3_control_cpp) by extension 'colcon_pkg'
[0.375s] Level 1:colcon.colcon_core.package_identification:_identify(src/kinova_gen3_control_cpp) by extensions ['colcon_meta']
[0.375s] Level 1:colcon.colcon_core.package_identification:_identify(src/kinova_gen3_control_cpp) by extension 'colcon_meta'
[0.376s] Level 1:colcon.colcon_core.package_identification:_identify(src/kinova_gen3_control_cpp) by extensions ['ros']
[0.376s] Level 1:colcon.colcon_core.package_identification:_identify(src/kinova_gen3_control_cpp) by extension 'ros'
[0.379s] DEBUG:colcon.colcon_core.package_identification:Package 'src/kinova_gen3_control_cpp' with type 'ros.ament_cmake' and name 'kinova_gen3_control_cpp'
[0.380s] Level 1:colcon.colcon_core.package_identification:_identify(src/kinova_gen3_control_interfaces) by extensions ['ignore', 'ignore_ament_install']
[0.380s] Level 1:colcon.colcon_core.package_identification:_identify(src/kinova_gen3_control_interfaces) by extension 'ignore'
[0.380s] Level 1:colcon.colcon_core.package_identification:_identify(src/kinova_gen3_control_interfaces) by extension 'ignore_ament_install'
[0.380s] Level 1:colcon.colcon_core.package_identification:_identify(src/kinova_gen3_control_interfaces) by extensions ['colcon_pkg']
[0.380s] Level 1:colcon.colcon_core.package_identification:_identify(src/kinova_gen3_control_interfaces) by extension 'colcon_pkg'
[0.380s] Level 1:colcon.colcon_core.package_identification:_identify(src/kinova_gen3_control_interfaces) by extensions ['colcon_meta']
[0.380s] Level 1:colcon.colcon_core.package_identification:_identify(src/kinova_gen3_control_interfaces) by extension 'colcon_meta'
[0.380s] Level 1:colcon.colcon_core.package_identification:_identify(src/kinova_gen3_control_interfaces) by extensions ['ros']
[0.380s] Level 1:colcon.colcon_core.package_identification:_identify(src/kinova_gen3_control_interfaces) by extension 'ros'
[0.382s] DEBUG:colcon.colcon_core.package_identification:Package 'src/kinova_gen3_control_interfaces' with type 'ros.ament_cmake' and name 'kinova_gen3_control_interfaces'
[0.382s] Level 1:colcon.colcon_core.package_identification:_identify(src/kinova_sim) by extensions ['ignore', 'ignore_ament_install']
[0.382s] Level 1:colcon.colcon_core.package_identification:_identify(src/kinova_sim) by extension 'ignore'
[0.382s] Level 1:colcon.colcon_core.package_identification:_identify(src/kinova_sim) by extension 'ignore_ament_install'
[0.382s] Level 1:colcon.colcon_core.package_identification:_identify(src/kinova_sim) by extensions ['colcon_pkg']
[0.382s] Level 1:colcon.colcon_core.package_identification:_identify(src/kinova_sim) by extension 'colcon_pkg'
[0.382s] Level 1:colcon.colcon_core.package_identification:_identify(src/kinova_sim) by extensions ['colcon_meta']
[0.382s] Level 1:colcon.colcon_core.package_identification:_identify(src/kinova_sim) by extension 'colcon_meta'
[0.383s] Level 1:colcon.colcon_core.package_identification:_identify(src/kinova_sim) by extensions ['ros']
[0.383s] Level 1:colcon.colcon_core.package_identification:_identify(src/kinova_sim) by extension 'ros'
[0.384s] DEBUG:colcon.colcon_core.package_identification:Package 'src/kinova_sim' with type 'ros.ament_cmake' and name 'kinova_sim'
[0.384s] Level 1:colcon.colcon_core.package_discovery:discover_packages(recursive) using defaults
[0.384s] Level 1:colcon.colcon_core.package_discovery:discover_packages(ignore) discover
[0.384s] Level 1:colcon.colcon_core.package_discovery:discover_packages(ignore) using defaults
[0.384s] Level 1:colcon.colcon_core.package_discovery:discover_packages(path) discover
[0.384s] Level 1:colcon.colcon_core.package_discovery:discover_packages(path) using defaults
[0.412s] Level 5:colcon.colcon_core.verb:set package 'kinova_gen3_control_interfaces' build argument 'cmake_args' from command line to 'None'
[0.412s] Level 5:colcon.colcon_core.verb:set package 'kinova_gen3_control_interfaces' build argument 'cmake_target' from command line to 'None'
[0.412s] Level 5:colcon.colcon_core.verb:set package 'kinova_gen3_control_interfaces' build argument 'cmake_target_skip_unavailable' from command line to 'False'
[0.413s] Level 5:colcon.colcon_core.verb:set package 'kinova_gen3_control_interfaces' build argument 'cmake_clean_cache' from command line to 'False'
[0.413s] Level 5:colcon.colcon_core.verb:set package 'kinova_gen3_control_interfaces' build argument 'cmake_clean_first' from command line to 'False'
[0.413s] Level 5:colcon.colcon_core.verb:set package 'kinova_gen3_control_interfaces' build argument 'cmake_force_configure' from command line to 'False'
[0.413s] Level 5:colcon.colcon_core.verb:set package 'kinova_gen3_control_interfaces' build argument 'ament_cmake_args' from command line to 'None'
[0.413s] Level 5:colcon.colcon_core.verb:set package 'kinova_gen3_control_interfaces' build argument 'catkin_cmake_args' from command line to 'None'
[0.413s] Level 5:colcon.colcon_core.verb:set package 'kinova_gen3_control_interfaces' build argument 'catkin_skip_building_tests' from command line to 'False'
[0.413s] DEBUG:colcon.colcon_core.verb:Building package 'kinova_gen3_control_interfaces' with the following arguments: {'ament_cmake_args': None, 'build_base': '/home/ws/build/kinova_gen3_control_interfaces', 'catkin_cmake_args': None, 'catkin_skip_building_tests': False, 'cmake_args': None, 'cmake_clean_cache': False, 'cmake_clean_first': False, 'cmake_force_configure': False, 'cmake_target': None, 'cmake_target_skip_unavailable': False, 'install_base': '/home/ws/install/kinova_gen3_control_interfaces', 'merge_install': False, 'path': '/home/ws/src/kinova_gen3_control_interfaces', 'symlink_install': False, 'test_result_base': None}
[0.413s] Level 5:colcon.colcon_core.verb:set package 'kinova_sim' build argument 'cmake_args' from command line to 'None'
[0.413s] Level 5:colcon.colcon_core.verb:set package 'kinova_sim' build argument 'cmake_target' from command line to 'None'
[0.413s] Level 5:colcon.colcon_core.verb:set package 'kinova_sim' build argument 'cmake_target_skip_unavailable' from command line to 'False'
[0.414s] Level 5:colcon.colcon_core.verb:set package 'kinova_sim' build argument 'cmake_clean_cache' from command line to 'False'
[0.414s] Level 5:colcon.colcon_core.verb:set package 'kinova_sim' build argument 'cmake_clean_first' from command line to 'False'
[0.414s] Level 5:colcon.colcon_core.verb:set package 'kinova_sim' build argument 'cmake_force_configure' from command line to 'False'
[0.414s] Level 5:colcon.colcon_core.verb:set package 'kinova_sim' build argument 'ament_cmake_args' from command line to 'None'
[0.414s] Level 5:colcon.colcon_core.verb:set package 'kinova_sim' build argument 'catkin_cmake_args' from command line to 'None'
[0.414s] Level 5:colcon.colcon_core.verb:set package 'kinova_sim' build argument 'catkin_skip_building_tests' from command line to 'False'
[0.414s] DEBUG:colcon.colcon_core.verb:Building package 'kinova_sim' with the following arguments: {'ament_cmake_args': None, 'build_base': '/home/ws/build/kinova_sim', 'catkin_cmake_args': None, 'catkin_skip_building_tests': False, 'cmake_args': None, 'cmake_clean_cache': False, 'cmake_clean_first': False, 'cmake_force_configure': False, 'cmake_target': None, 'cmake_target_skip_unavailable': False, 'install_base': '/home/ws/install/kinova_sim', 'merge_install': False, 'path': '/home/ws/src/kinova_sim', 'symlink_install': False, 'test_result_base': None}
[0.414s] Level 5:colcon.colcon_core.verb:set package 'kinova_gen3_control_cpp' build argument 'cmake_args' from command line to 'None'
[0.414s] Level 5:colcon.colcon_core.verb:set package 'kinova_gen3_control_cpp' build argument 'cmake_target' from command line to 'None'
[0.414s] Level 5:colcon.colcon_core.verb:set package 'kinova_gen3_control_cpp' build argument 'cmake_target_skip_unavailable' from command line to 'False'
[0.415s] Level 5:colcon.colcon_core.verb:set package 'kinova_gen3_control_cpp' build argument 'cmake_clean_cache' from command line to 'False'
[0.415s] Level 5:colcon.colcon_core.verb:set package 'kinova_gen3_control_cpp' build argument 'cmake_clean_first' from command line to 'False'
[0.415s] Level 5:colcon.colcon_core.verb:set package 'kinova_gen3_control_cpp' build argument 'cmake_force_configure' from command line to 'False'
[0.415s] Level 5:colcon.colcon_core.verb:set package 'kinova_gen3_control_cpp' build argument 'ament_cmake_args' from command line to 'None'
[0.415s] Level 5:colcon.colcon_core.verb:set package 'kinova_gen3_control_cpp' build argument 'catkin_cmake_args' from command line to 'None'
[0.415s] Level 5:colcon.colcon_core.verb:set package 'kinova_gen3_control_cpp' build argument 'catkin_skip_building_tests' from command line to 'False'
[0.415s] DEBUG:colcon.colcon_core.verb:Building package 'kinova_gen3_control_cpp' with the following arguments: {'ament_cmake_args': None, 'build_base': '/home/ws/build/kinova_gen3_control_cpp', 'catkin_cmake_args': None, 'catkin_skip_building_tests': False, 'cmake_args': None, 'cmake_clean_cache': False, 'cmake_clean_first': False, 'cmake_force_configure': False, 'cmake_target': None, 'cmake_target_skip_unavailable': False, 'install_base': '/home/ws/install/kinova_gen3_control_cpp', 'merge_install': False, 'path': '/home/ws/src/kinova_gen3_control_cpp', 'symlink_install': False, 'test_result_base': None}
[0.415s] INFO:colcon.colcon_core.executor:Executing jobs using 'parallel' executor
[0.417s] DEBUG:colcon.colcon_parallel_executor.executor.parallel:run_until_complete
[0.417s] INFO:colcon.colcon_ros.task.ament_cmake.build:Building ROS package in '/home/ws/src/kinova_gen3_control_interfaces' with build type 'ament_cmake'
[0.417s] INFO:colcon.colcon_cmake.task.cmake.build:Building CMake package in '/home/ws/src/kinova_gen3_control_interfaces'
[0.420s] INFO:colcon.colcon_core.plugin_system:Skipping extension 'colcon_core.shell.bat': Not used on non-Windows systems
[0.421s] INFO:colcon.colcon_core.shell:Skip shell extension 'powershell' for command environment: Not usable outside of PowerShell
[0.421s] DEBUG:colcon.colcon_core.shell:Skip shell extension 'dsv' for command environment
[0.428s] INFO:colcon.colcon_ros.task.ament_cmake.build:Building ROS package in '/home/ws/src/kinova_sim' with build type 'ament_cmake'
[0.429s] INFO:colcon.colcon_cmake.task.cmake.build:Building CMake package in '/home/ws/src/kinova_sim'
[0.429s] INFO:colcon.colcon_core.shell:Skip shell extension 'powershell' for command environment: Not usable outside of PowerShell
[0.429s] DEBUG:colcon.colcon_core.shell:Skip shell extension 'dsv' for command environment
[0.443s] DEBUG:colcon.colcon_core.event_handler.log_command:Invoking command in '/home/ws/build/kinova_gen3_control_interfaces': CMAKE_PREFIX_PATH=${CMAKE_PREFIX_PATH}:/opt/ros/humble /usr/bin/cmake /home/ws/src/kinova_gen3_control_interfaces -DCMAKE_INSTALL_PREFIX=/home/ws/install/kinova_gen3_control_interfaces
[0.449s] DEBUG:colcon.colcon_core.event_handler.log_command:Invoking command in '/home/ws/build/kinova_sim': CMAKE_PREFIX_PATH=${CMAKE_PREFIX_PATH}:/opt/ros/humble /usr/bin/cmake --build /home/ws/build/kinova_sim -- -j12 -l12
[0.511s] DEBUG:colcon.colcon_core.event_handler.log_command:Invoked command in '/home/ws/build/kinova_sim' returned '0': CMAKE_PREFIX_PATH=${CMAKE_PREFIX_PATH}:/opt/ros/humble /usr/bin/cmake --build /home/ws/build/kinova_sim -- -j12 -l12
[0.567s] DEBUG:colcon.colcon_core.event_handler.log_command:Invoking command in '/home/ws/build/kinova_sim': CMAKE_PREFIX_PATH=${CMAKE_PREFIX_PATH}:/opt/ros/humble /usr/bin/cmake --install /home/ws/build/kinova_sim
[0.582s] Level 1:colcon.colcon_core.environment:create_environment_scripts_only(kinova_sim)
[0.584s] DEBUG:colcon.colcon_core.event_handler.log_command:Invoked command in '/home/ws/build/kinova_sim' returned '0': CMAKE_PREFIX_PATH=${CMAKE_PREFIX_PATH}:/opt/ros/humble /usr/bin/cmake --install /home/ws/build/kinova_sim
[0.587s] Level 1:colcon.colcon_core.environment:checking '/home/ws/install/kinova_sim' for CMake module files
[0.588s] Level 1:colcon.colcon_core.environment:checking '/home/ws/install/kinova_sim' for CMake config files
[0.588s] Level 1:colcon.colcon_core.shell:create_environment_hook('kinova_sim', 'cmake_prefix_path')
[0.588s] INFO:colcon.colcon_core.shell:Creating environment hook '/home/ws/install/kinova_sim/share/kinova_sim/hook/cmake_prefix_path.ps1'
[0.589s] INFO:colcon.colcon_core.shell:Creating environment descriptor '/home/ws/install/kinova_sim/share/kinova_sim/hook/cmake_prefix_path.dsv'
[0.590s] INFO:colcon.colcon_core.shell:Creating environment hook '/home/ws/install/kinova_sim/share/kinova_sim/hook/cmake_prefix_path.sh'
[0.591s] Level 1:colcon.colcon_core.environment:checking '/home/ws/install/kinova_sim/bin'
[0.591s] Level 1:colcon.colcon_core.environment:checking '/home/ws/install/kinova_sim/lib/pkgconfig/kinova_sim.pc'
[0.594s] Level 1:colcon.colcon_core.environment:checking '/home/ws/install/kinova_sim/lib/python3.10/site-packages'
[0.594s] Level 1:colcon.colcon_core.environment:checking '/home/ws/install/kinova_sim/bin'
[0.594s] INFO:colcon.colcon_core.shell:Creating package script '/home/ws/install/kinova_sim/share/kinova_sim/package.ps1'
[0.596s] INFO:colcon.colcon_core.shell:Creating package descriptor '/home/ws/install/kinova_sim/share/kinova_sim/package.dsv'
[0.597s] INFO:colcon.colcon_core.shell:Creating package script '/home/ws/install/kinova_sim/share/kinova_sim/package.sh'
[0.598s] INFO:colcon.colcon_core.shell:Creating package script '/home/ws/install/kinova_sim/share/kinova_sim/package.bash'
[0.599s] INFO:colcon.colcon_core.shell:Creating package script '/home/ws/install/kinova_sim/share/kinova_sim/package.zsh'
[0.600s] Level 1:colcon.colcon_core.environment:create_file_with_runtime_dependencies(/home/ws/install/kinova_sim/share/colcon-core/packages/kinova_sim)
[0.641s] Level 1:colcon.colcon_core.environment:create_environment_scripts_only(kinova_sim)
[0.641s] Level 1:colcon.colcon_core.environment:checking '/home/ws/install/kinova_sim' for CMake module files
[0.642s] Level 1:colcon.colcon_core.environment:checking '/home/ws/install/kinova_sim' for CMake config files
[0.642s] Level 1:colcon.colcon_core.shell:create_environment_hook('kinova_sim', 'cmake_prefix_path')
[0.643s] INFO:colcon.colcon_core.shell:Creating environment hook '/home/ws/install/kinova_sim/share/kinova_sim/hook/cmake_prefix_path.ps1'
[0.643s] INFO:colcon.colcon_core.shell:Creating environment descriptor '/home/ws/install/kinova_sim/share/kinova_sim/hook/cmake_prefix_path.dsv'
[0.644s] INFO:colcon.colcon_core.shell:Creating environment hook '/home/ws/install/kinova_sim/share/kinova_sim/hook/cmake_prefix_path.sh'
[0.645s] Level 1:colcon.colcon_core.environment:checking '/home/ws/install/kinova_sim/bin'
[0.645s] Level 1:colcon.colcon_core.environment:checking '/home/ws/install/kinova_sim/lib/pkgconfig/kinova_sim.pc'
[0.645s] Level 1:colcon.colcon_core.environment:checking '/home/ws/install/kinova_sim/lib/python3.10/site-packages'
[0.645s] Level 1:colcon.colcon_core.environment:checking '/home/ws/install/kinova_sim/bin'
[0.646s] INFO:colcon.colcon_core.shell:Creating package script '/home/ws/install/kinova_sim/share/kinova_sim/package.ps1'
[0.647s] INFO:colcon.colcon_core.shell:Creating package descriptor '/home/ws/install/kinova_sim/share/kinova_sim/package.dsv'
[0.647s] INFO:colcon.colcon_core.shell:Creating package script '/home/ws/install/kinova_sim/share/kinova_sim/package.sh'
[0.648s] INFO:colcon.colcon_core.shell:Creating package script '/home/ws/install/kinova_sim/share/kinova_sim/package.bash'
[0.648s] INFO:colcon.colcon_core.shell:Creating package script '/home/ws/install/kinova_sim/share/kinova_sim/package.zsh'
[0.649s] Level 1:colcon.colcon_core.environment:create_file_with_runtime_dependencies(/home/ws/install/kinova_sim/share/colcon-core/packages/kinova_sim)
[3.830s] DEBUG:colcon.colcon_core.event_handler.log_command:Invoked command in '/home/ws/build/kinova_gen3_control_interfaces' returned '0': CMAKE_PREFIX_PATH=${CMAKE_PREFIX_PATH}:/opt/ros/humble /usr/bin/cmake /home/ws/src/kinova_gen3_control_interfaces -DCMAKE_INSTALL_PREFIX=/home/ws/install/kinova_gen3_control_interfaces
[3.833s] DEBUG:colcon.colcon_core.event_handler.log_command:Invoking command in '/home/ws/build/kinova_gen3_control_interfaces': CMAKE_PREFIX_PATH=${CMAKE_PREFIX_PATH}:/opt/ros/humble /usr/bin/cmake --build /home/ws/build/kinova_gen3_control_interfaces -- -j12 -l12
[8.331s] DEBUG:colcon.colcon_core.event_handler.log_command:Invoked command in '/home/ws/build/kinova_gen3_control_interfaces' returned '0': CMAKE_PREFIX_PATH=${CMAKE_PREFIX_PATH}:/opt/ros/humble /usr/bin/cmake --build /home/ws/build/kinova_gen3_control_interfaces -- -j12 -l12
[8.411s] DEBUG:colcon.colcon_core.event_handler.log_command:Invoking command in '/home/ws/build/kinova_gen3_control_interfaces': CMAKE_PREFIX_PATH=${CMAKE_PREFIX_PATH}:/opt/ros/humble /usr/bin/cmake --install /home/ws/build/kinova_gen3_control_interfaces
[8.498s] Level 1:colcon.colcon_core.environment:create_environment_scripts_only(kinova_gen3_control_interfaces)
[8.499s] Level 1:colcon.colcon_core.environment:checking '/home/ws/install/kinova_gen3_control_interfaces' for CMake module files
[8.499s] DEBUG:colcon.colcon_core.event_handler.log_command:Invoked command in '/home/ws/build/kinova_gen3_control_interfaces' returned '0': CMAKE_PREFIX_PATH=${CMAKE_PREFIX_PATH}:/opt/ros/humble /usr/bin/cmake --install /home/ws/build/kinova_gen3_control_interfaces
[8.500s] Level 1:colcon.colcon_core.environment:checking '/home/ws/install/kinova_gen3_control_interfaces' for CMake config files
[8.500s] Level 1:colcon.colcon_core.shell:create_environment_hook('kinova_gen3_control_interfaces', 'cmake_prefix_path')
[8.500s] INFO:colcon.colcon_core.shell:Creating environment hook '/home/ws/install/kinova_gen3_control_interfaces/share/kinova_gen3_control_interfaces/hook/cmake_prefix_path.ps1'
[8.501s] INFO:colcon.colcon_core.shell:Creating environment descriptor '/home/ws/install/kinova_gen3_control_interfaces/share/kinova_gen3_control_interfaces/hook/cmake_prefix_path.dsv'
[8.501s] INFO:colcon.colcon_core.shell:Creating environment hook '/home/ws/install/kinova_gen3_control_interfaces/share/kinova_gen3_control_interfaces/hook/cmake_prefix_path.sh'
[8.501s] Level 1:colcon.colcon_core.environment:checking '/home/ws/install/kinova_gen3_control_interfaces/lib'
[8.502s] Level 1:colcon.colcon_core.shell:create_environment_hook('kinova_gen3_control_interfaces', 'ld_library_path_lib')
[8.502s] INFO:colcon.colcon_core.shell:Creating environment hook '/home/ws/install/kinova_gen3_control_interfaces/share/kinova_gen3_control_interfaces/hook/ld_library_path_lib.ps1'
[8.502s] INFO:colcon.colcon_core.shell:Creating environment descriptor '/home/ws/install/kinova_gen3_control_interfaces/share/kinova_gen3_control_interfaces/hook/ld_library_path_lib.dsv'
[8.502s] INFO:colcon.colcon_core.shell:Creating environment hook '/home/ws/install/kinova_gen3_control_interfaces/share/kinova_gen3_control_interfaces/hook/ld_library_path_lib.sh'
[8.503s] Level 1:colcon.colcon_core.environment:checking '/home/ws/install/kinova_gen3_control_interfaces/bin'
[8.503s] Level 1:colcon.colcon_core.environment:checking '/home/ws/install/kinova_gen3_control_interfaces/lib/pkgconfig/kinova_gen3_control_interfaces.pc'
[8.503s] Level 1:colcon.colcon_core.environment:checking '/home/ws/install/kinova_gen3_control_interfaces/lib/python3.10/site-packages'
[8.503s] Level 1:colcon.colcon_core.environment:checking '/home/ws/install/kinova_gen3_control_interfaces/bin'
[8.503s] INFO:colcon.colcon_core.shell:Creating package script '/home/ws/install/kinova_gen3_control_interfaces/share/kinova_gen3_control_interfaces/package.ps1'
[8.504s] INFO:colcon.colcon_core.shell:Creating package descriptor '/home/ws/install/kinova_gen3_control_interfaces/share/kinova_gen3_control_interfaces/package.dsv'
[8.504s] INFO:colcon.colcon_core.shell:Creating package script '/home/ws/install/kinova_gen3_control_interfaces/share/kinova_gen3_control_interfaces/package.sh'
[8.505s] INFO:colcon.colcon_core.shell:Creating package script '/home/ws/install/kinova_gen3_control_interfaces/share/kinova_gen3_control_interfaces/package.bash'
[8.505s] INFO:colcon.colcon_core.shell:Creating package script '/home/ws/install/kinova_gen3_control_interfaces/share/kinova_gen3_control_interfaces/package.zsh'
[8.505s] Level 1:colcon.colcon_core.environment:create_file_with_runtime_dependencies(/home/ws/install/kinova_gen3_control_interfaces/share/colcon-core/packages/kinova_gen3_control_interfaces)
[8.580s] Level 1:colcon.colcon_core.environment:create_environment_scripts_only(kinova_gen3_control_interfaces)
[8.581s] Level 1:colcon.colcon_core.environment:checking '/home/ws/install/kinova_gen3_control_interfaces' for CMake module files
[8.581s] Level 1:colcon.colcon_core.environment:checking '/home/ws/install/kinova_gen3_control_interfaces' for CMake config files
[8.582s] Level 1:colcon.colcon_core.shell:create_environment_hook('kinova_gen3_control_interfaces', 'cmake_prefix_path')
[8.582s] INFO:colcon.colcon_core.shell:Creating environment hook '/home/ws/install/kinova_gen3_control_interfaces/share/kinova_gen3_control_interfaces/hook/cmake_prefix_path.ps1'
[8.582s] INFO:colcon.colcon_core.shell:Creating environment descriptor '/home/ws/install/kinova_gen3_control_interfaces/share/kinova_gen3_control_interfaces/hook/cmake_prefix_path.dsv'
[8.582s] INFO:colcon.colcon_core.shell:Creating environment hook '/home/ws/install/kinova_gen3_control_interfaces/share/kinova_gen3_control_interfaces/hook/cmake_prefix_path.sh'
[8.583s] Level 1:colcon.colcon_core.environment:checking '/home/ws/install/kinova_gen3_control_interfaces/lib'
[8.583s] Level 1:colcon.colcon_core.shell:create_environment_hook('kinova_gen3_control_interfaces', 'ld_library_path_lib')
[8.583s] INFO:colcon.colcon_core.shell:Creating environment hook '/home/ws/install/kinova_gen3_control_interfaces/share/kinova_gen3_control_interfaces/hook/ld_library_path_lib.ps1'
[8.583s] INFO:colcon.colcon_core.shell:Creating environment descriptor '/home/ws/install/kinova_gen3_control_interfaces/share/kinova_gen3_control_interfaces/hook/ld_library_path_lib.dsv'
[8.584s] INFO:colcon.colcon_core.shell:Creating environment hook '/home/ws/install/kinova_gen3_control_interfaces/share/kinova_gen3_control_interfaces/hook/ld_library_path_lib.sh'
[8.584s] Level 1:colcon.colcon_core.environment:checking '/home/ws/install/kinova_gen3_control_interfaces/bin'
[8.584s] Level 1:colcon.colcon_core.environment:checking '/home/ws/install/kinova_gen3_control_interfaces/lib/pkgconfig/kinova_gen3_control_interfaces.pc'
[8.584s] Level 1:colcon.colcon_core.environment:checking '/home/ws/install/kinova_gen3_control_interfaces/lib/python3.10/site-packages'
[8.584s] Level 1:colcon.colcon_core.environment:checking '/home/ws/install/kinova_gen3_control_interfaces/bin'
[8.585s] INFO:colcon.colcon_core.shell:Creating package script '/home/ws/install/kinova_gen3_control_interfaces/share/kinova_gen3_control_interfaces/package.ps1'
[8.585s] INFO:colcon.colcon_core.shell:Creating package descriptor '/home/ws/install/kinova_gen3_control_interfaces/share/kinova_gen3_control_interfaces/package.dsv'
[8.585s] INFO:colcon.colcon_core.shell:Creating package script '/home/ws/install/kinova_gen3_control_interfaces/share/kinova_gen3_control_interfaces/package.sh'
[8.586s] INFO:colcon.colcon_core.shell:Creating package script '/home/ws/install/kinova_gen3_control_interfaces/share/kinova_gen3_control_interfaces/package.bash'
[8.586s] INFO:colcon.colcon_core.shell:Creating package script '/home/ws/install/kinova_gen3_control_interfaces/share/kinova_gen3_control_interfaces/package.zsh'
[8.586s] Level 1:colcon.colcon_core.environment:create_file_with_runtime_dependencies(/home/ws/install/kinova_gen3_control_interfaces/share/colcon-core/packages/kinova_gen3_control_interfaces)
[8.587s] INFO:colcon.colcon_ros.task.ament_cmake.build:Building ROS package in '/home/ws/src/kinova_gen3_control_cpp' with build type 'ament_cmake'
[8.587s] INFO:colcon.colcon_cmake.task.cmake.build:Building CMake package in '/home/ws/src/kinova_gen3_control_cpp'
[8.587s] INFO:colcon.colcon_core.shell:Skip shell extension 'powershell' for command environment: Not usable outside of PowerShell
[8.587s] DEBUG:colcon.colcon_core.shell:Skip shell extension 'dsv' for command environment
[8.598s] DEBUG:colcon.colcon_core.event_handler.log_command:Invoking command in '/home/ws/build/kinova_gen3_control_cpp': AMENT_PREFIX_PATH=/home/ws/install/kinova_gen3_control_interfaces:${AMENT_PREFIX_PATH} CMAKE_PREFIX_PATH=/home/ws/install/kinova_gen3_control_interfaces:/home/ws/install/kinova_sim:/opt/ros/humble LD_LIBRARY_PATH=/home/ws/install/kinova_gen3_control_interfaces/lib:${LD_LIBRARY_PATH} PYTHONPATH=/home/ws/install/kinova_gen3_control_interfaces/local/lib/python3.10/dist-packages:${PYTHONPATH} /usr/bin/cmake /home/ws/src/kinova_gen3_control_cpp -DCMAKE_INSTALL_PREFIX=/home/ws/install/kinova_gen3_control_cpp
[11.058s] DEBUG:colcon.colcon_core.event_handler.log_command:Invoked command in '/home/ws/build/kinova_gen3_control_cpp' returned '0': AMENT_PREFIX_PATH=/home/ws/install/kinova_gen3_control_interfaces:${AMENT_PREFIX_PATH} CMAKE_PREFIX_PATH=/home/ws/install/kinova_gen3_control_interfaces:/home/ws/install/kinova_sim:/opt/ros/humble LD_LIBRARY_PATH=/home/ws/install/kinova_gen3_control_interfaces/lib:${LD_LIBRARY_PATH} PYTHONPATH=/home/ws/install/kinova_gen3_control_interfaces/local/lib/python3.10/dist-packages:${PYTHONPATH} /usr/bin/cmake /home/ws/src/kinova_gen3_control_cpp -DCMAKE_INSTALL_PREFIX=/home/ws/install/kinova_gen3_control_cpp
[11.061s] DEBUG:colcon.colcon_core.event_handler.log_command:Invoking command in '/home/ws/build/kinova_gen3_control_cpp': AMENT_PREFIX_PATH=/home/ws/install/kinova_gen3_control_interfaces:${AMENT_PREFIX_PATH} CMAKE_PREFIX_PATH=/home/ws/install/kinova_gen3_control_interfaces:/home/ws/install/kinova_sim:/opt/ros/humble LD_LIBRARY_PATH=/home/ws/install/kinova_gen3_control_interfaces/lib:${LD_LIBRARY_PATH} PYTHONPATH=/home/ws/install/kinova_gen3_control_interfaces/local/lib/python3.10/dist-packages:${PYTHONPATH} /usr/bin/cmake --build /home/ws/build/kinova_gen3_control_cpp -- -j12 -l12
[20.961s] DEBUG:colcon.colcon_core.event_handler.log_command:Invoked command in '/home/ws/build/kinova_gen3_control_cpp' returned '0': AMENT_PREFIX_PATH=/home/ws/install/kinova_gen3_control_interfaces:${AMENT_PREFIX_PATH} CMAKE_PREFIX_PATH=/home/ws/install/kinova_gen3_control_interfaces:/home/ws/install/kinova_sim:/opt/ros/humble LD_LIBRARY_PATH=/home/ws/install/kinova_gen3_control_interfaces/lib:${LD_LIBRARY_PATH} PYTHONPATH=/home/ws/install/kinova_gen3_control_interfaces/local/lib/python3.10/dist-packages:${PYTHONPATH} /usr/bin/cmake --build /home/ws/build/kinova_gen3_control_cpp -- -j12 -l12
[20.995s] DEBUG:colcon.colcon_core.event_handler.log_command:Invoking command in '/home/ws/build/kinova_gen3_control_cpp': AMENT_PREFIX_PATH=/home/ws/install/kinova_gen3_control_interfaces:${AMENT_PREFIX_PATH} CMAKE_PREFIX_PATH=/home/ws/install/kinova_gen3_control_interfaces:/home/ws/install/kinova_sim:/opt/ros/humble LD_LIBRARY_PATH=/home/ws/install/kinova_gen3_control_interfaces/lib:${LD_LIBRARY_PATH} PYTHONPATH=/home/ws/install/kinova_gen3_control_interfaces/local/lib/python3.10/dist-packages:${PYTHONPATH} /usr/bin/cmake --install /home/ws/build/kinova_gen3_control_cpp
[21.012s] Level 1:colcon.colcon_core.environment:create_environment_scripts_only(kinova_gen3_control_cpp)
[21.013s] Level 1:colcon.colcon_core.environment:checking '/home/ws/install/kinova_gen3_control_cpp' for CMake module files
[21.013s] DEBUG:colcon.colcon_core.event_handler.log_command:Invoked command in '/home/ws/build/kinova_gen3_control_cpp' returned '0': AMENT_PREFIX_PATH=/home/ws/install/kinova_gen3_control_interfaces:${AMENT_PREFIX_PATH} CMAKE_PREFIX_PATH=/home/ws/install/kinova_gen3_control_interfaces:/home/ws/install/kinova_sim:/opt/ros/humble LD_LIBRARY_PATH=/home/ws/install/kinova_gen3_control_interfaces/lib:${LD_LIBRARY_PATH} PYTHONPATH=/home/ws/install/kinova_gen3_control_interfaces/local/lib/python3.10/dist-packages:${PYTHONPATH} /usr/bin/cmake --install /home/ws/build/kinova_gen3_control_cpp
[21.013s] Level 1:colcon.colcon_core.environment:checking '/home/ws/install/kinova_gen3_control_cpp' for CMake config files
[21.014s] Level 1:colcon.colcon_core.shell:create_environment_hook('kinova_gen3_control_cpp', 'cmake_prefix_path')
[21.014s] INFO:colcon.colcon_core.shell:Creating environment hook '/home/ws/install/kinova_gen3_control_cpp/share/kinova_gen3_control_cpp/hook/cmake_prefix_path.ps1'
[21.014s] INFO:colcon.colcon_core.shell:Creating environment descriptor '/home/ws/install/kinova_gen3_control_cpp/share/kinova_gen3_control_cpp/hook/cmake_prefix_path.dsv'
[21.014s] INFO:colcon.colcon_core.shell:Creating environment hook '/home/ws/install/kinova_gen3_control_cpp/share/kinova_gen3_control_cpp/hook/cmake_prefix_path.sh'
[21.015s] Level 1:colcon.colcon_core.environment:checking '/home/ws/install/kinova_gen3_control_cpp/lib'
[21.015s] Level 1:colcon.colcon_core.shell:create_environment_hook('kinova_gen3_control_cpp', 'ld_library_path_lib')
[21.015s] INFO:colcon.colcon_core.shell:Creating environment hook '/home/ws/install/kinova_gen3_control_cpp/share/kinova_gen3_control_cpp/hook/ld_library_path_lib.ps1'
[21.016s] INFO:colcon.colcon_core.shell:Creating environment descriptor '/home/ws/install/kinova_gen3_control_cpp/share/kinova_gen3_control_cpp/hook/ld_library_path_lib.dsv'
[21.016s] INFO:colcon.colcon_core.shell:Creating environment hook '/home/ws/install/kinova_gen3_control_cpp/share/kinova_gen3_control_cpp/hook/ld_library_path_lib.sh'
[21.016s] Level 1:colcon.colcon_core.environment:checking '/home/ws/install/kinova_gen3_control_cpp/bin'
[21.016s] Level 1:colcon.colcon_core.environment:checking '/home/ws/install/kinova_gen3_control_cpp/lib/pkgconfig/kinova_gen3_control_cpp.pc'
[21.017s] Level 1:colcon.colcon_core.environment:checking '/home/ws/install/kinova_gen3_control_cpp/lib/python3.10/site-packages'
[21.017s] Level 1:colcon.colcon_core.environment:checking '/home/ws/install/kinova_gen3_control_cpp/bin'
[21.017s] INFO:colcon.colcon_core.shell:Creating package script '/home/ws/install/kinova_gen3_control_cpp/share/kinova_gen3_control_cpp/package.ps1'
[21.018s] INFO:colcon.colcon_core.shell:Creating package descriptor '/home/ws/install/kinova_gen3_control_cpp/share/kinova_gen3_control_cpp/package.dsv'
[21.018s] INFO:colcon.colcon_core.shell:Creating package script '/home/ws/install/kinova_gen3_control_cpp/share/kinova_gen3_control_cpp/package.sh'
[21.019s] INFO:colcon.colcon_core.shell:Creating package script '/home/ws/install/kinova_gen3_control_cpp/share/kinova_gen3_control_cpp/package.bash'
[21.019s] INFO:colcon.colcon_core.shell:Creating package script '/home/ws/install/kinova_gen3_control_cpp/share/kinova_gen3_control_cpp/package.zsh'
[21.019s] Level 1:colcon.colcon_core.environment:create_file_with_runtime_dependencies(/home/ws/install/kinova_gen3_control_cpp/share/colcon-core/packages/kinova_gen3_control_cpp)
[21.053s] Level 1:colcon.colcon_core.environment:create_environment_scripts_only(kinova_gen3_control_cpp)
[21.053s] Level 1:colcon.colcon_core.environment:checking '/home/ws/install/kinova_gen3_control_cpp' for CMake module files
[21.054s] Level 1:colcon.colcon_core.environment:checking '/home/ws/install/kinova_gen3_control_cpp' for CMake config files
[21.054s] Level 1:colcon.colcon_core.shell:create_environment_hook('kinova_gen3_control_cpp', 'cmake_prefix_path')
[21.054s] INFO:colcon.colcon_core.shell:Creating environment hook '/home/ws/install/kinova_gen3_control_cpp/share/kinova_gen3_control_cpp/hook/cmake_prefix_path.ps1'
[21.055s] INFO:colcon.colcon_core.shell:Creating environment descriptor '/home/ws/install/kinova_gen3_control_cpp/share/kinova_gen3_control_cpp/hook/cmake_prefix_path.dsv'
[21.055s] INFO:colcon.colcon_core.shell:Creating environment hook '/home/ws/install/kinova_gen3_control_cpp/share/kinova_gen3_control_cpp/hook/cmake_prefix_path.sh'
[21.056s] Level 1:colcon.colcon_core.environment:checking '/home/ws/install/kinova_gen3_control_cpp/lib'
[21.056s] Level 1:colcon.colcon_core.shell:create_environment_hook('kinova_gen3_control_cpp', 'ld_library_path_lib')
[21.056s] INFO:colcon.colcon_core.shell:Creating environment hook '/home/ws/install/kinova_gen3_control_cpp/share/kinova_gen3_control_cpp/hook/ld_library_path_lib.ps1'
[21.057s] INFO:colcon.colcon_core.shell:Creating environment descriptor '/home/ws/install/kinova_gen3_control_cpp/share/kinova_gen3_control_cpp/hook/ld_library_path_lib.dsv'
[21.057s] INFO:colcon.colcon_core.shell:Creating environment hook '/home/ws/install/kinova_gen3_control_cpp/share/kinova_gen3_control_cpp/hook/ld_library_path_lib.sh'
[21.057s] Level 1:colcon.colcon_core.environment:checking '/home/ws/install/kinova_gen3_control_cpp/bin'
[21.057s] Level 1:colcon.colcon_core.environment:checking '/home/ws/install/kinova_gen3_control_cpp/lib/pkgconfig/kinova_gen3_control_cpp.pc'
[21.058s] Level 1:colcon.colcon_core.environment:checking '/home/ws/install/kinova_gen3_control_cpp/lib/python3.10/site-packages'
[21.058s] Level 1:colcon.colcon_core.environment:checking '/home/ws/install/kinova_gen3_control_cpp/bin'
[21.058s] INFO:colcon.colcon_core.shell:Creating package script '/home/ws/install/kinova_gen3_control_cpp/share/kinova_gen3_control_cpp/package.ps1'
[21.059s] INFO:colcon.colcon_core.shell:Creating package descriptor '/home/ws/install/kinova_gen3_control_cpp/share/kinova_gen3_control_cpp/package.dsv'
[21.059s] INFO:colcon.colcon_core.shell:Creating package script '/home/ws/install/kinova_gen3_control_cpp/share/kinova_gen3_control_cpp/package.sh'
[21.060s] INFO:colcon.colcon_core.shell:Creating package script '/home/ws/install/kinova_gen3_control_cpp/share/kinova_gen3_control_cpp/package.bash'
[21.060s] INFO:colcon.colcon_core.shell:Creating package script '/home/ws/install/kinova_gen3_control_cpp/share/kinova_gen3_control_cpp/package.zsh'
[21.061s] Level 1:colcon.colcon_core.environment:create_file_with_runtime_dependencies(/home/ws/install/kinova_gen3_control_cpp/share/colcon-core/packages/kinova_gen3_control_cpp)
[21.061s] DEBUG:colcon.colcon_parallel_executor.executor.parallel:closing loop
[21.062s] DEBUG:colcon.colcon_parallel_executor.executor.parallel:loop closed
[21.062s] DEBUG:colcon.colcon_parallel_executor.executor.parallel:run_until_complete finished with '0'
[21.062s] DEBUG:colcon.colcon_core.event_reactor:joining thread
[21.066s] INFO:colcon.colcon_core.plugin_system:Skipping extension 'colcon_notification.desktop_notification.notify_send': Could not find 'notify-send'
[21.066s] INFO:colcon.colcon_core.plugin_system:Skipping extension 'colcon_notification.desktop_notification.terminal_notifier': Not used on non-Darwin systems
[21.066s] INFO:colcon.colcon_core.plugin_system:Skipping extension 'colcon_notification.desktop_notification.win32': Not used on non-Windows systems
[21.066s] INFO:colcon.colcon_notification.desktop_notification:Sending desktop notification using 'notify2'
[21.070s] DEBUG:colcon.colcon_notification.desktop_notification.notify2:Failed to initialize notify2: org.freedesktop.DBus.Error.Spawn.ExecFailed: /usr/bin/dbus-launch terminated abnormally without any error message
[21.070s] DEBUG:colcon.colcon_core.event_reactor:joined thread
[21.070s] INFO:colcon.colcon_core.shell:Creating prefix script '/home/ws/install/local_setup.ps1'
[21.072s] INFO:colcon.colcon_core.shell:Creating prefix util module '/home/ws/install/_local_setup_util_ps1.py'
[21.073s] INFO:colcon.colcon_core.shell:Creating prefix chain script '/home/ws/install/setup.ps1'
[21.075s] INFO:colcon.colcon_core.shell:Creating prefix script '/home/ws/install/local_setup.sh'
[21.075s] INFO:colcon.colcon_core.shell:Creating prefix util module '/home/ws/install/_local_setup_util_sh.py'
[21.076s] INFO:colcon.colcon_core.shell:Creating prefix chain script '/home/ws/install/setup.sh'
[21.077s] INFO:colcon.colcon_core.shell:Creating prefix script '/home/ws/install/local_setup.bash'
[21.078s] INFO:colcon.colcon_core.shell:Creating prefix chain script '/home/ws/install/setup.bash'
[21.079s] INFO:colcon.colcon_core.shell:Creating prefix script '/home/ws/install/local_setup.zsh'
[21.080s] INFO:colcon.colcon_core.shell:Creating prefix chain script '/home/ws/install/setup.zsh'
