-- Found ament_cmake: 1.3.10 (/opt/ros/humble/share/ament_cmake/cmake)
-- Found rclcpp: 16.0.10 (/opt/ros/humble/share/rclcpp/cmake)
-- Found rosidl_generator_c: 3.1.5 (/opt/ros/humble/share/rosidl_generator_c/cmake)
-- Found rosidl_adapter: 3.1.5 (/opt/ros/humble/share/rosidl_adapter/cmake)
-- Found rosidl_generator_cpp: 3.1.5 (/opt/ros/humble/share/rosidl_generator_cpp/cmake)
-- Using all available rosidl_typesupport_c: rosidl_typesupport_fastrtps_c;rosidl_typesupport_introspection_c
-- Using all available rosidl_typesupport_cpp: rosidl_typesupport_fastrtps_cpp;rosidl_typesupport_introspection_cpp
-- Found rmw_implementation_cmake: 6.1.2 (/opt/ros/humble/share/rmw_implementation_cmake/cmake)
-- Found rmw_fastrtps_cpp: 6.2.7 (/opt/ros/humble/share/rmw_fastrtps_cpp/cmake)
-- Using RMW implementation 'rmw_fastrtps_cpp' as default
-- Found rclcpp_action: 16.0.10 (/opt/ros/humble/share/rclcpp_action/cmake)
-- Found rclcpp_components: 16.0.10 (/opt/ros/humble/share/rclcpp_components/cmake)
-- Found moveit_ros_planning_interface: 2.5.5 (/opt/ros/humble/share/moveit_ros_planning_interface/cmake)
-- Found Boost: /usr/lib/x86_64-linux-gnu/cmake/Boost-1.74.0/BoostConfig.cmake (found version "1.74.0") found components: date_time filesystem program_options system thread 
-- Found Boost: /usr/lib/x86_64-linux-gnu/cmake/Boost-1.74.0/BoostConfig.cmake (found version "1.74.0") found components: chrono date_time filesystem iostreams program_options regex serialization system thread 
-- Found parameter_traits: 0.3.8 (/opt/ros/humble/share/parameter_traits/cmake)
-- Found rclcpp_lifecycle: 16.0.10 (/opt/ros/humble/share/rclcpp_lifecycle/cmake)
-- Found Boost: /usr/lib/x86_64-linux-gnu/cmake/Boost-1.74.0/BoostConfig.cmake (found version "1.74.0") found components: filesystem 
-- library: /usr/lib/x86_64-linux-gnu/libcurl.so
-- Ensuring Eigen3 include directory is part of orocos-kdl CMake target
-- Found Boost: /usr/lib/x86_64-linux-gnu/cmake/Boost-1.74.0/BoostConfig.cmake (found version "1.74.0") found components: system filesystem date_time program_options thread chrono 
-- Found Boost: /usr/lib/x86_64-linux-gnu/cmake/Boost-1.74.0/BoostConfig.cmake (found version "1.74.0") found components: thread system filesystem regex date_time program_options 
-- Found Boost: /usr/lib/x86_64-linux-gnu/cmake/Boost-1.74.0/BoostConfig.cmake (found version "1.74.0") found components: system filesystem date_time program_options thread 
-- Found kinova_gen3_control_interfaces: 0.0.0 (/home/ws/install/kinova_gen3_control_interfaces/share/kinova_gen3_control_interfaces/cmake)
-- Configuring done
-- Generating done
-- Build files have been written to: /home/ws/build/kinova_gen3_control_cpp
[35m[1mConsolidate compiler generated dependencies of target arm_move_to_point_server[0m
[35m[1mConsolidate compiler generated dependencies of target action_server[0m
[ 50%] Built target arm_move_to_point_server
[ 75%] [32mBuilding CXX object CMakeFiles/action_server.dir/src/arm_move_to_point_server.cpp.o[0m
[100%] [32m[1mLinking CXX shared library libaction_server.so[0m
[100%] Built target action_server
-- Install configuration: ""
-- Up-to-date: /home/ws/install/kinova_gen3_control_cpp/lib/kinova_gen3_control_cpp/arm_move_to_point_server
-- Installing: /home/ws/install/kinova_gen3_control_cpp/lib/libaction_server.so
-- Set runtime path of "/home/ws/install/kinova_gen3_control_cpp/lib/libaction_server.so" to ""
-- Up-to-date: /home/ws/install/kinova_gen3_control_cpp/share/kinova_gen3_control_cpp/launch
-- Installing: /home/ws/install/kinova_gen3_control_cpp/share/kinova_gen3_control_cpp/launch/demo.launch.py
-- Up-to-date: /home/ws/install/kinova_gen3_control_cpp/share/ament_index/resource_index/package_run_dependencies/kinova_gen3_control_cpp
-- Installing: /home/ws/install/kinova_gen3_control_cpp/share/ament_index/resource_index/parent_prefix_path/kinova_gen3_control_cpp
-- Up-to-date: /home/ws/install/kinova_gen3_control_cpp/share/kinova_gen3_control_cpp/environment/ament_prefix_path.sh
-- Installing: /home/ws/install/kinova_gen3_control_cpp/share/kinova_gen3_control_cpp/environment/ament_prefix_path.dsv
-- Up-to-date: /home/ws/install/kinova_gen3_control_cpp/share/kinova_gen3_control_cpp/environment/path.sh
-- Installing: /home/ws/install/kinova_gen3_control_cpp/share/kinova_gen3_control_cpp/environment/path.dsv
-- Up-to-date: /home/ws/install/kinova_gen3_control_cpp/share/kinova_gen3_control_cpp/local_setup.bash
-- Up-to-date: /home/ws/install/kinova_gen3_control_cpp/share/kinova_gen3_control_cpp/local_setup.sh
-- Up-to-date: /home/ws/install/kinova_gen3_control_cpp/share/kinova_gen3_control_cpp/local_setup.zsh
-- Installing: /home/ws/install/kinova_gen3_control_cpp/share/kinova_gen3_control_cpp/local_setup.dsv
-- Installing: /home/ws/install/kinova_gen3_control_cpp/share/kinova_gen3_control_cpp/package.dsv
-- Up-to-date: /home/ws/install/kinova_gen3_control_cpp/share/ament_index/resource_index/packages/kinova_gen3_control_cpp
-- Up-to-date: /home/ws/install/kinova_gen3_control_cpp/share/ament_index/resource_index/rclcpp_components/kinova_gen3_control_cpp
-- Up-to-date: /home/ws/install/kinova_gen3_control_cpp/share/kinova_gen3_control_cpp/cmake/kinova_gen3_control_cppConfig.cmake
-- Up-to-date: /home/ws/install/kinova_gen3_control_cpp/share/kinova_gen3_control_cpp/cmake/kinova_gen3_control_cppConfig-version.cmake
-- Installing: /home/ws/install/kinova_gen3_control_cpp/share/kinova_gen3_control_cpp/package.xml
