[0.013s] Invoking command in '/home/ws/build/kinova_gen3_control_cpp': CMAKE_PREFIX_PATH=/home/ws/install/kinova_gen3_control_interfaces:/home/ws/install/kinova_sim:/home/ws/install/kinova_gen3_control_cpp:/opt/ros/humble LD_LIBRARY_PATH=/home/ws/install/kinova_gen3_control_interfaces/lib:/home/ws/install/kinova_gen3_control_cpp/lib:/opt/ros/humble/opt/rviz_ogre_vendor/lib:/opt/ros/humble/lib/x86_64-linux-gnu:/opt/ros/humble/lib /usr/bin/cmake --build /home/ws/build/kinova_gen3_control_cpp -- -j12 -l12
[0.064s] -- Found ament_cmake: 1.3.10 (/opt/ros/humble/share/ament_cmake/cmake)
[0.191s] -- Found rclcpp: 16.0.10 (/opt/ros/humble/share/rclcpp/cmake)
[0.221s] -- Found rosidl_generator_c: 3.1.5 (/opt/ros/humble/share/rosidl_generator_c/cmake)
[0.223s] -- Found rosidl_adapter: 3.1.5 (/opt/ros/humble/share/rosidl_adapter/cmake)
[0.229s] -- Found rosidl_generator_cpp: 3.1.5 (/opt/ros/humble/share/rosidl_generator_cpp/cmake)
[0.239s] -- Using all available rosidl_typesupport_c: rosidl_typesupport_fastrtps_c;rosidl_typesupport_introspection_c
[0.251s] -- Using all available rosidl_typesupport_cpp: rosidl_typesupport_fastrtps_cpp;rosidl_typesupport_introspection_cpp
[0.288s] -- Found rmw_implementation_cmake: 6.1.2 (/opt/ros/humble/share/rmw_implementation_cmake/cmake)
[0.291s] -- Found rmw_fastrtps_cpp: 6.2.7 (/opt/ros/humble/share/rmw_fastrtps_cpp/cmake)
[0.424s] -- Using RMW implementation 'rmw_fastrtps_cpp' as default
[0.478s] -- Found rclcpp_action: 16.0.10 (/opt/ros/humble/share/rclcpp_action/cmake)
[0.508s] -- Found rclcpp_components: 16.0.10 (/opt/ros/humble/share/rclcpp_components/cmake)
[0.531s] -- Found moveit_ros_planning_interface: 2.5.5 (/opt/ros/humble/share/moveit_ros_planning_interface/cmake)
[0.545s] -- Found Boost: /usr/lib/x86_64-linux-gnu/cmake/Boost-1.74.0/BoostConfig.cmake (found version "1.74.0") found components: date_time filesystem program_options system thread 
[0.678s] -- Found Boost: /usr/lib/x86_64-linux-gnu/cmake/Boost-1.74.0/BoostConfig.cmake (found version "1.74.0") found components: chrono date_time filesystem iostreams program_options regex serialization system thread 
[0.686s] -- Found parameter_traits: 0.3.8 (/opt/ros/humble/share/parameter_traits/cmake)
[0.693s] -- Found rclcpp_lifecycle: 16.0.10 (/opt/ros/humble/share/rclcpp_lifecycle/cmake)
[0.717s] -- Found Boost: /usr/lib/x86_64-linux-gnu/cmake/Boost-1.74.0/BoostConfig.cmake (found version "1.74.0") found components: filesystem 
[0.763s] -- library: /usr/lib/x86_64-linux-gnu/libcurl.so
[0.791s] -- Ensuring Eigen3 include directory is part of orocos-kdl CMake target
[0.887s] -- Found Boost: /usr/lib/x86_64-linux-gnu/cmake/Boost-1.74.0/BoostConfig.cmake (found version "1.74.0") found components: system filesystem date_time program_options thread chrono 
[0.914s] -- Found Boost: /usr/lib/x86_64-linux-gnu/cmake/Boost-1.74.0/BoostConfig.cmake (found version "1.74.0") found components: thread system filesystem regex date_time program_options 
[0.935s] -- Found Boost: /usr/lib/x86_64-linux-gnu/cmake/Boost-1.74.0/BoostConfig.cmake (found version "1.74.0") found components: system filesystem date_time program_options thread 
[0.968s] -- Found kinova_gen3_control_interfaces: 0.0.0 (/home/ws/install/kinova_gen3_control_interfaces/share/kinova_gen3_control_interfaces/cmake)
[1.054s] -- Configuring done
[1.095s] -- Generating done
[1.098s] -- Build files have been written to: /home/ws/build/kinova_gen3_control_cpp
[1.132s] [35m[1mConsolidate compiler generated dependencies of target arm_move_to_point_server[0m
[1.136s] [35m[1mConsolidate compiler generated dependencies of target action_server[0m
[1.169s] [ 50%] Built target arm_move_to_point_server
[1.172s] [ 75%] [32mBuilding CXX object CMakeFiles/action_server.dir/src/arm_move_to_point_server.cpp.o[0m
[10.496s] [100%] [32m[1mLinking CXX shared library libaction_server.so[0m
[10.896s] [100%] Built target action_server
[10.910s] Invoked command in '/home/ws/build/kinova_gen3_control_cpp' returned '0': CMAKE_PREFIX_PATH=/home/ws/install/kinova_gen3_control_interfaces:/home/ws/install/kinova_sim:/home/ws/install/kinova_gen3_control_cpp:/opt/ros/humble LD_LIBRARY_PATH=/home/ws/install/kinova_gen3_control_interfaces/lib:/home/ws/install/kinova_gen3_control_cpp/lib:/opt/ros/humble/opt/rviz_ogre_vendor/lib:/opt/ros/humble/lib/x86_64-linux-gnu:/opt/ros/humble/lib /usr/bin/cmake --build /home/ws/build/kinova_gen3_control_cpp -- -j12 -l12
[10.949s] Invoking command in '/home/ws/build/kinova_gen3_control_cpp': CMAKE_PREFIX_PATH=/home/ws/install/kinova_gen3_control_interfaces:/home/ws/install/kinova_sim:/home/ws/install/kinova_gen3_control_cpp:/opt/ros/humble LD_LIBRARY_PATH=/home/ws/install/kinova_gen3_control_interfaces/lib:/home/ws/install/kinova_gen3_control_cpp/lib:/opt/ros/humble/opt/rviz_ogre_vendor/lib:/opt/ros/humble/lib/x86_64-linux-gnu:/opt/ros/humble/lib /usr/bin/cmake --install /home/ws/build/kinova_gen3_control_cpp
[10.958s] -- Install configuration: ""
[10.959s] -- Up-to-date: /home/ws/install/kinova_gen3_control_cpp/lib/kinova_gen3_control_cpp/arm_move_to_point_server
[10.959s] -- Installing: /home/ws/install/kinova_gen3_control_cpp/lib/libaction_server.so
[10.962s] -- Set runtime path of "/home/ws/install/kinova_gen3_control_cpp/lib/libaction_server.so" to ""
[10.962s] -- Up-to-date: /home/ws/install/kinova_gen3_control_cpp/share/kinova_gen3_control_cpp/launch
[10.963s] -- Installing: /home/ws/install/kinova_gen3_control_cpp/share/kinova_gen3_control_cpp/launch/demo.launch.py
[10.963s] -- Up-to-date: /home/ws/install/kinova_gen3_control_cpp/share/ament_index/resource_index/package_run_dependencies/kinova_gen3_control_cpp
[10.963s] -- Installing: /home/ws/install/kinova_gen3_control_cpp/share/ament_index/resource_index/parent_prefix_path/kinova_gen3_control_cpp
[10.963s] -- Up-to-date: /home/ws/install/kinova_gen3_control_cpp/share/kinova_gen3_control_cpp/environment/ament_prefix_path.sh
[10.963s] -- Installing: /home/ws/install/kinova_gen3_control_cpp/share/kinova_gen3_control_cpp/environment/ament_prefix_path.dsv
[10.963s] -- Up-to-date: /home/ws/install/kinova_gen3_control_cpp/share/kinova_gen3_control_cpp/environment/path.sh
[10.963s] -- Installing: /home/ws/install/kinova_gen3_control_cpp/share/kinova_gen3_control_cpp/environment/path.dsv
[10.963s] -- Up-to-date: /home/ws/install/kinova_gen3_control_cpp/share/kinova_gen3_control_cpp/local_setup.bash
[10.964s] -- Up-to-date: /home/ws/install/kinova_gen3_control_cpp/share/kinova_gen3_control_cpp/local_setup.sh
[10.964s] -- Up-to-date: /home/ws/install/kinova_gen3_control_cpp/share/kinova_gen3_control_cpp/local_setup.zsh
[10.964s] -- Installing: /home/ws/install/kinova_gen3_control_cpp/share/kinova_gen3_control_cpp/local_setup.dsv
[10.964s] -- Installing: /home/ws/install/kinova_gen3_control_cpp/share/kinova_gen3_control_cpp/package.dsv
[10.964s] -- Up-to-date: /home/ws/install/kinova_gen3_control_cpp/share/ament_index/resource_index/packages/kinova_gen3_control_cpp
[10.964s] -- Up-to-date: /home/ws/install/kinova_gen3_control_cpp/share/ament_index/resource_index/rclcpp_components/kinova_gen3_control_cpp
[10.964s] -- Up-to-date: /home/ws/install/kinova_gen3_control_cpp/share/kinova_gen3_control_cpp/cmake/kinova_gen3_control_cppConfig.cmake
[10.965s] -- Up-to-date: /home/ws/install/kinova_gen3_control_cpp/share/kinova_gen3_control_cpp/cmake/kinova_gen3_control_cppConfig-version.cmake
[10.965s] -- Installing: /home/ws/install/kinova_gen3_control_cpp/share/kinova_gen3_control_cpp/package.xml
[10.968s] Invoked command in '/home/ws/build/kinova_gen3_control_cpp' returned '0': CMAKE_PREFIX_PATH=/home/ws/install/kinova_gen3_control_interfaces:/home/ws/install/kinova_sim:/home/ws/install/kinova_gen3_control_cpp:/opt/ros/humble LD_LIBRARY_PATH=/home/ws/install/kinova_gen3_control_interfaces/lib:/home/ws/install/kinova_gen3_control_cpp/lib:/opt/ros/humble/opt/rviz_ogre_vendor/lib:/opt/ros/humble/lib/x86_64-linux-gnu:/opt/ros/humble/lib /usr/bin/cmake --install /home/ws/build/kinova_gen3_control_cpp
