[0.016s] Invoking command in '/home/ws/build/kinova_sim': CMAKE_PREFIX_PATH=/opt/ros/humble /usr/bin/cmake /home/ws/src/kinova_sim -DCMAKE_INSTALL_PREFIX=/home/ws/install/kinova_sim
[0.028s] -- Found ament_cmake: 1.3.10 (/opt/ros/humble/share/ament_cmake/cmake)
[0.171s] -- Found kinova_gen3_6dof_robotiq_2f_85_moveit_config: 0.2.2 (/opt/ros/humble/share/kinova_gen3_6dof_robotiq_2f_85_moveit_config/cmake)
[0.179s] -- Found kortex_bringup: 0.2.2 (/opt/ros/humble/share/kortex_bringup/cmake)
[0.184s] -- Found ament_lint_auto: 0.12.11 (/opt/ros/humble/share/ament_lint_auto/cmake)
[0.301s] -- Added test 'flake8' to check Python code syntax and style conventions
[0.302s] -- Added test 'lint_cmake' to check CMake code style
[0.302s] -- Added test 'pep257' to check Python code against some of the docstring style conventions in PEP 257
[0.304s] -- Added test 'xmllint' to check XML markup files
[0.307s] -- Configuring done
[0.311s] -- Generating done
[0.311s] -- Build files have been written to: /home/ws/build/kinova_sim
[0.315s] Invoked command in '/home/ws/build/kinova_sim' returned '0': CMAKE_PREFIX_PATH=/opt/ros/humble /usr/bin/cmake /home/ws/src/kinova_sim -DCMAKE_INSTALL_PREFIX=/home/ws/install/kinova_sim
[0.317s] Invoking command in '/home/ws/build/kinova_sim': CMAKE_PREFIX_PATH=/opt/ros/humble /usr/bin/cmake --build /home/ws/build/kinova_sim -- -j12 -l12
[0.367s] Invoked command in '/home/ws/build/kinova_sim' returned '0': CMAKE_PREFIX_PATH=/opt/ros/humble /usr/bin/cmake --build /home/ws/build/kinova_sim -- -j12 -l12
[0.420s] Invoking command in '/home/ws/build/kinova_sim': CMAKE_PREFIX_PATH=/opt/ros/humble /usr/bin/cmake --install /home/ws/build/kinova_sim
[0.428s] -- Install configuration: ""
[0.428s] -- Installing: /home/ws/install/kinova_sim/share/kinova_sim/launch
[0.428s] -- Installing: /home/ws/install/kinova_sim/share/kinova_sim/launch/kinova_moveit.py
[0.429s] -- Installing: /home/ws/install/kinova_sim/share/ament_index/resource_index/package_run_dependencies/kinova_sim
[0.429s] -- Installing: /home/ws/install/kinova_sim/share/ament_index/resource_index/parent_prefix_path/kinova_sim
[0.429s] -- Installing: /home/ws/install/kinova_sim/share/kinova_sim/environment/ament_prefix_path.sh
[0.429s] -- Installing: /home/ws/install/kinova_sim/share/kinova_sim/environment/ament_prefix_path.dsv
[0.429s] -- Installing: /home/ws/install/kinova_sim/share/kinova_sim/environment/path.sh
[0.429s] -- Installing: /home/ws/install/kinova_sim/share/kinova_sim/environment/path.dsv
[0.429s] -- Installing: /home/ws/install/kinova_sim/share/kinova_sim/local_setup.bash
[0.430s] -- Installing: /home/ws/install/kinova_sim/share/kinova_sim/local_setup.sh
[0.430s] -- Installing: /home/ws/install/kinova_sim/share/kinova_sim/local_setup.zsh
[0.430s] -- Installing: /home/ws/install/kinova_sim/share/kinova_sim/local_setup.dsv
[0.430s] -- Installing: /home/ws/install/kinova_sim/share/kinova_sim/package.dsv
[0.430s] -- Installing: /home/ws/install/kinova_sim/share/ament_index/resource_index/packages/kinova_sim
[0.431s] -- Installing: /home/ws/install/kinova_sim/share/kinova_sim/cmake/kinova_simConfig.cmake
[0.431s] -- Installing: /home/ws/install/kinova_sim/share/kinova_sim/cmake/kinova_simConfig-version.cmake
[0.431s] -- Installing: /home/ws/install/kinova_sim/share/kinova_sim/package.xml
[0.434s] Invoked command in '/home/ws/build/kinova_sim' returned '0': CMAKE_PREFIX_PATH=/opt/ros/humble /usr/bin/cmake --install /home/ws/build/kinova_sim
