[0.013s] Invoking command in '/home/ws/build/kinova_gen3_control_interfaces': CMAKE_PREFIX_PATH=${CMAKE_PREFIX_PATH}:/opt/ros/humble /usr/bin/cmake --build /home/ws/build/kinova_gen3_control_interfaces -- -j12 -l12
[0.081s] [  6%] Built target kinova_gen3_control_interfaces__cpp
[0.081s] [ 12%] Built target kinova_gen3_control_interfaces__rosidl_generator_c
[0.093s] [ 12%] Built target ament_cmake_python_copy_kinova_gen3_control_interfaces
[0.109s] [ 22%] Built target kinova_gen3_control_interfaces__rosidl_typesupport_introspection_c
[0.109s] [ 32%] Built target kinova_gen3_control_interfaces__rosidl_typesupport_c
[0.111s] [ 51%] Built target kinova_gen3_control_interfaces__rosidl_typesupport_fastrtps_cpp
[0.111s] [ 51%] Built target kinova_gen3_control_interfaces__rosidl_typesupport_cpp
[0.115s] [ 61%] Built target kinova_gen3_control_interfaces__rosidl_typesupport_introspection_cpp
[0.123s] [ 70%] Built target kinova_gen3_control_interfaces__rosidl_typesupport_fastrtps_c
[0.147s] [ 70%] Built target kinova_gen3_control_interfaces
[0.172s] [ 74%] Built target kinova_gen3_control_interfaces__py
[0.198s] [ 80%] Built target kinova_gen3_control_interfaces__rosidl_generator_py
[0.226s] [ 87%] Built target kinova_gen3_control_interfaces__rosidl_typesupport_introspection_c__pyext
[0.226s] [ 96%] Built target kinova_gen3_control_interfaces__rosidl_typesupport_c__pyext
[0.226s] [100%] Built target kinova_gen3_control_interfaces__rosidl_typesupport_fastrtps_c__pyext
[0.295s] running egg_info
[0.296s] writing kinova_gen3_control_interfaces.egg-info/PKG-INFO
[0.296s] writing dependency_links to kinova_gen3_control_interfaces.egg-info/dependency_links.txt
[0.296s] writing top-level names to kinova_gen3_control_interfaces.egg-info/top_level.txt
[0.298s] reading manifest file 'kinova_gen3_control_interfaces.egg-info/SOURCES.txt'
[0.298s] writing manifest file 'kinova_gen3_control_interfaces.egg-info/SOURCES.txt'
[0.329s] [100%] Built target ament_cmake_python_build_kinova_gen3_control_interfaces_egg
[0.345s] Invoked command in '/home/ws/build/kinova_gen3_control_interfaces' returned '0': CMAKE_PREFIX_PATH=${CMAKE_PREFIX_PATH}:/opt/ros/humble /usr/bin/cmake --build /home/ws/build/kinova_gen3_control_interfaces -- -j12 -l12
[0.442s] Invoking command in '/home/ws/build/kinova_gen3_control_interfaces': CMAKE_PREFIX_PATH=${CMAKE_PREFIX_PATH}:/opt/ros/humble /usr/bin/cmake --install /home/ws/build/kinova_gen3_control_interfaces
[0.452s] -- Install configuration: ""
[0.452s] -- Up-to-date: /home/ws/install/kinova_gen3_control_interfaces/share/ament_index/resource_index/rosidl_interfaces/kinova_gen3_control_interfaces
[0.452s] -- Up-to-date: /home/ws/install/kinova_gen3_control_interfaces/include/kinova_gen3_control_interfaces/kinova_gen3_control_interfaces
[0.452s] -- Up-to-date: /home/ws/install/kinova_gen3_control_interfaces/include/kinova_gen3_control_interfaces/kinova_gen3_control_interfaces/msg
[0.452s] -- Up-to-date: /home/ws/install/kinova_gen3_control_interfaces/include/kinova_gen3_control_interfaces/kinova_gen3_control_interfaces/msg/rosidl_generator_c__visibility_control.h
[0.452s] -- Up-to-date: /home/ws/install/kinova_gen3_control_interfaces/include/kinova_gen3_control_interfaces/kinova_gen3_control_interfaces/action
[0.452s] -- Up-to-date: /home/ws/install/kinova_gen3_control_interfaces/include/kinova_gen3_control_interfaces/kinova_gen3_control_interfaces/action/move_arm_effector.h
[0.452s] -- Up-to-date: /home/ws/install/kinova_gen3_control_interfaces/include/kinova_gen3_control_interfaces/kinova_gen3_control_interfaces/action/detail
[0.452s] -- Up-to-date: /home/ws/install/kinova_gen3_control_interfaces/include/kinova_gen3_control_interfaces/kinova_gen3_control_interfaces/action/detail/move_arm_effector__functions.c
[0.453s] -- Up-to-date: /home/ws/install/kinova_gen3_control_interfaces/include/kinova_gen3_control_interfaces/kinova_gen3_control_interfaces/action/detail/move_arm_effector__functions.h
[0.453s] -- Up-to-date: /home/ws/install/kinova_gen3_control_interfaces/include/kinova_gen3_control_interfaces/kinova_gen3_control_interfaces/action/detail/move_arm_effector__struct.h
[0.453s] -- Up-to-date: /home/ws/install/kinova_gen3_control_interfaces/include/kinova_gen3_control_interfaces/kinova_gen3_control_interfaces/action/detail/move_arm_effector__type_support.h
[0.453s] -- Up-to-date: /home/ws/install/kinova_gen3_control_interfaces/share/kinova_gen3_control_interfaces/environment/library_path.sh
[0.453s] -- Up-to-date: /home/ws/install/kinova_gen3_control_interfaces/share/kinova_gen3_control_interfaces/environment/library_path.dsv
[0.453s] -- Up-to-date: /home/ws/install/kinova_gen3_control_interfaces/lib/libkinova_gen3_control_interfaces__rosidl_generator_c.so
[0.453s] -- Up-to-date: /home/ws/install/kinova_gen3_control_interfaces/include/kinova_gen3_control_interfaces/kinova_gen3_control_interfaces
[0.453s] -- Up-to-date: /home/ws/install/kinova_gen3_control_interfaces/include/kinova_gen3_control_interfaces/kinova_gen3_control_interfaces/msg
[0.453s] -- Up-to-date: /home/ws/install/kinova_gen3_control_interfaces/include/kinova_gen3_control_interfaces/kinova_gen3_control_interfaces/msg/rosidl_typesupport_fastrtps_c__visibility_control.h
[0.453s] -- Up-to-date: /home/ws/install/kinova_gen3_control_interfaces/include/kinova_gen3_control_interfaces/kinova_gen3_control_interfaces/action
[0.453s] -- Up-to-date: /home/ws/install/kinova_gen3_control_interfaces/include/kinova_gen3_control_interfaces/kinova_gen3_control_interfaces/action/detail
[0.453s] -- Up-to-date: /home/ws/install/kinova_gen3_control_interfaces/include/kinova_gen3_control_interfaces/kinova_gen3_control_interfaces/action/detail/move_arm_effector__rosidl_typesupport_fastrtps_c.h
[0.453s] -- Up-to-date: /home/ws/install/kinova_gen3_control_interfaces/lib/libkinova_gen3_control_interfaces__rosidl_typesupport_fastrtps_c.so
[0.454s] -- Up-to-date: /home/ws/install/kinova_gen3_control_interfaces/include/kinova_gen3_control_interfaces/kinova_gen3_control_interfaces
[0.454s] -- Up-to-date: /home/ws/install/kinova_gen3_control_interfaces/include/kinova_gen3_control_interfaces/kinova_gen3_control_interfaces/action
[0.454s] -- Up-to-date: /home/ws/install/kinova_gen3_control_interfaces/include/kinova_gen3_control_interfaces/kinova_gen3_control_interfaces/action/detail
[0.454s] -- Up-to-date: /home/ws/install/kinova_gen3_control_interfaces/include/kinova_gen3_control_interfaces/kinova_gen3_control_interfaces/action/detail/move_arm_effector__builder.hpp
[0.454s] -- Up-to-date: /home/ws/install/kinova_gen3_control_interfaces/include/kinova_gen3_control_interfaces/kinova_gen3_control_interfaces/action/detail/move_arm_effector__traits.hpp
[0.454s] -- Up-to-date: /home/ws/install/kinova_gen3_control_interfaces/include/kinova_gen3_control_interfaces/kinova_gen3_control_interfaces/action/detail/move_arm_effector__struct.hpp
[0.454s] -- Up-to-date: /home/ws/install/kinova_gen3_control_interfaces/include/kinova_gen3_control_interfaces/kinova_gen3_control_interfaces/action/move_arm_effector.hpp
[0.454s] -- Up-to-date: /home/ws/install/kinova_gen3_control_interfaces/include/kinova_gen3_control_interfaces/kinova_gen3_control_interfaces
[0.454s] -- Up-to-date: /home/ws/install/kinova_gen3_control_interfaces/include/kinova_gen3_control_interfaces/kinova_gen3_control_interfaces/msg
[0.454s] -- Up-to-date: /home/ws/install/kinova_gen3_control_interfaces/include/kinova_gen3_control_interfaces/kinova_gen3_control_interfaces/msg/rosidl_typesupport_fastrtps_cpp__visibility_control.h
[0.454s] -- Up-to-date: /home/ws/install/kinova_gen3_control_interfaces/include/kinova_gen3_control_interfaces/kinova_gen3_control_interfaces/action
[0.455s] -- Up-to-date: /home/ws/install/kinova_gen3_control_interfaces/include/kinova_gen3_control_interfaces/kinova_gen3_control_interfaces/action/detail
[0.455s] -- Up-to-date: /home/ws/install/kinova_gen3_control_interfaces/include/kinova_gen3_control_interfaces/kinova_gen3_control_interfaces/action/detail/move_arm_effector__rosidl_typesupport_fastrtps_cpp.hpp
[0.455s] -- Up-to-date: /home/ws/install/kinova_gen3_control_interfaces/include/kinova_gen3_control_interfaces/kinova_gen3_control_interfaces/action/detail/dds_fastrtps
[0.455s] -- Up-to-date: /home/ws/install/kinova_gen3_control_interfaces/lib/libkinova_gen3_control_interfaces__rosidl_typesupport_fastrtps_cpp.so
[0.455s] -- Up-to-date: /home/ws/install/kinova_gen3_control_interfaces/include/kinova_gen3_control_interfaces/kinova_gen3_control_interfaces
[0.455s] -- Up-to-date: /home/ws/install/kinova_gen3_control_interfaces/include/kinova_gen3_control_interfaces/kinova_gen3_control_interfaces/msg
[0.455s] -- Up-to-date: /home/ws/install/kinova_gen3_control_interfaces/include/kinova_gen3_control_interfaces/kinova_gen3_control_interfaces/msg/rosidl_typesupport_introspection_c__visibility_control.h
[0.455s] -- Up-to-date: /home/ws/install/kinova_gen3_control_interfaces/include/kinova_gen3_control_interfaces/kinova_gen3_control_interfaces/action
[0.455s] -- Up-to-date: /home/ws/install/kinova_gen3_control_interfaces/include/kinova_gen3_control_interfaces/kinova_gen3_control_interfaces/action/detail
[0.455s] -- Up-to-date: /home/ws/install/kinova_gen3_control_interfaces/include/kinova_gen3_control_interfaces/kinova_gen3_control_interfaces/action/detail/move_arm_effector__rosidl_typesupport_introspection_c.h
[0.456s] -- Up-to-date: /home/ws/install/kinova_gen3_control_interfaces/include/kinova_gen3_control_interfaces/kinova_gen3_control_interfaces/action/detail/move_arm_effector__type_support.c
[0.456s] -- Up-to-date: /home/ws/install/kinova_gen3_control_interfaces/lib/libkinova_gen3_control_interfaces__rosidl_typesupport_introspection_c.so
[0.456s] -- Up-to-date: /home/ws/install/kinova_gen3_control_interfaces/lib/libkinova_gen3_control_interfaces__rosidl_typesupport_c.so
[0.456s] -- Up-to-date: /home/ws/install/kinova_gen3_control_interfaces/include/kinova_gen3_control_interfaces/kinova_gen3_control_interfaces
[0.456s] -- Up-to-date: /home/ws/install/kinova_gen3_control_interfaces/include/kinova_gen3_control_interfaces/kinova_gen3_control_interfaces/action
[0.456s] -- Up-to-date: /home/ws/install/kinova_gen3_control_interfaces/include/kinova_gen3_control_interfaces/kinova_gen3_control_interfaces/action/detail
[0.456s] -- Up-to-date: /home/ws/install/kinova_gen3_control_interfaces/include/kinova_gen3_control_interfaces/kinova_gen3_control_interfaces/action/detail/move_arm_effector__rosidl_typesupport_introspection_cpp.hpp
[0.456s] -- Up-to-date: /home/ws/install/kinova_gen3_control_interfaces/include/kinova_gen3_control_interfaces/kinova_gen3_control_interfaces/action/detail/move_arm_effector__type_support.cpp
[0.456s] -- Up-to-date: /home/ws/install/kinova_gen3_control_interfaces/lib/libkinova_gen3_control_interfaces__rosidl_typesupport_introspection_cpp.so
[0.456s] -- Up-to-date: /home/ws/install/kinova_gen3_control_interfaces/lib/libkinova_gen3_control_interfaces__rosidl_typesupport_cpp.so
[0.456s] -- Up-to-date: /home/ws/install/kinova_gen3_control_interfaces/share/kinova_gen3_control_interfaces/environment/pythonpath.sh
[0.456s] -- Up-to-date: /home/ws/install/kinova_gen3_control_interfaces/share/kinova_gen3_control_interfaces/environment/pythonpath.dsv
[0.456s] -- Up-to-date: /home/ws/install/kinova_gen3_control_interfaces/local/lib/python3.10/dist-packages/kinova_gen3_control_interfaces-0.0.0-py3.10.egg-info
[0.456s] -- Installing: /home/ws/install/kinova_gen3_control_interfaces/local/lib/python3.10/dist-packages/kinova_gen3_control_interfaces-0.0.0-py3.10.egg-info/PKG-INFO
[0.457s] -- Installing: /home/ws/install/kinova_gen3_control_interfaces/local/lib/python3.10/dist-packages/kinova_gen3_control_interfaces-0.0.0-py3.10.egg-info/SOURCES.txt
[0.457s] -- Installing: /home/ws/install/kinova_gen3_control_interfaces/local/lib/python3.10/dist-packages/kinova_gen3_control_interfaces-0.0.0-py3.10.egg-info/top_level.txt
[0.457s] -- Installing: /home/ws/install/kinova_gen3_control_interfaces/local/lib/python3.10/dist-packages/kinova_gen3_control_interfaces-0.0.0-py3.10.egg-info/dependency_links.txt
[0.457s] -- Up-to-date: /home/ws/install/kinova_gen3_control_interfaces/local/lib/python3.10/dist-packages/kinova_gen3_control_interfaces
[0.457s] -- Up-to-date: /home/ws/install/kinova_gen3_control_interfaces/local/lib/python3.10/dist-packages/kinova_gen3_control_interfaces/_kinova_gen3_control_interfaces_s.ep.rosidl_typesupport_introspection_c.c
[0.457s] -- Up-to-date: /home/ws/install/kinova_gen3_control_interfaces/local/lib/python3.10/dist-packages/kinova_gen3_control_interfaces/libkinova_gen3_control_interfaces__rosidl_generator_py.so
[0.458s] -- Up-to-date: /home/ws/install/kinova_gen3_control_interfaces/local/lib/python3.10/dist-packages/kinova_gen3_control_interfaces/_kinova_gen3_control_interfaces_s.ep.rosidl_typesupport_fastrtps_c.c
[0.458s] -- Up-to-date: /home/ws/install/kinova_gen3_control_interfaces/local/lib/python3.10/dist-packages/kinova_gen3_control_interfaces/kinova_gen3_control_interfaces_s__rosidl_typesupport_c.cpython-310-x86_64-linux-gnu.so
[0.458s] -- Up-to-date: /home/ws/install/kinova_gen3_control_interfaces/local/lib/python3.10/dist-packages/kinova_gen3_control_interfaces/__init__.py
[0.458s] -- Up-to-date: /home/ws/install/kinova_gen3_control_interfaces/local/lib/python3.10/dist-packages/kinova_gen3_control_interfaces/kinova_gen3_control_interfaces_s__rosidl_typesupport_introspection_c.cpython-310-x86_64-linux-gnu.so
[0.458s] -- Up-to-date: /home/ws/install/kinova_gen3_control_interfaces/local/lib/python3.10/dist-packages/kinova_gen3_control_interfaces/kinova_gen3_control_interfaces_s__rosidl_typesupport_fastrtps_c.cpython-310-x86_64-linux-gnu.so
[0.458s] -- Up-to-date: /home/ws/install/kinova_gen3_control_interfaces/local/lib/python3.10/dist-packages/kinova_gen3_control_interfaces/action
[0.458s] -- Up-to-date: /home/ws/install/kinova_gen3_control_interfaces/local/lib/python3.10/dist-packages/kinova_gen3_control_interfaces/action/__init__.py
[0.458s] -- Up-to-date: /home/ws/install/kinova_gen3_control_interfaces/local/lib/python3.10/dist-packages/kinova_gen3_control_interfaces/action/_move_arm_effector_s.c
[0.458s] -- Up-to-date: /home/ws/install/kinova_gen3_control_interfaces/local/lib/python3.10/dist-packages/kinova_gen3_control_interfaces/action/_move_arm_effector.py
[0.458s] -- Up-to-date: /home/ws/install/kinova_gen3_control_interfaces/local/lib/python3.10/dist-packages/kinova_gen3_control_interfaces/_kinova_gen3_control_interfaces_s.ep.rosidl_typesupport_c.c
[0.489s] Listing '/home/ws/install/kinova_gen3_control_interfaces/local/lib/python3.10/dist-packages/kinova_gen3_control_interfaces'...
[0.489s] Listing '/home/ws/install/kinova_gen3_control_interfaces/local/lib/python3.10/dist-packages/kinova_gen3_control_interfaces/action'...
[0.493s] -- Up-to-date: /home/ws/install/kinova_gen3_control_interfaces/local/lib/python3.10/dist-packages/kinova_gen3_control_interfaces/kinova_gen3_control_interfaces_s__rosidl_typesupport_fastrtps_c.cpython-310-x86_64-linux-gnu.so
[0.494s] -- Up-to-date: /home/ws/install/kinova_gen3_control_interfaces/local/lib/python3.10/dist-packages/kinova_gen3_control_interfaces/kinova_gen3_control_interfaces_s__rosidl_typesupport_introspection_c.cpython-310-x86_64-linux-gnu.so
[0.494s] -- Up-to-date: /home/ws/install/kinova_gen3_control_interfaces/local/lib/python3.10/dist-packages/kinova_gen3_control_interfaces/kinova_gen3_control_interfaces_s__rosidl_typesupport_c.cpython-310-x86_64-linux-gnu.so
[0.494s] -- Up-to-date: /home/ws/install/kinova_gen3_control_interfaces/lib/libkinova_gen3_control_interfaces__rosidl_generator_py.so
[0.495s] -- Up-to-date: /home/ws/install/kinova_gen3_control_interfaces/share/kinova_gen3_control_interfaces/action/MoveArmEffector.idl
[0.495s] -- Up-to-date: /home/ws/install/kinova_gen3_control_interfaces/share/kinova_gen3_control_interfaces/action/MoveArmEffector.action
[0.495s] -- Up-to-date: /home/ws/install/kinova_gen3_control_interfaces/share/ament_index/resource_index/package_run_dependencies/kinova_gen3_control_interfaces
[0.495s] -- Up-to-date: /home/ws/install/kinova_gen3_control_interfaces/share/ament_index/resource_index/parent_prefix_path/kinova_gen3_control_interfaces
[0.495s] -- Up-to-date: /home/ws/install/kinova_gen3_control_interfaces/share/kinova_gen3_control_interfaces/environment/ament_prefix_path.sh
[0.495s] -- Up-to-date: /home/ws/install/kinova_gen3_control_interfaces/share/kinova_gen3_control_interfaces/environment/ament_prefix_path.dsv
[0.495s] -- Up-to-date: /home/ws/install/kinova_gen3_control_interfaces/share/kinova_gen3_control_interfaces/environment/path.sh
[0.495s] -- Up-to-date: /home/ws/install/kinova_gen3_control_interfaces/share/kinova_gen3_control_interfaces/environment/path.dsv
[0.495s] -- Up-to-date: /home/ws/install/kinova_gen3_control_interfaces/share/kinova_gen3_control_interfaces/local_setup.bash
[0.496s] -- Up-to-date: /home/ws/install/kinova_gen3_control_interfaces/share/kinova_gen3_control_interfaces/local_setup.sh
[0.496s] -- Up-to-date: /home/ws/install/kinova_gen3_control_interfaces/share/kinova_gen3_control_interfaces/local_setup.zsh
[0.496s] -- Up-to-date: /home/ws/install/kinova_gen3_control_interfaces/share/kinova_gen3_control_interfaces/local_setup.dsv
[0.496s] -- Installing: /home/ws/install/kinova_gen3_control_interfaces/share/kinova_gen3_control_interfaces/package.dsv
[0.496s] -- Up-to-date: /home/ws/install/kinova_gen3_control_interfaces/share/ament_index/resource_index/packages/kinova_gen3_control_interfaces
[0.496s] -- Up-to-date: /home/ws/install/kinova_gen3_control_interfaces/share/kinova_gen3_control_interfaces/cmake/export_kinova_gen3_control_interfaces__rosidl_generator_cExport.cmake
[0.496s] -- Up-to-date: /home/ws/install/kinova_gen3_control_interfaces/share/kinova_gen3_control_interfaces/cmake/export_kinova_gen3_control_interfaces__rosidl_generator_cExport-noconfig.cmake
[0.496s] -- Up-to-date: /home/ws/install/kinova_gen3_control_interfaces/share/kinova_gen3_control_interfaces/cmake/export_kinova_gen3_control_interfaces__rosidl_typesupport_fastrtps_cExport.cmake
[0.496s] -- Up-to-date: /home/ws/install/kinova_gen3_control_interfaces/share/kinova_gen3_control_interfaces/cmake/export_kinova_gen3_control_interfaces__rosidl_typesupport_fastrtps_cExport-noconfig.cmake
[0.497s] -- Up-to-date: /home/ws/install/kinova_gen3_control_interfaces/share/kinova_gen3_control_interfaces/cmake/export_kinova_gen3_control_interfaces__rosidl_generator_cppExport.cmake
[0.497s] -- Up-to-date: /home/ws/install/kinova_gen3_control_interfaces/share/kinova_gen3_control_interfaces/cmake/export_kinova_gen3_control_interfaces__rosidl_typesupport_fastrtps_cppExport.cmake
[0.497s] -- Up-to-date: /home/ws/install/kinova_gen3_control_interfaces/share/kinova_gen3_control_interfaces/cmake/export_kinova_gen3_control_interfaces__rosidl_typesupport_fastrtps_cppExport-noconfig.cmake
[0.497s] -- Up-to-date: /home/ws/install/kinova_gen3_control_interfaces/share/kinova_gen3_control_interfaces/cmake/kinova_gen3_control_interfaces__rosidl_typesupport_introspection_cExport.cmake
[0.497s] -- Up-to-date: /home/ws/install/kinova_gen3_control_interfaces/share/kinova_gen3_control_interfaces/cmake/kinova_gen3_control_interfaces__rosidl_typesupport_introspection_cExport-noconfig.cmake
[0.497s] -- Up-to-date: /home/ws/install/kinova_gen3_control_interfaces/share/kinova_gen3_control_interfaces/cmake/kinova_gen3_control_interfaces__rosidl_typesupport_cExport.cmake
[0.497s] -- Up-to-date: /home/ws/install/kinova_gen3_control_interfaces/share/kinova_gen3_control_interfaces/cmake/kinova_gen3_control_interfaces__rosidl_typesupport_cExport-noconfig.cmake
[0.497s] -- Up-to-date: /home/ws/install/kinova_gen3_control_interfaces/share/kinova_gen3_control_interfaces/cmake/kinova_gen3_control_interfaces__rosidl_typesupport_introspection_cppExport.cmake
[0.497s] -- Up-to-date: /home/ws/install/kinova_gen3_control_interfaces/share/kinova_gen3_control_interfaces/cmake/kinova_gen3_control_interfaces__rosidl_typesupport_introspection_cppExport-noconfig.cmake
[0.497s] -- Up-to-date: /home/ws/install/kinova_gen3_control_interfaces/share/kinova_gen3_control_interfaces/cmake/kinova_gen3_control_interfaces__rosidl_typesupport_cppExport.cmake
[0.497s] -- Up-to-date: /home/ws/install/kinova_gen3_control_interfaces/share/kinova_gen3_control_interfaces/cmake/kinova_gen3_control_interfaces__rosidl_typesupport_cppExport-noconfig.cmake
[0.498s] -- Up-to-date: /home/ws/install/kinova_gen3_control_interfaces/share/kinova_gen3_control_interfaces/cmake/export_kinova_gen3_control_interfaces__rosidl_generator_pyExport.cmake
[0.498s] -- Up-to-date: /home/ws/install/kinova_gen3_control_interfaces/share/kinova_gen3_control_interfaces/cmake/export_kinova_gen3_control_interfaces__rosidl_generator_pyExport-noconfig.cmake
[0.498s] -- Up-to-date: /home/ws/install/kinova_gen3_control_interfaces/share/kinova_gen3_control_interfaces/cmake/rosidl_cmake-extras.cmake
[0.498s] -- Up-to-date: /home/ws/install/kinova_gen3_control_interfaces/share/kinova_gen3_control_interfaces/cmake/ament_cmake_export_dependencies-extras.cmake
[0.498s] -- Up-to-date: /home/ws/install/kinova_gen3_control_interfaces/share/kinova_gen3_control_interfaces/cmake/ament_cmake_export_include_directories-extras.cmake
[0.498s] -- Up-to-date: /home/ws/install/kinova_gen3_control_interfaces/share/kinova_gen3_control_interfaces/cmake/ament_cmake_export_libraries-extras.cmake
[0.498s] -- Up-to-date: /home/ws/install/kinova_gen3_control_interfaces/share/kinova_gen3_control_interfaces/cmake/ament_cmake_export_targets-extras.cmake
[0.498s] -- Up-to-date: /home/ws/install/kinova_gen3_control_interfaces/share/kinova_gen3_control_interfaces/cmake/rosidl_cmake_export_typesupport_targets-extras.cmake
[0.498s] -- Up-to-date: /home/ws/install/kinova_gen3_control_interfaces/share/kinova_gen3_control_interfaces/cmake/rosidl_cmake_export_typesupport_libraries-extras.cmake
[0.498s] -- Up-to-date: /home/ws/install/kinova_gen3_control_interfaces/share/kinova_gen3_control_interfaces/cmake/kinova_gen3_control_interfacesConfig.cmake
[0.498s] -- Up-to-date: /home/ws/install/kinova_gen3_control_interfaces/share/kinova_gen3_control_interfaces/cmake/kinova_gen3_control_interfacesConfig-version.cmake
[0.498s] -- Up-to-date: /home/ws/install/kinova_gen3_control_interfaces/share/kinova_gen3_control_interfaces/package.xml
[0.500s] Invoked command in '/home/ws/build/kinova_gen3_control_interfaces' returned '0': CMAKE_PREFIX_PATH=${CMAKE_PREFIX_PATH}:/opt/ros/humble /usr/bin/cmake --install /home/ws/build/kinova_gen3_control_interfaces
