[0.024s] Invoking command in '/home/ws/build/kinova_gen3_control_interfaces': CMAKE_PREFIX_PATH=${CMAKE_PREFIX_PATH}:/opt/ros/humble /usr/bin/cmake /home/ws/src/kinova_gen3_control_interfaces -DCMAKE_INSTALL_PREFIX=/home/ws/install/kinova_gen3_control_interfaces
[0.127s] -- The C compiler identification is GNU 11.4.0
[0.221s] -- The CXX compiler identification is GNU 11.4.0
[0.233s] -- Detecting C compiler ABI info
[0.366s] -- Detecting C compiler ABI info - done
[0.378s] -- Check for working C compiler: /usr/bin/cc - skipped
[0.379s] -- Detecting C compile features
[0.381s] -- Detecting C compile features - done
[0.391s] -- Detecting CXX compiler ABI info
[0.535s] -- Detecting CXX compiler ABI info - done
[0.558s] -- Check for working CXX compiler: /usr/bin/c++ - skipped
[0.559s] -- Detecting CXX compile features
[0.560s] -- Detecting CXX compile features - done
[0.572s] -- Found ament_cmake: 1.3.10 (/opt/ros/humble/share/ament_cmake/cmake)
[0.842s] -- Found Python3: /usr/bin/python3 (found version "3.10.12") found components: Interpreter 
[1.048s] -- Found action_msgs: 1.2.1 (/opt/ros/humble/share/action_msgs/cmake)
[1.148s] -- Found rosidl_generator_c: 3.1.5 (/opt/ros/humble/share/rosidl_generator_c/cmake)
[1.164s] -- Found rosidl_adapter: 3.1.5 (/opt/ros/humble/share/rosidl_adapter/cmake)
[1.186s] -- Found rosidl_generator_cpp: 3.1.5 (/opt/ros/humble/share/rosidl_generator_cpp/cmake)
[1.218s] -- Using all available rosidl_typesupport_c: rosidl_typesupport_fastrtps_c;rosidl_typesupport_introspection_c
[1.260s] -- Using all available rosidl_typesupport_cpp: rosidl_typesupport_fastrtps_cpp;rosidl_typesupport_introspection_cpp
[1.348s] -- Found std_msgs: 4.2.4 (/opt/ros/humble/share/std_msgs/cmake)
[1.376s] -- Found geometry_msgs: 4.2.4 (/opt/ros/humble/share/geometry_msgs/cmake)
[1.405s] -- Found rosidl_default_generators: 1.2.0 (/opt/ros/humble/share/rosidl_default_generators/cmake)
[1.949s] -- Found ament_cmake_ros: 0.10.0 (/opt/ros/humble/share/ament_cmake_ros/cmake)
[2.682s] -- Using all available rosidl_typesupport_c: rosidl_typesupport_fastrtps_c;rosidl_typesupport_introspection_c
[2.986s] -- Using all available rosidl_typesupport_cpp: rosidl_typesupport_fastrtps_cpp;rosidl_typesupport_introspection_cpp
[3.028s] -- Found PythonInterp: /usr/bin/python3 (found suitable version "3.10.12", minimum required is "3.6") 
[3.038s] -- Found python_cmake_module: 0.10.0 (/opt/ros/humble/share/python_cmake_module/cmake)
[3.088s] -- Found PythonLibs: /usr/lib/x86_64-linux-gnu/libpython3.10.so (found suitable version "3.10.12", minimum required is "3.5") 
[3.088s] -- Using PYTHON_EXECUTABLE: /usr/bin/python3
[3.088s] -- Using PYTHON_INCLUDE_DIRS: /usr/include/python3.10
[3.088s] -- Using PYTHON_LIBRARIES: /usr/lib/x86_64-linux-gnu/libpython3.10.so
[3.123s] -- Found PythonExtra: .so  
[3.235s] -- Found ament_lint_auto: 0.12.11 (/opt/ros/humble/share/ament_lint_auto/cmake)
[3.298s] -- Added test 'lint_cmake' to check CMake code style
[3.306s] -- Added test 'xmllint' to check XML markup files
[3.311s] -- Configuring done
[3.393s] -- Generating done
[3.398s] -- Build files have been written to: /home/ws/build/kinova_gen3_control_interfaces
[3.412s] Invoked command in '/home/ws/build/kinova_gen3_control_interfaces' returned '0': CMAKE_PREFIX_PATH=${CMAKE_PREFIX_PATH}:/opt/ros/humble /usr/bin/cmake /home/ws/src/kinova_gen3_control_interfaces -DCMAKE_INSTALL_PREFIX=/home/ws/install/kinova_gen3_control_interfaces
[3.415s] Invoking command in '/home/ws/build/kinova_gen3_control_interfaces': CMAKE_PREFIX_PATH=${CMAKE_PREFIX_PATH}:/opt/ros/humble /usr/bin/cmake --build /home/ws/build/kinova_gen3_control_interfaces -- -j12 -l12
[3.488s] [  3%] [34m[1mGenerating C code for ROS interfaces[0m
[3.510s] [  6%] [34m[1mGenerating C++ code for ROS interfaces[0m
[3.522s] [  6%] Built target ament_cmake_python_copy_kinova_gen3_control_interfaces
[3.883s] running egg_info
[3.883s] creating kinova_gen3_control_interfaces.egg-info
[3.884s] writing kinova_gen3_control_interfaces.egg-info/PKG-INFO
[3.884s] writing dependency_links to kinova_gen3_control_interfaces.egg-info/dependency_links.txt
[3.884s] writing top-level names to kinova_gen3_control_interfaces.egg-info/top_level.txt
[3.885s] writing manifest file 'kinova_gen3_control_interfaces.egg-info/SOURCES.txt'
[3.888s] reading manifest file 'kinova_gen3_control_interfaces.egg-info/SOURCES.txt'
[3.889s] writing manifest file 'kinova_gen3_control_interfaces.egg-info/SOURCES.txt'
[3.934s] [  6%] Built target ament_cmake_python_build_kinova_gen3_control_interfaces_egg
[4.238s] [  9%] [32mBuilding C object CMakeFiles/kinova_gen3_control_interfaces__rosidl_generator_c.dir/rosidl_generator_c/kinova_gen3_control_interfaces/action/detail/move_arm_effector__functions.c.o[0m
[4.245s] [  9%] Built target kinova_gen3_control_interfaces__cpp
[4.262s] [ 16%] [34m[1mGenerating C++ type support dispatch for ROS interfaces[0m
[4.262s] [ 16%] [34m[1mGenerating C++ type support for eProsima Fast-RTPS[0m
[4.263s] [ 19%] [34m[1mGenerating C++ introspection for ROS interfaces[0m
[4.481s] [ 22%] [32m[1mLinking C shared library libkinova_gen3_control_interfaces__rosidl_generator_c.so[0m
[4.553s] [ 22%] Built target kinova_gen3_control_interfaces__rosidl_generator_c
[4.572s] [ 29%] [34m[1mGenerating C introspection for ROS interfaces[0m
[4.572s] [ 29%] [34m[1mGenerating C type support for eProsima Fast-RTPS[0m
[4.573s] [ 32%] [34m[1mGenerating C type support dispatch for ROS interfaces[0m
[4.744s] [ 35%] [32mBuilding CXX object CMakeFiles/kinova_gen3_control_interfaces__rosidl_typesupport_cpp.dir/rosidl_typesupport_cpp/kinova_gen3_control_interfaces/action/move_arm_effector__type_support.cpp.o[0m
[4.825s] [ 38%] [32mBuilding CXX object CMakeFiles/kinova_gen3_control_interfaces__rosidl_typesupport_introspection_cpp.dir/rosidl_typesupport_introspection_cpp/kinova_gen3_control_interfaces/action/detail/move_arm_effector__type_support.cpp.o[0m
[4.893s] [ 41%] [32mBuilding CXX object CMakeFiles/kinova_gen3_control_interfaces__rosidl_typesupport_fastrtps_cpp.dir/rosidl_typesupport_fastrtps_cpp/kinova_gen3_control_interfaces/action/detail/dds_fastrtps/move_arm_effector__type_support.cpp.o[0m
[5.050s] [ 45%] [32mBuilding CXX object CMakeFiles/kinova_gen3_control_interfaces__rosidl_typesupport_c.dir/rosidl_typesupport_c/kinova_gen3_control_interfaces/action/move_arm_effector__type_support.cpp.o[0m
[5.151s] [ 48%] [32m[1mLinking CXX shared library libkinova_gen3_control_interfaces__rosidl_typesupport_c.so[0m
[5.227s] [ 48%] Built target kinova_gen3_control_interfaces__rosidl_typesupport_c
[5.372s] [ 51%] [32mBuilding CXX object CMakeFiles/kinova_gen3_control_interfaces__rosidl_typesupport_fastrtps_c.dir/rosidl_typesupport_fastrtps_c/kinova_gen3_control_interfaces/action/detail/move_arm_effector__type_support_c.cpp.o[0m
[5.445s] [ 54%] [32mBuilding C object CMakeFiles/kinova_gen3_control_interfaces__rosidl_typesupport_introspection_c.dir/rosidl_typesupport_introspection_c/kinova_gen3_control_interfaces/action/detail/move_arm_effector__type_support.c.o[0m
[5.548s] [ 58%] [32m[1mLinking C shared library libkinova_gen3_control_interfaces__rosidl_typesupport_introspection_c.so[0m
[5.552s] [ 61%] [32m[1mLinking CXX shared library libkinova_gen3_control_interfaces__rosidl_typesupport_cpp.so[0m
[5.609s] [ 61%] Built target kinova_gen3_control_interfaces__rosidl_typesupport_introspection_c
[5.631s] [ 61%] Built target kinova_gen3_control_interfaces__rosidl_typesupport_cpp
[5.733s] [ 64%] [32m[1mLinking CXX shared library libkinova_gen3_control_interfaces__rosidl_typesupport_introspection_cpp.so[0m
[5.791s] [ 67%] [32m[1mLinking CXX shared library libkinova_gen3_control_interfaces__rosidl_typesupport_fastrtps_cpp.so[0m
[5.881s] [ 67%] Built target kinova_gen3_control_interfaces__rosidl_typesupport_introspection_cpp
[5.942s] [ 67%] Built target kinova_gen3_control_interfaces__rosidl_typesupport_fastrtps_cpp
[6.009s] [ 70%] [32m[1mLinking CXX shared library libkinova_gen3_control_interfaces__rosidl_typesupport_fastrtps_c.so[0m
[6.150s] [ 70%] Built target kinova_gen3_control_interfaces__rosidl_typesupport_fastrtps_c
[6.189s] [ 70%] Built target kinova_gen3_control_interfaces
[6.229s] [ 74%] [34m[1mGenerating Python code for ROS interfaces[0m
[7.322s] [ 74%] Built target kinova_gen3_control_interfaces__py
[7.352s] [ 77%] [32mBuilding C object CMakeFiles/kinova_gen3_control_interfaces__rosidl_generator_py.dir/rosidl_generator_py/kinova_gen3_control_interfaces/action/_move_arm_effector_s.c.o[0m
[7.571s] [ 80%] [32m[1mLinking C shared library rosidl_generator_py/kinova_gen3_control_interfaces/libkinova_gen3_control_interfaces__rosidl_generator_py.so[0m
[7.633s] [ 80%] Built target kinova_gen3_control_interfaces__rosidl_generator_py
[7.660s] [ 83%] [32mBuilding C object CMakeFiles/kinova_gen3_control_interfaces__rosidl_typesupport_fastrtps_c__pyext.dir/rosidl_generator_py/kinova_gen3_control_interfaces/_kinova_gen3_control_interfaces_s.ep.rosidl_typesupport_fastrtps_c.c.o[0m
[7.663s] [ 87%] [32mBuilding C object CMakeFiles/kinova_gen3_control_interfaces__rosidl_typesupport_introspection_c__pyext.dir/rosidl_generator_py/kinova_gen3_control_interfaces/_kinova_gen3_control_interfaces_s.ep.rosidl_typesupport_introspection_c.c.o[0m
[7.664s] [ 90%] [32mBuilding C object CMakeFiles/kinova_gen3_control_interfaces__rosidl_typesupport_c__pyext.dir/rosidl_generator_py/kinova_gen3_control_interfaces/_kinova_gen3_control_interfaces_s.ep.rosidl_typesupport_c.c.o[0m
[7.824s] [ 93%] [32m[1mLinking C shared library rosidl_generator_py/kinova_gen3_control_interfaces/kinova_gen3_control_interfaces_s__rosidl_typesupport_c.cpython-310-x86_64-linux-gnu.so[0m
[7.826s] [ 96%] [32m[1mLinking C shared library rosidl_generator_py/kinova_gen3_control_interfaces/kinova_gen3_control_interfaces_s__rosidl_typesupport_fastrtps_c.cpython-310-x86_64-linux-gnu.so[0m
[7.835s] [100%] [32m[1mLinking C shared library rosidl_generator_py/kinova_gen3_control_interfaces/kinova_gen3_control_interfaces_s__rosidl_typesupport_introspection_c.cpython-310-x86_64-linux-gnu.so[0m
[7.881s] [100%] Built target kinova_gen3_control_interfaces__rosidl_typesupport_c__pyext
[7.883s] [100%] Built target kinova_gen3_control_interfaces__rosidl_typesupport_fastrtps_c__pyext
[7.897s] [100%] Built target kinova_gen3_control_interfaces__rosidl_typesupport_introspection_c__pyext
[7.913s] Invoked command in '/home/ws/build/kinova_gen3_control_interfaces' returned '0': CMAKE_PREFIX_PATH=${CMAKE_PREFIX_PATH}:/opt/ros/humble /usr/bin/cmake --build /home/ws/build/kinova_gen3_control_interfaces -- -j12 -l12
[7.993s] Invoking command in '/home/ws/build/kinova_gen3_control_interfaces': CMAKE_PREFIX_PATH=${CMAKE_PREFIX_PATH}:/opt/ros/humble /usr/bin/cmake --install /home/ws/build/kinova_gen3_control_interfaces
[8.001s] -- Install configuration: ""
[8.001s] -- Installing: /home/ws/install/kinova_gen3_control_interfaces/share/ament_index/resource_index/rosidl_interfaces/kinova_gen3_control_interfaces
[8.002s] -- Installing: /home/ws/install/kinova_gen3_control_interfaces/include/kinova_gen3_control_interfaces/kinova_gen3_control_interfaces
[8.002s] -- Installing: /home/ws/install/kinova_gen3_control_interfaces/include/kinova_gen3_control_interfaces/kinova_gen3_control_interfaces/msg
[8.002s] -- Installing: /home/ws/install/kinova_gen3_control_interfaces/include/kinova_gen3_control_interfaces/kinova_gen3_control_interfaces/msg/rosidl_generator_c__visibility_control.h
[8.003s] -- Installing: /home/ws/install/kinova_gen3_control_interfaces/include/kinova_gen3_control_interfaces/kinova_gen3_control_interfaces/action
[8.003s] -- Installing: /home/ws/install/kinova_gen3_control_interfaces/include/kinova_gen3_control_interfaces/kinova_gen3_control_interfaces/action/move_arm_effector.h
[8.003s] -- Installing: /home/ws/install/kinova_gen3_control_interfaces/include/kinova_gen3_control_interfaces/kinova_gen3_control_interfaces/action/detail
[8.003s] -- Installing: /home/ws/install/kinova_gen3_control_interfaces/include/kinova_gen3_control_interfaces/kinova_gen3_control_interfaces/action/detail/move_arm_effector__functions.c
[8.003s] -- Installing: /home/ws/install/kinova_gen3_control_interfaces/include/kinova_gen3_control_interfaces/kinova_gen3_control_interfaces/action/detail/move_arm_effector__functions.h
[8.003s] -- Installing: /home/ws/install/kinova_gen3_control_interfaces/include/kinova_gen3_control_interfaces/kinova_gen3_control_interfaces/action/detail/move_arm_effector__struct.h
[8.003s] -- Installing: /home/ws/install/kinova_gen3_control_interfaces/include/kinova_gen3_control_interfaces/kinova_gen3_control_interfaces/action/detail/move_arm_effector__type_support.h
[8.003s] -- Installing: /home/ws/install/kinova_gen3_control_interfaces/share/kinova_gen3_control_interfaces/environment/library_path.sh
[8.004s] -- Installing: /home/ws/install/kinova_gen3_control_interfaces/share/kinova_gen3_control_interfaces/environment/library_path.dsv
[8.004s] -- Installing: /home/ws/install/kinova_gen3_control_interfaces/lib/libkinova_gen3_control_interfaces__rosidl_generator_c.so
[8.004s] -- Set runtime path of "/home/ws/install/kinova_gen3_control_interfaces/lib/libkinova_gen3_control_interfaces__rosidl_generator_c.so" to ""
[8.005s] -- Up-to-date: /home/ws/install/kinova_gen3_control_interfaces/include/kinova_gen3_control_interfaces/kinova_gen3_control_interfaces
[8.005s] -- Up-to-date: /home/ws/install/kinova_gen3_control_interfaces/include/kinova_gen3_control_interfaces/kinova_gen3_control_interfaces/msg
[8.005s] -- Installing: /home/ws/install/kinova_gen3_control_interfaces/include/kinova_gen3_control_interfaces/kinova_gen3_control_interfaces/msg/rosidl_typesupport_fastrtps_c__visibility_control.h
[8.005s] -- Up-to-date: /home/ws/install/kinova_gen3_control_interfaces/include/kinova_gen3_control_interfaces/kinova_gen3_control_interfaces/action
[8.005s] -- Up-to-date: /home/ws/install/kinova_gen3_control_interfaces/include/kinova_gen3_control_interfaces/kinova_gen3_control_interfaces/action/detail
[8.005s] -- Installing: /home/ws/install/kinova_gen3_control_interfaces/include/kinova_gen3_control_interfaces/kinova_gen3_control_interfaces/action/detail/move_arm_effector__rosidl_typesupport_fastrtps_c.h
[8.005s] -- Installing: /home/ws/install/kinova_gen3_control_interfaces/lib/libkinova_gen3_control_interfaces__rosidl_typesupport_fastrtps_c.so
[8.006s] -- Set runtime path of "/home/ws/install/kinova_gen3_control_interfaces/lib/libkinova_gen3_control_interfaces__rosidl_typesupport_fastrtps_c.so" to ""
[8.006s] -- Up-to-date: /home/ws/install/kinova_gen3_control_interfaces/include/kinova_gen3_control_interfaces/kinova_gen3_control_interfaces
[8.006s] -- Up-to-date: /home/ws/install/kinova_gen3_control_interfaces/include/kinova_gen3_control_interfaces/kinova_gen3_control_interfaces/action
[8.006s] -- Up-to-date: /home/ws/install/kinova_gen3_control_interfaces/include/kinova_gen3_control_interfaces/kinova_gen3_control_interfaces/action/detail
[8.006s] -- Installing: /home/ws/install/kinova_gen3_control_interfaces/include/kinova_gen3_control_interfaces/kinova_gen3_control_interfaces/action/detail/move_arm_effector__builder.hpp
[8.006s] -- Installing: /home/ws/install/kinova_gen3_control_interfaces/include/kinova_gen3_control_interfaces/kinova_gen3_control_interfaces/action/detail/move_arm_effector__traits.hpp
[8.006s] -- Installing: /home/ws/install/kinova_gen3_control_interfaces/include/kinova_gen3_control_interfaces/kinova_gen3_control_interfaces/action/detail/move_arm_effector__struct.hpp
[8.006s] -- Installing: /home/ws/install/kinova_gen3_control_interfaces/include/kinova_gen3_control_interfaces/kinova_gen3_control_interfaces/action/move_arm_effector.hpp
[8.006s] -- Up-to-date: /home/ws/install/kinova_gen3_control_interfaces/include/kinova_gen3_control_interfaces/kinova_gen3_control_interfaces
[8.007s] -- Up-to-date: /home/ws/install/kinova_gen3_control_interfaces/include/kinova_gen3_control_interfaces/kinova_gen3_control_interfaces/msg
[8.007s] -- Installing: /home/ws/install/kinova_gen3_control_interfaces/include/kinova_gen3_control_interfaces/kinova_gen3_control_interfaces/msg/rosidl_typesupport_fastrtps_cpp__visibility_control.h
[8.007s] -- Up-to-date: /home/ws/install/kinova_gen3_control_interfaces/include/kinova_gen3_control_interfaces/kinova_gen3_control_interfaces/action
[8.007s] -- Up-to-date: /home/ws/install/kinova_gen3_control_interfaces/include/kinova_gen3_control_interfaces/kinova_gen3_control_interfaces/action/detail
[8.007s] -- Installing: /home/ws/install/kinova_gen3_control_interfaces/include/kinova_gen3_control_interfaces/kinova_gen3_control_interfaces/action/detail/move_arm_effector__rosidl_typesupport_fastrtps_cpp.hpp
[8.007s] -- Installing: /home/ws/install/kinova_gen3_control_interfaces/include/kinova_gen3_control_interfaces/kinova_gen3_control_interfaces/action/detail/dds_fastrtps
[8.007s] -- Installing: /home/ws/install/kinova_gen3_control_interfaces/lib/libkinova_gen3_control_interfaces__rosidl_typesupport_fastrtps_cpp.so
[8.008s] -- Set runtime path of "/home/ws/install/kinova_gen3_control_interfaces/lib/libkinova_gen3_control_interfaces__rosidl_typesupport_fastrtps_cpp.so" to ""
[8.008s] -- Up-to-date: /home/ws/install/kinova_gen3_control_interfaces/include/kinova_gen3_control_interfaces/kinova_gen3_control_interfaces
[8.008s] -- Up-to-date: /home/ws/install/kinova_gen3_control_interfaces/include/kinova_gen3_control_interfaces/kinova_gen3_control_interfaces/msg
[8.008s] -- Installing: /home/ws/install/kinova_gen3_control_interfaces/include/kinova_gen3_control_interfaces/kinova_gen3_control_interfaces/msg/rosidl_typesupport_introspection_c__visibility_control.h
[8.008s] -- Up-to-date: /home/ws/install/kinova_gen3_control_interfaces/include/kinova_gen3_control_interfaces/kinova_gen3_control_interfaces/action
[8.008s] -- Up-to-date: /home/ws/install/kinova_gen3_control_interfaces/include/kinova_gen3_control_interfaces/kinova_gen3_control_interfaces/action/detail
[8.008s] -- Installing: /home/ws/install/kinova_gen3_control_interfaces/include/kinova_gen3_control_interfaces/kinova_gen3_control_interfaces/action/detail/move_arm_effector__rosidl_typesupport_introspection_c.h
[8.008s] -- Installing: /home/ws/install/kinova_gen3_control_interfaces/include/kinova_gen3_control_interfaces/kinova_gen3_control_interfaces/action/detail/move_arm_effector__type_support.c
[8.008s] -- Installing: /home/ws/install/kinova_gen3_control_interfaces/lib/libkinova_gen3_control_interfaces__rosidl_typesupport_introspection_c.so
[8.009s] -- Set runtime path of "/home/ws/install/kinova_gen3_control_interfaces/lib/libkinova_gen3_control_interfaces__rosidl_typesupport_introspection_c.so" to ""
[8.009s] -- Installing: /home/ws/install/kinova_gen3_control_interfaces/lib/libkinova_gen3_control_interfaces__rosidl_typesupport_c.so
[8.009s] -- Set runtime path of "/home/ws/install/kinova_gen3_control_interfaces/lib/libkinova_gen3_control_interfaces__rosidl_typesupport_c.so" to ""
[8.010s] -- Up-to-date: /home/ws/install/kinova_gen3_control_interfaces/include/kinova_gen3_control_interfaces/kinova_gen3_control_interfaces
[8.010s] -- Up-to-date: /home/ws/install/kinova_gen3_control_interfaces/include/kinova_gen3_control_interfaces/kinova_gen3_control_interfaces/action
[8.010s] -- Up-to-date: /home/ws/install/kinova_gen3_control_interfaces/include/kinova_gen3_control_interfaces/kinova_gen3_control_interfaces/action/detail
[8.010s] -- Installing: /home/ws/install/kinova_gen3_control_interfaces/include/kinova_gen3_control_interfaces/kinova_gen3_control_interfaces/action/detail/move_arm_effector__rosidl_typesupport_introspection_cpp.hpp
[8.010s] -- Installing: /home/ws/install/kinova_gen3_control_interfaces/include/kinova_gen3_control_interfaces/kinova_gen3_control_interfaces/action/detail/move_arm_effector__type_support.cpp
[8.011s] -- Installing: /home/ws/install/kinova_gen3_control_interfaces/lib/libkinova_gen3_control_interfaces__rosidl_typesupport_introspection_cpp.so
[8.011s] -- Set runtime path of "/home/ws/install/kinova_gen3_control_interfaces/lib/libkinova_gen3_control_interfaces__rosidl_typesupport_introspection_cpp.so" to ""
[8.011s] -- Installing: /home/ws/install/kinova_gen3_control_interfaces/lib/libkinova_gen3_control_interfaces__rosidl_typesupport_cpp.so
[8.011s] -- Set runtime path of "/home/ws/install/kinova_gen3_control_interfaces/lib/libkinova_gen3_control_interfaces__rosidl_typesupport_cpp.so" to ""
[8.012s] -- Installing: /home/ws/install/kinova_gen3_control_interfaces/share/kinova_gen3_control_interfaces/environment/pythonpath.sh
[8.012s] -- Installing: /home/ws/install/kinova_gen3_control_interfaces/share/kinova_gen3_control_interfaces/environment/pythonpath.dsv
[8.012s] -- Installing: /home/ws/install/kinova_gen3_control_interfaces/local/lib/python3.10/dist-packages/kinova_gen3_control_interfaces-0.0.0-py3.10.egg-info
[8.012s] -- Installing: /home/ws/install/kinova_gen3_control_interfaces/local/lib/python3.10/dist-packages/kinova_gen3_control_interfaces-0.0.0-py3.10.egg-info/PKG-INFO
[8.012s] -- Installing: /home/ws/install/kinova_gen3_control_interfaces/local/lib/python3.10/dist-packages/kinova_gen3_control_interfaces-0.0.0-py3.10.egg-info/SOURCES.txt
[8.012s] -- Installing: /home/ws/install/kinova_gen3_control_interfaces/local/lib/python3.10/dist-packages/kinova_gen3_control_interfaces-0.0.0-py3.10.egg-info/top_level.txt
[8.013s] -- Installing: /home/ws/install/kinova_gen3_control_interfaces/local/lib/python3.10/dist-packages/kinova_gen3_control_interfaces-0.0.0-py3.10.egg-info/dependency_links.txt
[8.013s] -- Installing: /home/ws/install/kinova_gen3_control_interfaces/local/lib/python3.10/dist-packages/kinova_gen3_control_interfaces
[8.013s] -- Installing: /home/ws/install/kinova_gen3_control_interfaces/local/lib/python3.10/dist-packages/kinova_gen3_control_interfaces/_kinova_gen3_control_interfaces_s.ep.rosidl_typesupport_introspection_c.c
[8.013s] -- Installing: /home/ws/install/kinova_gen3_control_interfaces/local/lib/python3.10/dist-packages/kinova_gen3_control_interfaces/libkinova_gen3_control_interfaces__rosidl_generator_py.so
[8.013s] -- Installing: /home/ws/install/kinova_gen3_control_interfaces/local/lib/python3.10/dist-packages/kinova_gen3_control_interfaces/_kinova_gen3_control_interfaces_s.ep.rosidl_typesupport_fastrtps_c.c
[8.013s] -- Installing: /home/ws/install/kinova_gen3_control_interfaces/local/lib/python3.10/dist-packages/kinova_gen3_control_interfaces/kinova_gen3_control_interfaces_s__rosidl_typesupport_c.cpython-310-x86_64-linux-gnu.so
[8.014s] -- Installing: /home/ws/install/kinova_gen3_control_interfaces/local/lib/python3.10/dist-packages/kinova_gen3_control_interfaces/__init__.py
[8.014s] -- Installing: /home/ws/install/kinova_gen3_control_interfaces/local/lib/python3.10/dist-packages/kinova_gen3_control_interfaces/kinova_gen3_control_interfaces_s__rosidl_typesupport_introspection_c.cpython-310-x86_64-linux-gnu.so
[8.014s] -- Installing: /home/ws/install/kinova_gen3_control_interfaces/local/lib/python3.10/dist-packages/kinova_gen3_control_interfaces/kinova_gen3_control_interfaces_s__rosidl_typesupport_fastrtps_c.cpython-310-x86_64-linux-gnu.so
[8.014s] -- Installing: /home/ws/install/kinova_gen3_control_interfaces/local/lib/python3.10/dist-packages/kinova_gen3_control_interfaces/action
[8.014s] -- Installing: /home/ws/install/kinova_gen3_control_interfaces/local/lib/python3.10/dist-packages/kinova_gen3_control_interfaces/action/__init__.py
[8.014s] -- Installing: /home/ws/install/kinova_gen3_control_interfaces/local/lib/python3.10/dist-packages/kinova_gen3_control_interfaces/action/_move_arm_effector_s.c
[8.015s] -- Installing: /home/ws/install/kinova_gen3_control_interfaces/local/lib/python3.10/dist-packages/kinova_gen3_control_interfaces/action/_move_arm_effector.py
[8.015s] -- Installing: /home/ws/install/kinova_gen3_control_interfaces/local/lib/python3.10/dist-packages/kinova_gen3_control_interfaces/_kinova_gen3_control_interfaces_s.ep.rosidl_typesupport_c.c
[8.062s] Listing '/home/ws/install/kinova_gen3_control_interfaces/local/lib/python3.10/dist-packages/kinova_gen3_control_interfaces'...
[8.062s] Compiling '/home/ws/install/kinova_gen3_control_interfaces/local/lib/python3.10/dist-packages/kinova_gen3_control_interfaces/__init__.py'...
[8.062s] Listing '/home/ws/install/kinova_gen3_control_interfaces/local/lib/python3.10/dist-packages/kinova_gen3_control_interfaces/action'...
[8.063s] Compiling '/home/ws/install/kinova_gen3_control_interfaces/local/lib/python3.10/dist-packages/kinova_gen3_control_interfaces/action/__init__.py'...
[8.063s] Compiling '/home/ws/install/kinova_gen3_control_interfaces/local/lib/python3.10/dist-packages/kinova_gen3_control_interfaces/action/_move_arm_effector.py'...
[8.067s] -- Installing: /home/ws/install/kinova_gen3_control_interfaces/local/lib/python3.10/dist-packages/kinova_gen3_control_interfaces/kinova_gen3_control_interfaces_s__rosidl_typesupport_fastrtps_c.cpython-310-x86_64-linux-gnu.so
[8.067s] -- Set runtime path of "/home/ws/install/kinova_gen3_control_interfaces/local/lib/python3.10/dist-packages/kinova_gen3_control_interfaces/kinova_gen3_control_interfaces_s__rosidl_typesupport_fastrtps_c.cpython-310-x86_64-linux-gnu.so" to ""
[8.067s] -- Installing: /home/ws/install/kinova_gen3_control_interfaces/local/lib/python3.10/dist-packages/kinova_gen3_control_interfaces/kinova_gen3_control_interfaces_s__rosidl_typesupport_introspection_c.cpython-310-x86_64-linux-gnu.so
[8.068s] -- Set runtime path of "/home/ws/install/kinova_gen3_control_interfaces/local/lib/python3.10/dist-packages/kinova_gen3_control_interfaces/kinova_gen3_control_interfaces_s__rosidl_typesupport_introspection_c.cpython-310-x86_64-linux-gnu.so" to ""
[8.068s] -- Installing: /home/ws/install/kinova_gen3_control_interfaces/local/lib/python3.10/dist-packages/kinova_gen3_control_interfaces/kinova_gen3_control_interfaces_s__rosidl_typesupport_c.cpython-310-x86_64-linux-gnu.so
[8.068s] -- Set runtime path of "/home/ws/install/kinova_gen3_control_interfaces/local/lib/python3.10/dist-packages/kinova_gen3_control_interfaces/kinova_gen3_control_interfaces_s__rosidl_typesupport_c.cpython-310-x86_64-linux-gnu.so" to ""
[8.068s] -- Installing: /home/ws/install/kinova_gen3_control_interfaces/lib/libkinova_gen3_control_interfaces__rosidl_generator_py.so
[8.069s] -- Set runtime path of "/home/ws/install/kinova_gen3_control_interfaces/lib/libkinova_gen3_control_interfaces__rosidl_generator_py.so" to ""
[8.069s] -- Installing: /home/ws/install/kinova_gen3_control_interfaces/share/kinova_gen3_control_interfaces/action/MoveArmEffector.idl
[8.069s] -- Installing: /home/ws/install/kinova_gen3_control_interfaces/share/kinova_gen3_control_interfaces/action/MoveArmEffector.action
[8.069s] -- Installing: /home/ws/install/kinova_gen3_control_interfaces/share/ament_index/resource_index/package_run_dependencies/kinova_gen3_control_interfaces
[8.070s] -- Installing: /home/ws/install/kinova_gen3_control_interfaces/share/ament_index/resource_index/parent_prefix_path/kinova_gen3_control_interfaces
[8.070s] -- Installing: /home/ws/install/kinova_gen3_control_interfaces/share/kinova_gen3_control_interfaces/environment/ament_prefix_path.sh
[8.070s] -- Installing: /home/ws/install/kinova_gen3_control_interfaces/share/kinova_gen3_control_interfaces/environment/ament_prefix_path.dsv
[8.070s] -- Installing: /home/ws/install/kinova_gen3_control_interfaces/share/kinova_gen3_control_interfaces/environment/path.sh
[8.070s] -- Installing: /home/ws/install/kinova_gen3_control_interfaces/share/kinova_gen3_control_interfaces/environment/path.dsv
[8.071s] -- Installing: /home/ws/install/kinova_gen3_control_interfaces/share/kinova_gen3_control_interfaces/local_setup.bash
[8.071s] -- Installing: /home/ws/install/kinova_gen3_control_interfaces/share/kinova_gen3_control_interfaces/local_setup.sh
[8.071s] -- Installing: /home/ws/install/kinova_gen3_control_interfaces/share/kinova_gen3_control_interfaces/local_setup.zsh
[8.071s] -- Installing: /home/ws/install/kinova_gen3_control_interfaces/share/kinova_gen3_control_interfaces/local_setup.dsv
[8.071s] -- Installing: /home/ws/install/kinova_gen3_control_interfaces/share/kinova_gen3_control_interfaces/package.dsv
[8.071s] -- Installing: /home/ws/install/kinova_gen3_control_interfaces/share/ament_index/resource_index/packages/kinova_gen3_control_interfaces
[8.072s] -- Installing: /home/ws/install/kinova_gen3_control_interfaces/share/kinova_gen3_control_interfaces/cmake/export_kinova_gen3_control_interfaces__rosidl_generator_cExport.cmake
[8.072s] -- Installing: /home/ws/install/kinova_gen3_control_interfaces/share/kinova_gen3_control_interfaces/cmake/export_kinova_gen3_control_interfaces__rosidl_generator_cExport-noconfig.cmake
[8.073s] -- Installing: /home/ws/install/kinova_gen3_control_interfaces/share/kinova_gen3_control_interfaces/cmake/export_kinova_gen3_control_interfaces__rosidl_typesupport_fastrtps_cExport.cmake
[8.073s] -- Installing: /home/ws/install/kinova_gen3_control_interfaces/share/kinova_gen3_control_interfaces/cmake/export_kinova_gen3_control_interfaces__rosidl_typesupport_fastrtps_cExport-noconfig.cmake
[8.073s] -- Installing: /home/ws/install/kinova_gen3_control_interfaces/share/kinova_gen3_control_interfaces/cmake/export_kinova_gen3_control_interfaces__rosidl_generator_cppExport.cmake
[8.073s] -- Installing: /home/ws/install/kinova_gen3_control_interfaces/share/kinova_gen3_control_interfaces/cmake/export_kinova_gen3_control_interfaces__rosidl_typesupport_fastrtps_cppExport.cmake
[8.073s] -- Installing: /home/ws/install/kinova_gen3_control_interfaces/share/kinova_gen3_control_interfaces/cmake/export_kinova_gen3_control_interfaces__rosidl_typesupport_fastrtps_cppExport-noconfig.cmake
[8.073s] -- Installing: /home/ws/install/kinova_gen3_control_interfaces/share/kinova_gen3_control_interfaces/cmake/kinova_gen3_control_interfaces__rosidl_typesupport_introspection_cExport.cmake
[8.073s] -- Installing: /home/ws/install/kinova_gen3_control_interfaces/share/kinova_gen3_control_interfaces/cmake/kinova_gen3_control_interfaces__rosidl_typesupport_introspection_cExport-noconfig.cmake
[8.074s] -- Installing: /home/ws/install/kinova_gen3_control_interfaces/share/kinova_gen3_control_interfaces/cmake/kinova_gen3_control_interfaces__rosidl_typesupport_cExport.cmake
[8.074s] -- Installing: /home/ws/install/kinova_gen3_control_interfaces/share/kinova_gen3_control_interfaces/cmake/kinova_gen3_control_interfaces__rosidl_typesupport_cExport-noconfig.cmake
[8.074s] -- Installing: /home/ws/install/kinova_gen3_control_interfaces/share/kinova_gen3_control_interfaces/cmake/kinova_gen3_control_interfaces__rosidl_typesupport_introspection_cppExport.cmake
[8.074s] -- Installing: /home/ws/install/kinova_gen3_control_interfaces/share/kinova_gen3_control_interfaces/cmake/kinova_gen3_control_interfaces__rosidl_typesupport_introspection_cppExport-noconfig.cmake
[8.075s] -- Installing: /home/ws/install/kinova_gen3_control_interfaces/share/kinova_gen3_control_interfaces/cmake/kinova_gen3_control_interfaces__rosidl_typesupport_cppExport.cmake
[8.075s] -- Installing: /home/ws/install/kinova_gen3_control_interfaces/share/kinova_gen3_control_interfaces/cmake/kinova_gen3_control_interfaces__rosidl_typesupport_cppExport-noconfig.cmake
[8.075s] -- Installing: /home/ws/install/kinova_gen3_control_interfaces/share/kinova_gen3_control_interfaces/cmake/export_kinova_gen3_control_interfaces__rosidl_generator_pyExport.cmake
[8.075s] -- Installing: /home/ws/install/kinova_gen3_control_interfaces/share/kinova_gen3_control_interfaces/cmake/export_kinova_gen3_control_interfaces__rosidl_generator_pyExport-noconfig.cmake
[8.076s] -- Installing: /home/ws/install/kinova_gen3_control_interfaces/share/kinova_gen3_control_interfaces/cmake/rosidl_cmake-extras.cmake
[8.076s] -- Installing: /home/ws/install/kinova_gen3_control_interfaces/share/kinova_gen3_control_interfaces/cmake/ament_cmake_export_dependencies-extras.cmake
[8.076s] -- Installing: /home/ws/install/kinova_gen3_control_interfaces/share/kinova_gen3_control_interfaces/cmake/ament_cmake_export_include_directories-extras.cmake
[8.076s] -- Installing: /home/ws/install/kinova_gen3_control_interfaces/share/kinova_gen3_control_interfaces/cmake/ament_cmake_export_libraries-extras.cmake
[8.076s] -- Installing: /home/ws/install/kinova_gen3_control_interfaces/share/kinova_gen3_control_interfaces/cmake/ament_cmake_export_targets-extras.cmake
[8.077s] -- Installing: /home/ws/install/kinova_gen3_control_interfaces/share/kinova_gen3_control_interfaces/cmake/rosidl_cmake_export_typesupport_targets-extras.cmake
[8.077s] -- Installing: /home/ws/install/kinova_gen3_control_interfaces/share/kinova_gen3_control_interfaces/cmake/rosidl_cmake_export_typesupport_libraries-extras.cmake
[8.077s] -- Installing: /home/ws/install/kinova_gen3_control_interfaces/share/kinova_gen3_control_interfaces/cmake/kinova_gen3_control_interfacesConfig.cmake
[8.077s] -- Installing: /home/ws/install/kinova_gen3_control_interfaces/share/kinova_gen3_control_interfaces/cmake/kinova_gen3_control_interfacesConfig-version.cmake
[8.077s] -- Installing: /home/ws/install/kinova_gen3_control_interfaces/share/kinova_gen3_control_interfaces/package.xml
[8.081s] Invoked command in '/home/ws/build/kinova_gen3_control_interfaces' returned '0': CMAKE_PREFIX_PATH=${CMAKE_PREFIX_PATH}:/opt/ros/humble /usr/bin/cmake --install /home/ws/build/kinova_gen3_control_interfaces
