[0.012s] Invoking command in '/home/ws/build/kinova_gen3_control_cpp': CMAKE_PREFIX_PATH=/home/ws/install/kinova_gen3_control_interfaces:/home/ws/install/kinova_sim:/home/ws/install/kinova_gen3_control_cpp:/opt/ros/humble LD_LIBRARY_PATH=/home/ws/install/kinova_gen3_control_interfaces/lib:/home/ws/install/kinova_gen3_control_cpp/lib:/opt/ros/humble/opt/rviz_ogre_vendor/lib:/opt/ros/humble/lib/x86_64-linux-gnu:/opt/ros/humble/lib /usr/bin/cmake --build /home/ws/build/kinova_gen3_control_cpp -- -j12 -l12
[0.051s] -- Found ament_cmake: 1.3.10 (/opt/ros/humble/share/ament_cmake/cmake)
[0.183s] -- Found rclcpp: 16.0.10 (/opt/ros/humble/share/rclcpp/cmake)
[0.237s] -- Found rosidl_generator_c: 3.1.5 (/opt/ros/humble/share/rosidl_generator_c/cmake)
[0.240s] -- Found rosidl_adapter: 3.1.5 (/opt/ros/humble/share/rosidl_adapter/cmake)
[0.249s] -- Found rosidl_generator_cpp: 3.1.5 (/opt/ros/humble/share/rosidl_generator_cpp/cmake)
[0.260s] -- Using all available rosidl_typesupport_c: rosidl_typesupport_fastrtps_c;rosidl_typesupport_introspection_c
[0.275s] -- Using all available rosidl_typesupport_cpp: rosidl_typesupport_fastrtps_cpp;rosidl_typesupport_introspection_cpp
[0.313s] -- Found rmw_implementation_cmake: 6.1.2 (/opt/ros/humble/share/rmw_implementation_cmake/cmake)
[0.314s] -- Found rmw_fastrtps_cpp: 6.2.7 (/opt/ros/humble/share/rmw_fastrtps_cpp/cmake)
[0.450s] -- Using RMW implementation 'rmw_fastrtps_cpp' as default
[0.504s] -- Found rclcpp_action: 16.0.10 (/opt/ros/humble/share/rclcpp_action/cmake)
[0.535s] -- Found rclcpp_components: 16.0.10 (/opt/ros/humble/share/rclcpp_components/cmake)
[0.554s] -- Found moveit_ros_planning_interface: 2.5.5 (/opt/ros/humble/share/moveit_ros_planning_interface/cmake)
[0.567s] -- Found Boost: /usr/lib/x86_64-linux-gnu/cmake/Boost-1.74.0/BoostConfig.cmake (found version "1.74.0") found components: date_time filesystem program_options system thread 
[0.713s] -- Found Boost: /usr/lib/x86_64-linux-gnu/cmake/Boost-1.74.0/BoostConfig.cmake (found version "1.74.0") found components: chrono date_time filesystem iostreams program_options regex serialization system thread 
[0.722s] -- Found parameter_traits: 0.3.8 (/opt/ros/humble/share/parameter_traits/cmake)
[0.730s] -- Found rclcpp_lifecycle: 16.0.10 (/opt/ros/humble/share/rclcpp_lifecycle/cmake)
[0.753s] -- Found Boost: /usr/lib/x86_64-linux-gnu/cmake/Boost-1.74.0/BoostConfig.cmake (found version "1.74.0") found components: filesystem 
[0.796s] -- library: /usr/lib/x86_64-linux-gnu/libcurl.so
[0.823s] -- Ensuring Eigen3 include directory is part of orocos-kdl CMake target
[0.915s] -- Found Boost: /usr/lib/x86_64-linux-gnu/cmake/Boost-1.74.0/BoostConfig.cmake (found version "1.74.0") found components: system filesystem date_time program_options thread chrono 
[0.944s] -- Found Boost: /usr/lib/x86_64-linux-gnu/cmake/Boost-1.74.0/BoostConfig.cmake (found version "1.74.0") found components: thread system filesystem regex date_time program_options 
[0.962s] -- Found Boost: /usr/lib/x86_64-linux-gnu/cmake/Boost-1.74.0/BoostConfig.cmake (found version "1.74.0") found components: system filesystem date_time program_options thread 
[0.989s] -- Found kinova_gen3_control_interfaces: 0.0.0 (/home/ws/install/kinova_gen3_control_interfaces/share/kinova_gen3_control_interfaces/cmake)
[1.021s] [31mCMake Error at CMakeLists.txt:15 (find_package):
[1.021s]   By not providing "Findkinova_gen3_7dof_robotiq_2f_85_moveit_config.cmake"
[1.021s]   in CMAKE_MODULE_PATH this project has asked CMake to find a package
[1.021s]   configuration file provided by
[1.021s]   "kinova_gen3_7dof_robotiq_2f_85_moveit_config", but CMake did not find one.
[1.022s] 
[1.022s]   Could not find a package configuration file provided by
[1.022s]   "kinova_gen3_7dof_robotiq_2f_85_moveit_config" with any of the following
[1.022s]   names:
[1.022s] 
[1.022s]     kinova_gen3_7dof_robotiq_2f_85_moveit_configConfig.cmake
[1.022s]     kinova_gen3_7dof_robotiq_2f_85_moveit_config-config.cmake
[1.022s] 
[1.022s]   Add the installation prefix of
[1.022s]   "kinova_gen3_7dof_robotiq_2f_85_moveit_config" to CMAKE_PREFIX_PATH or set
[1.023s]   "kinova_gen3_7dof_robotiq_2f_85_moveit_config_DIR" to a directory
[1.023s]   containing one of the above files.  If
[1.023s]   "kinova_gen3_7dof_robotiq_2f_85_moveit_config" provides a separate
[1.023s]   development package or SDK, be sure it has been installed.
[1.023s] 
[1.023s] [0m
[1.023s] -- Configuring incomplete, errors occurred!
[1.023s] See also "/home/ws/build/kinova_gen3_control_cpp/CMakeFiles/CMakeOutput.log".
[1.032s] gmake: *** [Makefile:308: cmake_check_build_system] Error 1
[1.035s] Invoked command in '/home/ws/build/kinova_gen3_control_cpp' returned '2': CMAKE_PREFIX_PATH=/home/ws/install/kinova_gen3_control_interfaces:/home/ws/install/kinova_sim:/home/ws/install/kinova_gen3_control_cpp:/opt/ros/humble LD_LIBRARY_PATH=/home/ws/install/kinova_gen3_control_interfaces/lib:/home/ws/install/kinova_gen3_control_cpp/lib:/opt/ros/humble/opt/rviz_ogre_vendor/lib:/opt/ros/humble/lib/x86_64-linux-gnu:/opt/ros/humble/lib /usr/bin/cmake --build /home/ws/build/kinova_gen3_control_cpp -- -j12 -l12
