[0.014s] Invoking command in '/home/ws/build/kinova_gen3_control_interfaces': CMAKE_PREFIX_PATH=${CMAKE_PREFIX_PATH}:/opt/ros/humble /usr/bin/cmake --build /home/ws/build/kinova_gen3_control_interfaces -- -j12 -l12
[0.081s] [  3%] Built target kinova_gen3_control_interfaces__cpp
[0.082s] [ 12%] Built target kinova_gen3_control_interfaces__rosidl_generator_c
[0.094s] [ 12%] Built target ament_cmake_python_copy_kinova_gen3_control_interfaces
[0.112s] [ 22%] Built target kinova_gen3_control_interfaces__rosidl_typesupport_c
[0.113s] [ 41%] Built target kinova_gen3_control_interfaces__rosidl_typesupport_fastrtps_cpp
[0.113s] [ 41%] Built target kinova_gen3_control_interfaces__rosidl_typesupport_cpp
[0.114s] [ 54%] Built target kinova_gen3_control_interfaces__rosidl_typesupport_introspection_c
[0.114s] [ 61%] Built target kinova_gen3_control_interfaces__rosidl_typesupport_introspection_cpp
[0.116s] [ 70%] Built target kinova_gen3_control_interfaces__rosidl_typesupport_fastrtps_c
[0.143s] [ 70%] Built target kinova_gen3_control_interfaces
[0.171s] [ 74%] Built target kinova_gen3_control_interfaces__py
[0.198s] [ 80%] Built target kinova_gen3_control_interfaces__rosidl_generator_py
[0.227s] [ 87%] Built target kinova_gen3_control_interfaces__rosidl_typesupport_fastrtps_c__pyext
[0.229s] [ 93%] Built target kinova_gen3_control_interfaces__rosidl_typesupport_introspection_c__pyext
[0.231s] [100%] Built target kinova_gen3_control_interfaces__rosidl_typesupport_c__pyext
[0.308s] running egg_info
[0.309s] writing kinova_gen3_control_interfaces.egg-info/PKG-INFO
[0.309s] writing dependency_links to kinova_gen3_control_interfaces.egg-info/dependency_links.txt
[0.310s] writing top-level names to kinova_gen3_control_interfaces.egg-info/top_level.txt
[0.312s] reading manifest file 'kinova_gen3_control_interfaces.egg-info/SOURCES.txt'
[0.312s] writing manifest file 'kinova_gen3_control_interfaces.egg-info/SOURCES.txt'
[0.344s] [100%] Built target ament_cmake_python_build_kinova_gen3_control_interfaces_egg
[0.358s] Invoked command in '/home/ws/build/kinova_gen3_control_interfaces' returned '0': CMAKE_PREFIX_PATH=${CMAKE_PREFIX_PATH}:/opt/ros/humble /usr/bin/cmake --build /home/ws/build/kinova_gen3_control_interfaces -- -j12 -l12
[0.472s] Invoking command in '/home/ws/build/kinova_gen3_control_interfaces': CMAKE_PREFIX_PATH=${CMAKE_PREFIX_PATH}:/opt/ros/humble /usr/bin/cmake --install /home/ws/build/kinova_gen3_control_interfaces
[0.481s] -- Install configuration: ""
[0.481s] -- Up-to-date: /home/ws/install/kinova_gen3_control_interfaces/share/ament_index/resource_index/rosidl_interfaces/kinova_gen3_control_interfaces
[0.482s] -- Up-to-date: /home/ws/install/kinova_gen3_control_interfaces/include/kinova_gen3_control_interfaces/kinova_gen3_control_interfaces
[0.482s] -- Up-to-date: /home/ws/install/kinova_gen3_control_interfaces/include/kinova_gen3_control_interfaces/kinova_gen3_control_interfaces/msg
[0.482s] -- Up-to-date: /home/ws/install/kinova_gen3_control_interfaces/include/kinova_gen3_control_interfaces/kinova_gen3_control_interfaces/msg/rosidl_generator_c__visibility_control.h
[0.482s] -- Up-to-date: /home/ws/install/kinova_gen3_control_interfaces/include/kinova_gen3_control_interfaces/kinova_gen3_control_interfaces/action
[0.482s] -- Up-to-date: /home/ws/install/kinova_gen3_control_interfaces/include/kinova_gen3_control_interfaces/kinova_gen3_control_interfaces/action/move_arm_effector.h
[0.482s] -- Up-to-date: /home/ws/install/kinova_gen3_control_interfaces/include/kinova_gen3_control_interfaces/kinova_gen3_control_interfaces/action/detail
[0.482s] -- Up-to-date: /home/ws/install/kinova_gen3_control_interfaces/include/kinova_gen3_control_interfaces/kinova_gen3_control_interfaces/action/detail/move_arm_effector__functions.c
[0.483s] -- Up-to-date: /home/ws/install/kinova_gen3_control_interfaces/include/kinova_gen3_control_interfaces/kinova_gen3_control_interfaces/action/detail/move_arm_effector__functions.h
[0.483s] -- Up-to-date: /home/ws/install/kinova_gen3_control_interfaces/include/kinova_gen3_control_interfaces/kinova_gen3_control_interfaces/action/detail/move_arm_effector__struct.h
[0.483s] -- Up-to-date: /home/ws/install/kinova_gen3_control_interfaces/include/kinova_gen3_control_interfaces/kinova_gen3_control_interfaces/action/detail/move_arm_effector__type_support.h
[0.483s] -- Up-to-date: /home/ws/install/kinova_gen3_control_interfaces/share/kinova_gen3_control_interfaces/environment/library_path.sh
[0.484s] -- Up-to-date: /home/ws/install/kinova_gen3_control_interfaces/share/kinova_gen3_control_interfaces/environment/library_path.dsv
[0.484s] -- Up-to-date: /home/ws/install/kinova_gen3_control_interfaces/lib/libkinova_gen3_control_interfaces__rosidl_generator_c.so
[0.484s] -- Up-to-date: /home/ws/install/kinova_gen3_control_interfaces/include/kinova_gen3_control_interfaces/kinova_gen3_control_interfaces
[0.484s] -- Up-to-date: /home/ws/install/kinova_gen3_control_interfaces/include/kinova_gen3_control_interfaces/kinova_gen3_control_interfaces/msg
[0.484s] -- Up-to-date: /home/ws/install/kinova_gen3_control_interfaces/include/kinova_gen3_control_interfaces/kinova_gen3_control_interfaces/msg/rosidl_typesupport_fastrtps_c__visibility_control.h
[0.484s] -- Up-to-date: /home/ws/install/kinova_gen3_control_interfaces/include/kinova_gen3_control_interfaces/kinova_gen3_control_interfaces/action
[0.484s] -- Up-to-date: /home/ws/install/kinova_gen3_control_interfaces/include/kinova_gen3_control_interfaces/kinova_gen3_control_interfaces/action/detail
[0.484s] -- Up-to-date: /home/ws/install/kinova_gen3_control_interfaces/include/kinova_gen3_control_interfaces/kinova_gen3_control_interfaces/action/detail/move_arm_effector__rosidl_typesupport_fastrtps_c.h
[0.484s] -- Up-to-date: /home/ws/install/kinova_gen3_control_interfaces/lib/libkinova_gen3_control_interfaces__rosidl_typesupport_fastrtps_c.so
[0.485s] -- Up-to-date: /home/ws/install/kinova_gen3_control_interfaces/include/kinova_gen3_control_interfaces/kinova_gen3_control_interfaces
[0.485s] -- Up-to-date: /home/ws/install/kinova_gen3_control_interfaces/include/kinova_gen3_control_interfaces/kinova_gen3_control_interfaces/action
[0.485s] -- Up-to-date: /home/ws/install/kinova_gen3_control_interfaces/include/kinova_gen3_control_interfaces/kinova_gen3_control_interfaces/action/detail
[0.485s] -- Up-to-date: /home/ws/install/kinova_gen3_control_interfaces/include/kinova_gen3_control_interfaces/kinova_gen3_control_interfaces/action/detail/move_arm_effector__builder.hpp
[0.485s] -- Up-to-date: /home/ws/install/kinova_gen3_control_interfaces/include/kinova_gen3_control_interfaces/kinova_gen3_control_interfaces/action/detail/move_arm_effector__traits.hpp
[0.485s] -- Up-to-date: /home/ws/install/kinova_gen3_control_interfaces/include/kinova_gen3_control_interfaces/kinova_gen3_control_interfaces/action/detail/move_arm_effector__struct.hpp
[0.485s] -- Up-to-date: /home/ws/install/kinova_gen3_control_interfaces/include/kinova_gen3_control_interfaces/kinova_gen3_control_interfaces/action/move_arm_effector.hpp
[0.485s] -- Up-to-date: /home/ws/install/kinova_gen3_control_interfaces/include/kinova_gen3_control_interfaces/kinova_gen3_control_interfaces
[0.485s] -- Up-to-date: /home/ws/install/kinova_gen3_control_interfaces/include/kinova_gen3_control_interfaces/kinova_gen3_control_interfaces/msg
[0.485s] -- Up-to-date: /home/ws/install/kinova_gen3_control_interfaces/include/kinova_gen3_control_interfaces/kinova_gen3_control_interfaces/msg/rosidl_typesupport_fastrtps_cpp__visibility_control.h
[0.485s] -- Up-to-date: /home/ws/install/kinova_gen3_control_interfaces/include/kinova_gen3_control_interfaces/kinova_gen3_control_interfaces/action
[0.485s] -- Up-to-date: /home/ws/install/kinova_gen3_control_interfaces/include/kinova_gen3_control_interfaces/kinova_gen3_control_interfaces/action/detail
[0.486s] -- Up-to-date: /home/ws/install/kinova_gen3_control_interfaces/include/kinova_gen3_control_interfaces/kinova_gen3_control_interfaces/action/detail/move_arm_effector__rosidl_typesupport_fastrtps_cpp.hpp
[0.486s] -- Up-to-date: /home/ws/install/kinova_gen3_control_interfaces/include/kinova_gen3_control_interfaces/kinova_gen3_control_interfaces/action/detail/dds_fastrtps
[0.486s] -- Up-to-date: /home/ws/install/kinova_gen3_control_interfaces/lib/libkinova_gen3_control_interfaces__rosidl_typesupport_fastrtps_cpp.so
[0.486s] -- Up-to-date: /home/ws/install/kinova_gen3_control_interfaces/include/kinova_gen3_control_interfaces/kinova_gen3_control_interfaces
[0.486s] -- Up-to-date: /home/ws/install/kinova_gen3_control_interfaces/include/kinova_gen3_control_interfaces/kinova_gen3_control_interfaces/msg
[0.486s] -- Up-to-date: /home/ws/install/kinova_gen3_control_interfaces/include/kinova_gen3_control_interfaces/kinova_gen3_control_interfaces/msg/rosidl_typesupport_introspection_c__visibility_control.h
[0.486s] -- Up-to-date: /home/ws/install/kinova_gen3_control_interfaces/include/kinova_gen3_control_interfaces/kinova_gen3_control_interfaces/action
[0.486s] -- Up-to-date: /home/ws/install/kinova_gen3_control_interfaces/include/kinova_gen3_control_interfaces/kinova_gen3_control_interfaces/action/detail
[0.486s] -- Up-to-date: /home/ws/install/kinova_gen3_control_interfaces/include/kinova_gen3_control_interfaces/kinova_gen3_control_interfaces/action/detail/move_arm_effector__rosidl_typesupport_introspection_c.h
[0.486s] -- Up-to-date: /home/ws/install/kinova_gen3_control_interfaces/include/kinova_gen3_control_interfaces/kinova_gen3_control_interfaces/action/detail/move_arm_effector__type_support.c
[0.486s] -- Up-to-date: /home/ws/install/kinova_gen3_control_interfaces/lib/libkinova_gen3_control_interfaces__rosidl_typesupport_introspection_c.so
[0.487s] -- Up-to-date: /home/ws/install/kinova_gen3_control_interfaces/lib/libkinova_gen3_control_interfaces__rosidl_typesupport_c.so
[0.487s] -- Up-to-date: /home/ws/install/kinova_gen3_control_interfaces/include/kinova_gen3_control_interfaces/kinova_gen3_control_interfaces
[0.487s] -- Up-to-date: /home/ws/install/kinova_gen3_control_interfaces/include/kinova_gen3_control_interfaces/kinova_gen3_control_interfaces/action
[0.487s] -- Up-to-date: /home/ws/install/kinova_gen3_control_interfaces/include/kinova_gen3_control_interfaces/kinova_gen3_control_interfaces/action/detail
[0.487s] -- Up-to-date: /home/ws/install/kinova_gen3_control_interfaces/include/kinova_gen3_control_interfaces/kinova_gen3_control_interfaces/action/detail/move_arm_effector__rosidl_typesupport_introspection_cpp.hpp
[0.487s] -- Up-to-date: /home/ws/install/kinova_gen3_control_interfaces/include/kinova_gen3_control_interfaces/kinova_gen3_control_interfaces/action/detail/move_arm_effector__type_support.cpp
[0.487s] -- Up-to-date: /home/ws/install/kinova_gen3_control_interfaces/lib/libkinova_gen3_control_interfaces__rosidl_typesupport_introspection_cpp.so
[0.487s] -- Up-to-date: /home/ws/install/kinova_gen3_control_interfaces/lib/libkinova_gen3_control_interfaces__rosidl_typesupport_cpp.so
[0.488s] -- Up-to-date: /home/ws/install/kinova_gen3_control_interfaces/share/kinova_gen3_control_interfaces/environment/pythonpath.sh
[0.488s] -- Up-to-date: /home/ws/install/kinova_gen3_control_interfaces/share/kinova_gen3_control_interfaces/environment/pythonpath.dsv
[0.488s] -- Up-to-date: /home/ws/install/kinova_gen3_control_interfaces/local/lib/python3.10/dist-packages/kinova_gen3_control_interfaces-0.0.0-py3.10.egg-info
[0.488s] -- Installing: /home/ws/install/kinova_gen3_control_interfaces/local/lib/python3.10/dist-packages/kinova_gen3_control_interfaces-0.0.0-py3.10.egg-info/PKG-INFO
[0.488s] -- Installing: /home/ws/install/kinova_gen3_control_interfaces/local/lib/python3.10/dist-packages/kinova_gen3_control_interfaces-0.0.0-py3.10.egg-info/SOURCES.txt
[0.488s] -- Installing: /home/ws/install/kinova_gen3_control_interfaces/local/lib/python3.10/dist-packages/kinova_gen3_control_interfaces-0.0.0-py3.10.egg-info/top_level.txt
[0.488s] -- Installing: /home/ws/install/kinova_gen3_control_interfaces/local/lib/python3.10/dist-packages/kinova_gen3_control_interfaces-0.0.0-py3.10.egg-info/dependency_links.txt
[0.488s] -- Up-to-date: /home/ws/install/kinova_gen3_control_interfaces/local/lib/python3.10/dist-packages/kinova_gen3_control_interfaces
[0.488s] -- Up-to-date: /home/ws/install/kinova_gen3_control_interfaces/local/lib/python3.10/dist-packages/kinova_gen3_control_interfaces/_kinova_gen3_control_interfaces_s.ep.rosidl_typesupport_introspection_c.c
[0.488s] -- Up-to-date: /home/ws/install/kinova_gen3_control_interfaces/local/lib/python3.10/dist-packages/kinova_gen3_control_interfaces/libkinova_gen3_control_interfaces__rosidl_generator_py.so
[0.488s] -- Up-to-date: /home/ws/install/kinova_gen3_control_interfaces/local/lib/python3.10/dist-packages/kinova_gen3_control_interfaces/_kinova_gen3_control_interfaces_s.ep.rosidl_typesupport_fastrtps_c.c
[0.488s] -- Up-to-date: /home/ws/install/kinova_gen3_control_interfaces/local/lib/python3.10/dist-packages/kinova_gen3_control_interfaces/kinova_gen3_control_interfaces_s__rosidl_typesupport_c.cpython-310-x86_64-linux-gnu.so
[0.488s] -- Up-to-date: /home/ws/install/kinova_gen3_control_interfaces/local/lib/python3.10/dist-packages/kinova_gen3_control_interfaces/__init__.py
[0.488s] -- Up-to-date: /home/ws/install/kinova_gen3_control_interfaces/local/lib/python3.10/dist-packages/kinova_gen3_control_interfaces/kinova_gen3_control_interfaces_s__rosidl_typesupport_introspection_c.cpython-310-x86_64-linux-gnu.so
[0.488s] -- Up-to-date: /home/ws/install/kinova_gen3_control_interfaces/local/lib/python3.10/dist-packages/kinova_gen3_control_interfaces/kinova_gen3_control_interfaces_s__rosidl_typesupport_fastrtps_c.cpython-310-x86_64-linux-gnu.so
[0.488s] -- Up-to-date: /home/ws/install/kinova_gen3_control_interfaces/local/lib/python3.10/dist-packages/kinova_gen3_control_interfaces/action
[0.489s] -- Up-to-date: /home/ws/install/kinova_gen3_control_interfaces/local/lib/python3.10/dist-packages/kinova_gen3_control_interfaces/action/__init__.py
[0.489s] -- Up-to-date: /home/ws/install/kinova_gen3_control_interfaces/local/lib/python3.10/dist-packages/kinova_gen3_control_interfaces/action/_move_arm_effector_s.c
[0.489s] -- Up-to-date: /home/ws/install/kinova_gen3_control_interfaces/local/lib/python3.10/dist-packages/kinova_gen3_control_interfaces/action/_move_arm_effector.py
[0.489s] -- Up-to-date: /home/ws/install/kinova_gen3_control_interfaces/local/lib/python3.10/dist-packages/kinova_gen3_control_interfaces/_kinova_gen3_control_interfaces_s.ep.rosidl_typesupport_c.c
[0.518s] Listing '/home/ws/install/kinova_gen3_control_interfaces/local/lib/python3.10/dist-packages/kinova_gen3_control_interfaces'...
[0.518s] Listing '/home/ws/install/kinova_gen3_control_interfaces/local/lib/python3.10/dist-packages/kinova_gen3_control_interfaces/action'...
[0.524s] -- Up-to-date: /home/ws/install/kinova_gen3_control_interfaces/local/lib/python3.10/dist-packages/kinova_gen3_control_interfaces/kinova_gen3_control_interfaces_s__rosidl_typesupport_fastrtps_c.cpython-310-x86_64-linux-gnu.so
[0.525s] -- Up-to-date: /home/ws/install/kinova_gen3_control_interfaces/local/lib/python3.10/dist-packages/kinova_gen3_control_interfaces/kinova_gen3_control_interfaces_s__rosidl_typesupport_introspection_c.cpython-310-x86_64-linux-gnu.so
[0.526s] -- Up-to-date: /home/ws/install/kinova_gen3_control_interfaces/local/lib/python3.10/dist-packages/kinova_gen3_control_interfaces/kinova_gen3_control_interfaces_s__rosidl_typesupport_c.cpython-310-x86_64-linux-gnu.so
[0.527s] -- Up-to-date: /home/ws/install/kinova_gen3_control_interfaces/lib/libkinova_gen3_control_interfaces__rosidl_generator_py.so
[0.528s] -- Up-to-date: /home/ws/install/kinova_gen3_control_interfaces/share/kinova_gen3_control_interfaces/action/MoveArmEffector.idl
[0.528s] -- Up-to-date: /home/ws/install/kinova_gen3_control_interfaces/share/kinova_gen3_control_interfaces/action/MoveArmEffector.action
[0.528s] -- Up-to-date: /home/ws/install/kinova_gen3_control_interfaces/share/ament_index/resource_index/package_run_dependencies/kinova_gen3_control_interfaces
[0.528s] -- Up-to-date: /home/ws/install/kinova_gen3_control_interfaces/share/ament_index/resource_index/parent_prefix_path/kinova_gen3_control_interfaces
[0.528s] -- Up-to-date: /home/ws/install/kinova_gen3_control_interfaces/share/kinova_gen3_control_interfaces/environment/ament_prefix_path.sh
[0.528s] -- Up-to-date: /home/ws/install/kinova_gen3_control_interfaces/share/kinova_gen3_control_interfaces/environment/ament_prefix_path.dsv
[0.528s] -- Up-to-date: /home/ws/install/kinova_gen3_control_interfaces/share/kinova_gen3_control_interfaces/environment/path.sh
[0.528s] -- Up-to-date: /home/ws/install/kinova_gen3_control_interfaces/share/kinova_gen3_control_interfaces/environment/path.dsv
[0.529s] -- Up-to-date: /home/ws/install/kinova_gen3_control_interfaces/share/kinova_gen3_control_interfaces/local_setup.bash
[0.529s] -- Up-to-date: /home/ws/install/kinova_gen3_control_interfaces/share/kinova_gen3_control_interfaces/local_setup.sh
[0.529s] -- Up-to-date: /home/ws/install/kinova_gen3_control_interfaces/share/kinova_gen3_control_interfaces/local_setup.zsh
[0.529s] -- Up-to-date: /home/ws/install/kinova_gen3_control_interfaces/share/kinova_gen3_control_interfaces/local_setup.dsv
[0.529s] -- Installing: /home/ws/install/kinova_gen3_control_interfaces/share/kinova_gen3_control_interfaces/package.dsv
[0.530s] -- Up-to-date: /home/ws/install/kinova_gen3_control_interfaces/share/ament_index/resource_index/packages/kinova_gen3_control_interfaces
[0.530s] -- Up-to-date: /home/ws/install/kinova_gen3_control_interfaces/share/kinova_gen3_control_interfaces/cmake/export_kinova_gen3_control_interfaces__rosidl_generator_cExport.cmake
[0.530s] -- Up-to-date: /home/ws/install/kinova_gen3_control_interfaces/share/kinova_gen3_control_interfaces/cmake/export_kinova_gen3_control_interfaces__rosidl_generator_cExport-noconfig.cmake
[0.530s] -- Up-to-date: /home/ws/install/kinova_gen3_control_interfaces/share/kinova_gen3_control_interfaces/cmake/export_kinova_gen3_control_interfaces__rosidl_typesupport_fastrtps_cExport.cmake
[0.531s] -- Up-to-date: /home/ws/install/kinova_gen3_control_interfaces/share/kinova_gen3_control_interfaces/cmake/export_kinova_gen3_control_interfaces__rosidl_typesupport_fastrtps_cExport-noconfig.cmake
[0.531s] -- Up-to-date: /home/ws/install/kinova_gen3_control_interfaces/share/kinova_gen3_control_interfaces/cmake/export_kinova_gen3_control_interfaces__rosidl_generator_cppExport.cmake
[0.531s] -- Up-to-date: /home/ws/install/kinova_gen3_control_interfaces/share/kinova_gen3_control_interfaces/cmake/export_kinova_gen3_control_interfaces__rosidl_typesupport_fastrtps_cppExport.cmake
[0.531s] -- Up-to-date: /home/ws/install/kinova_gen3_control_interfaces/share/kinova_gen3_control_interfaces/cmake/export_kinova_gen3_control_interfaces__rosidl_typesupport_fastrtps_cppExport-noconfig.cmake
[0.531s] -- Up-to-date: /home/ws/install/kinova_gen3_control_interfaces/share/kinova_gen3_control_interfaces/cmake/kinova_gen3_control_interfaces__rosidl_typesupport_introspection_cExport.cmake
[0.531s] -- Up-to-date: /home/ws/install/kinova_gen3_control_interfaces/share/kinova_gen3_control_interfaces/cmake/kinova_gen3_control_interfaces__rosidl_typesupport_introspection_cExport-noconfig.cmake
[0.532s] -- Up-to-date: /home/ws/install/kinova_gen3_control_interfaces/share/kinova_gen3_control_interfaces/cmake/kinova_gen3_control_interfaces__rosidl_typesupport_cExport.cmake
[0.532s] -- Up-to-date: /home/ws/install/kinova_gen3_control_interfaces/share/kinova_gen3_control_interfaces/cmake/kinova_gen3_control_interfaces__rosidl_typesupport_cExport-noconfig.cmake
[0.532s] -- Up-to-date: /home/ws/install/kinova_gen3_control_interfaces/share/kinova_gen3_control_interfaces/cmake/kinova_gen3_control_interfaces__rosidl_typesupport_introspection_cppExport.cmake
[0.532s] -- Up-to-date: /home/ws/install/kinova_gen3_control_interfaces/share/kinova_gen3_control_interfaces/cmake/kinova_gen3_control_interfaces__rosidl_typesupport_introspection_cppExport-noconfig.cmake
[0.532s] -- Up-to-date: /home/ws/install/kinova_gen3_control_interfaces/share/kinova_gen3_control_interfaces/cmake/kinova_gen3_control_interfaces__rosidl_typesupport_cppExport.cmake
[0.532s] -- Up-to-date: /home/ws/install/kinova_gen3_control_interfaces/share/kinova_gen3_control_interfaces/cmake/kinova_gen3_control_interfaces__rosidl_typesupport_cppExport-noconfig.cmake
[0.533s] -- Up-to-date: /home/ws/install/kinova_gen3_control_interfaces/share/kinova_gen3_control_interfaces/cmake/export_kinova_gen3_control_interfaces__rosidl_generator_pyExport.cmake
[0.533s] -- Up-to-date: /home/ws/install/kinova_gen3_control_interfaces/share/kinova_gen3_control_interfaces/cmake/export_kinova_gen3_control_interfaces__rosidl_generator_pyExport-noconfig.cmake
[0.533s] -- Up-to-date: /home/ws/install/kinova_gen3_control_interfaces/share/kinova_gen3_control_interfaces/cmake/rosidl_cmake-extras.cmake
[0.533s] -- Up-to-date: /home/ws/install/kinova_gen3_control_interfaces/share/kinova_gen3_control_interfaces/cmake/ament_cmake_export_dependencies-extras.cmake
[0.533s] -- Up-to-date: /home/ws/install/kinova_gen3_control_interfaces/share/kinova_gen3_control_interfaces/cmake/ament_cmake_export_include_directories-extras.cmake
[0.533s] -- Up-to-date: /home/ws/install/kinova_gen3_control_interfaces/share/kinova_gen3_control_interfaces/cmake/ament_cmake_export_libraries-extras.cmake
[0.533s] -- Up-to-date: /home/ws/install/kinova_gen3_control_interfaces/share/kinova_gen3_control_interfaces/cmake/ament_cmake_export_targets-extras.cmake
[0.533s] -- Up-to-date: /home/ws/install/kinova_gen3_control_interfaces/share/kinova_gen3_control_interfaces/cmake/rosidl_cmake_export_typesupport_targets-extras.cmake
[0.533s] -- Up-to-date: /home/ws/install/kinova_gen3_control_interfaces/share/kinova_gen3_control_interfaces/cmake/rosidl_cmake_export_typesupport_libraries-extras.cmake
[0.533s] -- Up-to-date: /home/ws/install/kinova_gen3_control_interfaces/share/kinova_gen3_control_interfaces/cmake/kinova_gen3_control_interfacesConfig.cmake
[0.533s] -- Up-to-date: /home/ws/install/kinova_gen3_control_interfaces/share/kinova_gen3_control_interfaces/cmake/kinova_gen3_control_interfacesConfig-version.cmake
[0.533s] -- Up-to-date: /home/ws/install/kinova_gen3_control_interfaces/share/kinova_gen3_control_interfaces/package.xml
[0.536s] Invoked command in '/home/ws/build/kinova_gen3_control_interfaces' returned '0': CMAKE_PREFIX_PATH=${CMAKE_PREFIX_PATH}:/opt/ros/humble /usr/bin/cmake --install /home/ws/build/kinova_gen3_control_interfaces
